<html>
<head>
<title>TestNG:  Admin_Merchants_Reastaurant_Page_Testcases</title>
<link href="../testng.css" rel="stylesheet" type="text/css" />
<link href="../my-testng.css" rel="stylesheet" type="text/css" />

<style type="text/css">
.log { display: none;} 
.stack-trace { display: none;} 
</style>
<script type="text/javascript">
<!--
function flip(e) {
  current = e.style.display;
  if (current == 'block') {
    e.style.display = 'none';
    return 0;
  }
  else {
    e.style.display = 'block';
    return 1;
  }
}

function toggleBox(szDivId, elem, msg1, msg2)
{
  var res = -1;  if (document.getElementById) {
    res = flip(document.getElementById(szDivId));
  }
  else if (document.all) {
    // this is the way old msie versions work
    res = flip(document.all[szDivId]);
  }
  if(elem) {
    if(res == 0) elem.innerHTML = msg1; else elem.innerHTML = msg2;
  }

}

function toggleAllBoxes() {
  if (document.getElementsByTagName) {
    d = document.getElementsByTagName('div');
    for (i = 0; i < d.length; i++) {
      if (d[i].className == 'log') {
        flip(d[i]);
      }
    }
  }
}

// -->
</script>

</head>
<body>
<h2 align='center'>Admin_Merchants_Reastaurant_Page_Testcases</h2><table border='1' align="center">
<tr>
<td>Tests passed/Failed/Skipped:</td><td>31/4/0</td>
</tr><tr>
<td>Started on:</td><td>Wed May 11 17:44:12 IST 2022</td>
</tr>
<tr><td>Total time:</td><td>159 seconds (159938 ms)</td>
</tr><tr>
<td>Included groups:</td><td></td>
</tr><tr>
<td>Excluded groups:</td><td></td>
</tr>
</table><p/>
<small><i>(Hover the method name to see the test class name)</i></small><p/>
<table width='100%' border='1' class='invocation-failed'>
<tr><td colspan='4' align='center'><b>FAILED TESTS</b></td></tr>
<tr><td><b>Test method</b></td>
<td width="30%"><b>Exception</b></td>
<td width="10%"><b>Time (seconds)</b></td>
<td><b>Instance</b></td>
</tr>
<tr>
<td title='Testcases2.Admin_Merchants_Reastaurant_Page_Testcases.Check_Merchants_webpage_title()'><b>Check_Merchants_webpage_title</b><br>Test class: Testcases2.Admin_Merchants_Reastaurant_Page_Testcases</td>
<td><div><pre>java.lang.AssertionError: expected [WAIU - Merchants] but found [WAIU - Merchants (v-1.0.6)]
	at Testcases2.Admin_Merchants_Reastaurant_Page_Testcases.Check_Merchants_webpage_title(Admin_Merchants_Reastaurant_Page_Testcases.java:72)
... Removed 29 stack frames</pre></div><a href='#' onClick='toggleBox("stack-trace1658520865", this, "Click to show all stack frames", "Click to hide stack frames")'>Click to show all stack frames</a>
<div class='stack-trace' id='stack-trace1658520865'><pre>java.lang.AssertionError: expected [WAIU - Merchants] but found [WAIU - Merchants (v-1.0.6)]
	at org.testng.Assert.fail(Assert.java:94)
	at org.testng.Assert.failNotEquals(Assert.java:494)
	at org.testng.Assert.assertEquals(Assert.java:123)
	at org.testng.Assert.assertEquals(Assert.java:176)
	at org.testng.Assert.assertEquals(Assert.java:186)
	at Testcases2.Admin_Merchants_Reastaurant_Page_Testcases.Check_Merchants_webpage_title(Admin_Merchants_Reastaurant_Page_Testcases.java:72)
	at java.base/jdk.internal.reflect.NativeMethodAccessorImpl.invoke0(Native Method)
	at java.base/jdk.internal.reflect.NativeMethodAccessorImpl.invoke(NativeMethodAccessorImpl.java:78)
	at java.base/jdk.internal.reflect.DelegatingMethodAccessorImpl.invoke(DelegatingMethodAccessorImpl.java:43)
	at java.base/java.lang.reflect.Method.invoke(Method.java:567)
	at org.testng.internal.MethodInvocationHelper.invokeMethod(MethodInvocationHelper.java:80)
	at org.testng.internal.Invoker.invokeMethod(Invoker.java:714)
	at org.testng.internal.Invoker.invokeTestMethod(Invoker.java:901)
	at org.testng.internal.Invoker.invokeTestMethods(Invoker.java:1231)
	at org.testng.internal.TestMethodWorker.invokeTestMethods(TestMethodWorker.java:127)
	at org.testng.internal.TestMethodWorker.run(TestMethodWorker.java:111)
	at org.testng.TestRunner.privateRun(TestRunner.java:767)
	at org.testng.TestRunner.run(TestRunner.java:617)
	at org.testng.SuiteRunner.runTest(SuiteRunner.java:334)
	at org.testng.SuiteRunner.runSequentially(SuiteRunner.java:329)
	at org.testng.SuiteRunner.privateRun(SuiteRunner.java:291)
	at org.testng.SuiteRunner.run(SuiteRunner.java:240)
	at org.testng.SuiteRunnerWorker.runSuite(SuiteRunnerWorker.java:52)
	at org.testng.SuiteRunnerWorker.run(SuiteRunnerWorker.java:86)
	at org.testng.TestNG.runSuitesSequentially(TestNG.java:1198)
	at org.testng.TestNG.runSuitesLocally(TestNG.java:1123)
	at org.testng.TestNG.run(TestNG.java:1031)
	at org.testng.remote.AbstractRemoteTestNG.run(AbstractRemoteTestNG.java:115)
	at org.testng.remote.RemoteTestNG.initAndRun(RemoteTestNG.java:251)
	at org.testng.remote.RemoteTestNG.main(RemoteTestNG.java:77)
</pre></div></td>
<td>0</td>
<td>Testcases2.Admin_Merchants_Reastaurant_Page_Testcases@3e08ff24</td></tr>
<tr>
<td title='Testcases2.Admin_Merchants_Reastaurant_Page_Testcases.Clear_functionlity()'><b>Clear_functionlity</b><br>Test class: Testcases2.Admin_Merchants_Reastaurant_Page_Testcases</td>
<td><div><pre>java.lang.AssertionError: null
	at Testcases2.Admin_Merchants_Reastaurant_Page_Testcases.Clear_functionlity(Admin_Merchants_Reastaurant_Page_Testcases.java:316)
... Removed 27 stack frames</pre></div><a href='#' onClick='toggleBox("stack-trace734230775", this, "Click to show all stack frames", "Click to hide stack frames")'>Click to show all stack frames</a>
<div class='stack-trace' id='stack-trace734230775'><pre>java.lang.AssertionError: null
	at org.testng.Assert.fail(Assert.java:94)
	at org.testng.Assert.assertNotEquals(Assert.java:758)
	at org.testng.Assert.assertNotEquals(Assert.java:763)
	at Testcases2.Admin_Merchants_Reastaurant_Page_Testcases.Clear_functionlity(Admin_Merchants_Reastaurant_Page_Testcases.java:316)
	at java.base/jdk.internal.reflect.NativeMethodAccessorImpl.invoke0(Native Method)
	at java.base/jdk.internal.reflect.NativeMethodAccessorImpl.invoke(NativeMethodAccessorImpl.java:78)
	at java.base/jdk.internal.reflect.DelegatingMethodAccessorImpl.invoke(DelegatingMethodAccessorImpl.java:43)
	at java.base/java.lang.reflect.Method.invoke(Method.java:567)
	at org.testng.internal.MethodInvocationHelper.invokeMethod(MethodInvocationHelper.java:80)
	at org.testng.internal.Invoker.invokeMethod(Invoker.java:714)
	at org.testng.internal.Invoker.invokeTestMethod(Invoker.java:901)
	at org.testng.internal.Invoker.invokeTestMethods(Invoker.java:1231)
	at org.testng.internal.TestMethodWorker.invokeTestMethods(TestMethodWorker.java:127)
	at org.testng.internal.TestMethodWorker.run(TestMethodWorker.java:111)
	at org.testng.TestRunner.privateRun(TestRunner.java:767)
	at org.testng.TestRunner.run(TestRunner.java:617)
	at org.testng.SuiteRunner.runTest(SuiteRunner.java:334)
	at org.testng.SuiteRunner.runSequentially(SuiteRunner.java:329)
	at org.testng.SuiteRunner.privateRun(SuiteRunner.java:291)
	at org.testng.SuiteRunner.run(SuiteRunner.java:240)
	at org.testng.SuiteRunnerWorker.runSuite(SuiteRunnerWorker.java:52)
	at org.testng.SuiteRunnerWorker.run(SuiteRunnerWorker.java:86)
	at org.testng.TestNG.runSuitesSequentially(TestNG.java:1198)
	at org.testng.TestNG.runSuitesLocally(TestNG.java:1123)
	at org.testng.TestNG.run(TestNG.java:1031)
	at org.testng.remote.AbstractRemoteTestNG.run(AbstractRemoteTestNG.java:115)
	at org.testng.remote.RemoteTestNG.initAndRun(RemoteTestNG.java:251)
	at org.testng.remote.RemoteTestNG.main(RemoteTestNG.java:77)
</pre></div></td>
<td>13</td>
<td>Testcases2.Admin_Merchants_Reastaurant_Page_Testcases@3e08ff24</td></tr>
<tr>
<td title='Testcases2.Admin_Merchants_Reastaurant_Page_Testcases.add_restaurant()'><b>add_restaurant</b><br>Test class: Testcases2.Admin_Merchants_Reastaurant_Page_Testcases</td>
<td><div><pre>org.openqa.selenium.NoSuchElementException: Cannot locate option with text: Achalpur
For documentation on this error, please visit: https://selenium.dev/exceptions/#no_such_element
Build info: version: &apos;4.0.0-alpha-4&apos;, revision: &apos;c2d955b49e&apos;
System info: host: &apos;DESKTOP-P4GJM8J&apos;, ip: &apos;192.168.0.161&apos;, os.name: &apos;Windows 10&apos;, os.arch: &apos;amd64&apos;, os.version: &apos;10.0&apos;, java.version: &apos;16.0.2&apos;
Driver info: driver.version: unknown
	at org.openqa.selenium.support.ui.Select.selectByVisibleText(Select.java:148)
	at Testcases2.Admin_Merchants_Reastaurant_Page_Testcases.add_restaurant(Admin_Merchants_Reastaurant_Page_Testcases.java:382)
... Removed 24 stack frames</pre></div><a href='#' onClick='toggleBox("stack-trace607676473", this, "Click to show all stack frames", "Click to hide stack frames")'>Click to show all stack frames</a>
<div class='stack-trace' id='stack-trace607676473'><pre>org.openqa.selenium.NoSuchElementException: Cannot locate option with text: Achalpur
For documentation on this error, please visit: https://selenium.dev/exceptions/#no_such_element
Build info: version: &apos;4.0.0-alpha-4&apos;, revision: &apos;c2d955b49e&apos;
System info: host: &apos;DESKTOP-P4GJM8J&apos;, ip: &apos;192.168.0.161&apos;, os.name: &apos;Windows 10&apos;, os.arch: &apos;amd64&apos;, os.version: &apos;10.0&apos;, java.version: &apos;16.0.2&apos;
Driver info: driver.version: unknown
	at org.openqa.selenium.support.ui.Select.selectByVisibleText(Select.java:148)
	at Testcases2.Admin_Merchants_Reastaurant_Page_Testcases.add_restaurant(Admin_Merchants_Reastaurant_Page_Testcases.java:382)
	at java.base/jdk.internal.reflect.NativeMethodAccessorImpl.invoke0(Native Method)
	at java.base/jdk.internal.reflect.NativeMethodAccessorImpl.invoke(NativeMethodAccessorImpl.java:78)
	at java.base/jdk.internal.reflect.DelegatingMethodAccessorImpl.invoke(DelegatingMethodAccessorImpl.java:43)
	at java.base/java.lang.reflect.Method.invoke(Method.java:567)
	at org.testng.internal.MethodInvocationHelper.invokeMethod(MethodInvocationHelper.java:80)
	at org.testng.internal.Invoker.invokeMethod(Invoker.java:714)
	at org.testng.internal.Invoker.invokeTestMethod(Invoker.java:901)
	at org.testng.internal.Invoker.invokeTestMethods(Invoker.java:1231)
	at org.testng.internal.TestMethodWorker.invokeTestMethods(TestMethodWorker.java:127)
	at org.testng.internal.TestMethodWorker.run(TestMethodWorker.java:111)
	at org.testng.TestRunner.privateRun(TestRunner.java:767)
	at org.testng.TestRunner.run(TestRunner.java:617)
	at org.testng.SuiteRunner.runTest(SuiteRunner.java:334)
	at org.testng.SuiteRunner.runSequentially(SuiteRunner.java:329)
	at org.testng.SuiteRunner.privateRun(SuiteRunner.java:291)
	at org.testng.SuiteRunner.run(SuiteRunner.java:240)
	at org.testng.SuiteRunnerWorker.runSuite(SuiteRunnerWorker.java:52)
	at org.testng.SuiteRunnerWorker.run(SuiteRunnerWorker.java:86)
	at org.testng.TestNG.runSuitesSequentially(TestNG.java:1198)
	at org.testng.TestNG.runSuitesLocally(TestNG.java:1123)
	at org.testng.TestNG.run(TestNG.java:1031)
	at org.testng.remote.AbstractRemoteTestNG.run(AbstractRemoteTestNG.java:115)
	at org.testng.remote.RemoteTestNG.initAndRun(RemoteTestNG.java:251)
	at org.testng.remote.RemoteTestNG.main(RemoteTestNG.java:77)
</pre></div></td>
<td>48</td>
<td>Testcases2.Admin_Merchants_Reastaurant_Page_Testcases@3e08ff24</td></tr>
<tr>
<td title='Testcases2.Admin_Merchants_Reastaurant_Page_Testcases.placeholder_text_of_Search_field()'><b>placeholder_text_of_Search_field</b><br>Test class: Testcases2.Admin_Merchants_Reastaurant_Page_Testcases</td>
<td><div><pre>java.lang.AssertionError: expected [Search Keyword] but found []
	at Testcases2.Admin_Merchants_Reastaurant_Page_Testcases.placeholder_text_of_Search_field(Admin_Merchants_Reastaurant_Page_Testcases.java:285)
... Removed 29 stack frames</pre></div><a href='#' onClick='toggleBox("stack-trace1268237485", this, "Click to show all stack frames", "Click to hide stack frames")'>Click to show all stack frames</a>
<div class='stack-trace' id='stack-trace1268237485'><pre>java.lang.AssertionError: expected [Search Keyword] but found []
	at org.testng.Assert.fail(Assert.java:94)
	at org.testng.Assert.failNotEquals(Assert.java:494)
	at org.testng.Assert.assertEquals(Assert.java:123)
	at org.testng.Assert.assertEquals(Assert.java:176)
	at org.testng.Assert.assertEquals(Assert.java:186)
	at Testcases2.Admin_Merchants_Reastaurant_Page_Testcases.placeholder_text_of_Search_field(Admin_Merchants_Reastaurant_Page_Testcases.java:285)
	at java.base/jdk.internal.reflect.NativeMethodAccessorImpl.invoke0(Native Method)
	at java.base/jdk.internal.reflect.NativeMethodAccessorImpl.invoke(NativeMethodAccessorImpl.java:78)
	at java.base/jdk.internal.reflect.DelegatingMethodAccessorImpl.invoke(DelegatingMethodAccessorImpl.java:43)
	at java.base/java.lang.reflect.Method.invoke(Method.java:567)
	at org.testng.internal.MethodInvocationHelper.invokeMethod(MethodInvocationHelper.java:80)
	at org.testng.internal.Invoker.invokeMethod(Invoker.java:714)
	at org.testng.internal.Invoker.invokeTestMethod(Invoker.java:901)
	at org.testng.internal.Invoker.invokeTestMethods(Invoker.java:1231)
	at org.testng.internal.TestMethodWorker.invokeTestMethods(TestMethodWorker.java:127)
	at org.testng.internal.TestMethodWorker.run(TestMethodWorker.java:111)
	at org.testng.TestRunner.privateRun(TestRunner.java:767)
	at org.testng.TestRunner.run(TestRunner.java:617)
	at org.testng.SuiteRunner.runTest(SuiteRunner.java:334)
	at org.testng.SuiteRunner.runSequentially(SuiteRunner.java:329)
	at org.testng.SuiteRunner.privateRun(SuiteRunner.java:291)
	at org.testng.SuiteRunner.run(SuiteRunner.java:240)
	at org.testng.SuiteRunnerWorker.runSuite(SuiteRunnerWorker.java:52)
	at org.testng.SuiteRunnerWorker.run(SuiteRunnerWorker.java:86)
	at org.testng.TestNG.runSuitesSequentially(TestNG.java:1198)
	at org.testng.TestNG.runSuitesLocally(TestNG.java:1123)
	at org.testng.TestNG.run(TestNG.java:1031)
	at org.testng.remote.AbstractRemoteTestNG.run(AbstractRemoteTestNG.java:115)
	at org.testng.remote.RemoteTestNG.initAndRun(RemoteTestNG.java:251)
	at org.testng.remote.RemoteTestNG.main(RemoteTestNG.java:77)
</pre></div></td>
<td>10</td>
<td>Testcases2.Admin_Merchants_Reastaurant_Page_Testcases@3e08ff24</td></tr>
</table><p>
<table width='100%' border='1' class='invocation-passed'>
<tr><td colspan='4' align='center'><b>PASSED TESTS</b></td></tr>
<tr><td><b>Test method</b></td>
<td width="30%"><b>Exception</b></td>
<td width="10%"><b>Time (seconds)</b></td>
<td><b>Instance</b></td>
</tr>
<tr>
<td title='Testcases2.Admin_Merchants_Reastaurant_Page_Testcases.Check_Add_merchant_button_clickable()'><b>Check_Add_merchant_button_clickable</b><br>Test class: Testcases2.Admin_Merchants_Reastaurant_Page_Testcases</td>
<td></td>
<td>5</td>
<td>Testcases2.Admin_Merchants_Reastaurant_Page_Testcases@3e08ff24</td></tr>
<tr>
<td title='Testcases2.Admin_Merchants_Reastaurant_Page_Testcases.Check_Add_merchant_button_display()'><b>Check_Add_merchant_button_display</b><br>Test class: Testcases2.Admin_Merchants_Reastaurant_Page_Testcases</td>
<td></td>
<td>0</td>
<td>Testcases2.Admin_Merchants_Reastaurant_Page_Testcases@3e08ff24</td></tr>
<tr>
<td title='Testcases2.Admin_Merchants_Reastaurant_Page_Testcases.Check_Add_merchant_icon_clickable()'><b>Check_Add_merchant_icon_clickable</b><br>Test class: Testcases2.Admin_Merchants_Reastaurant_Page_Testcases</td>
<td></td>
<td>10</td>
<td>Testcases2.Admin_Merchants_Reastaurant_Page_Testcases@3e08ff24</td></tr>
<tr>
<td title='Testcases2.Admin_Merchants_Reastaurant_Page_Testcases.Check_Add_merchant_icon_display()'><b>Check_Add_merchant_icon_display</b><br>Test class: Testcases2.Admin_Merchants_Reastaurant_Page_Testcases</td>
<td></td>
<td>0</td>
<td>Testcases2.Admin_Merchants_Reastaurant_Page_Testcases@3e08ff24</td></tr>
<tr>
<td title='Testcases2.Admin_Merchants_Reastaurant_Page_Testcases.Check_Admin_menu_clickable()'><b>Check_Admin_menu_clickable</b><br>Test class: Testcases2.Admin_Merchants_Reastaurant_Page_Testcases</td>
<td></td>
<td>5</td>
<td>Testcases2.Admin_Merchants_Reastaurant_Page_Testcases@3e08ff24</td></tr>
<tr>
<td title='Testcases2.Admin_Merchants_Reastaurant_Page_Testcases.Check_City_field_display()'><b>Check_City_field_display</b><br>Test class: Testcases2.Admin_Merchants_Reastaurant_Page_Testcases</td>
<td></td>
<td>0</td>
<td>Testcases2.Admin_Merchants_Reastaurant_Page_Testcases@3e08ff24</td></tr>
<tr>
<td title='Testcases2.Admin_Merchants_Reastaurant_Page_Testcases.Check_Clear_field_display()'><b>Check_Clear_field_display</b><br>Test class: Testcases2.Admin_Merchants_Reastaurant_Page_Testcases</td>
<td></td>
<td>10</td>
<td>Testcases2.Admin_Merchants_Reastaurant_Page_Testcases@3e08ff24</td></tr>
<tr>
<td title='Testcases2.Admin_Merchants_Reastaurant_Page_Testcases.Check_Merchant_field_display()'><b>Check_Merchant_field_display</b><br>Test class: Testcases2.Admin_Merchants_Reastaurant_Page_Testcases</td>
<td></td>
<td>0</td>
<td>Testcases2.Admin_Merchants_Reastaurant_Page_Testcases@3e08ff24</td></tr>
<tr>
<td title='Testcases2.Admin_Merchants_Reastaurant_Page_Testcases.Check_Merchants_menu_Clickable()'><b>Check_Merchants_menu_Clickable</b><br>Test class: Testcases2.Admin_Merchants_Reastaurant_Page_Testcases</td>
<td></td>
<td>5</td>
<td>Testcases2.Admin_Merchants_Reastaurant_Page_Testcases@3e08ff24</td></tr>
<tr>
<td title='Testcases2.Admin_Merchants_Reastaurant_Page_Testcases.Check_Merchants_menu_display()'><b>Check_Merchants_menu_display</b><br>Test class: Testcases2.Admin_Merchants_Reastaurant_Page_Testcases</td>
<td></td>
<td>0</td>
<td>Testcases2.Admin_Merchants_Reastaurant_Page_Testcases@3e08ff24</td></tr>
<tr>
<td title='Testcases2.Admin_Merchants_Reastaurant_Page_Testcases.Check_Searh_field_display()'><b>Check_Searh_field_display</b><br>Test class: Testcases2.Admin_Merchants_Reastaurant_Page_Testcases</td>
<td></td>
<td>7</td>
<td>Testcases2.Admin_Merchants_Reastaurant_Page_Testcases@3e08ff24</td></tr>
<tr>
<td title='Testcases2.Admin_Merchants_Reastaurant_Page_Testcases.Check_Searh_icon_display()'><b>Check_Searh_icon_display</b><br>Test class: Testcases2.Admin_Merchants_Reastaurant_Page_Testcases</td>
<td></td>
<td>0</td>
<td>Testcases2.Admin_Merchants_Reastaurant_Page_Testcases@3e08ff24</td></tr>
<tr>
<td title='Testcases2.Admin_Merchants_Reastaurant_Page_Testcases.Check_State_field_display()'><b>Check_State_field_display</b><br>Test class: Testcases2.Admin_Merchants_Reastaurant_Page_Testcases</td>
<td></td>
<td>0</td>
<td>Testcases2.Admin_Merchants_Reastaurant_Page_Testcases@3e08ff24</td></tr>
<tr>
<td title='Testcases2.Admin_Merchants_Reastaurant_Page_Testcases.Check_Status_field_display()'><b>Check_Status_field_display</b><br>Test class: Testcases2.Admin_Merchants_Reastaurant_Page_Testcases</td>
<td></td>
<td>0</td>
<td>Testcases2.Admin_Merchants_Reastaurant_Page_Testcases@3e08ff24</td></tr>
<tr>
<td title='Testcases2.Admin_Merchants_Reastaurant_Page_Testcases.City_field_label_text()'><b>City_field_label_text</b><br>Test class: Testcases2.Admin_Merchants_Reastaurant_Page_Testcases</td>
<td></td>
<td>7</td>
<td>Testcases2.Admin_Merchants_Reastaurant_Page_Testcases@3e08ff24</td></tr>
<tr>
<td title='Testcases2.Admin_Merchants_Reastaurant_Page_Testcases.Login()'><b>Login</b><br>Test class: Testcases2.Admin_Merchants_Reastaurant_Page_Testcases</td>
<td></td>
<td>19</td>
<td>Testcases2.Admin_Merchants_Reastaurant_Page_Testcases@3e08ff24</td></tr>
<tr>
<td title='Testcases2.Admin_Merchants_Reastaurant_Page_Testcases.Merchants_field_label_text()'><b>Merchants_field_label_text</b><br>Test class: Testcases2.Admin_Merchants_Reastaurant_Page_Testcases</td>
<td></td>
<td>0</td>
<td>Testcases2.Admin_Merchants_Reastaurant_Page_Testcases@3e08ff24</td></tr>
<tr>
<td title='Testcases2.Admin_Merchants_Reastaurant_Page_Testcases.Search_functionlity()'><b>Search_functionlity</b><br>Test class: Testcases2.Admin_Merchants_Reastaurant_Page_Testcases</td>
<td></td>
<td>0</td>
<td>Testcases2.Admin_Merchants_Reastaurant_Page_Testcases@3e08ff24</td></tr>
<tr>
<td title='Testcases2.Admin_Merchants_Reastaurant_Page_Testcases.Select_Active_Status_Type()'><b>Select_Active_Status_Type</b><br>Test class: Testcases2.Admin_Merchants_Reastaurant_Page_Testcases</td>
<td></td>
<td>0</td>
<td>Testcases2.Admin_Merchants_Reastaurant_Page_Testcases@3e08ff24</td></tr>
<tr>
<td title='Testcases2.Admin_Merchants_Reastaurant_Page_Testcases.Select_City_option_from_dropdownlist()'><b>Select_City_option_from_dropdownlist</b><br>Test class: Testcases2.Admin_Merchants_Reastaurant_Page_Testcases</td>
<td></td>
<td>6</td>
<td>Testcases2.Admin_Merchants_Reastaurant_Page_Testcases@3e08ff24</td></tr>
<tr>
<td title='Testcases2.Admin_Merchants_Reastaurant_Page_Testcases.Select_Hotel_Merchant_Type()'><b>Select_Hotel_Merchant_Type</b><br>Test class: Testcases2.Admin_Merchants_Reastaurant_Page_Testcases</td>
<td></td>
<td>0</td>
<td>Testcases2.Admin_Merchants_Reastaurant_Page_Testcases@3e08ff24</td></tr>
<tr>
<td title='Testcases2.Admin_Merchants_Reastaurant_Page_Testcases.Select_InActive_Status_Type()'><b>Select_InActive_Status_Type</b><br>Test class: Testcases2.Admin_Merchants_Reastaurant_Page_Testcases</td>
<td></td>
<td>0</td>
<td>Testcases2.Admin_Merchants_Reastaurant_Page_Testcases@3e08ff24</td></tr>
<tr>
<td title='Testcases2.Admin_Merchants_Reastaurant_Page_Testcases.Select_Reastaurant_Merchant_Type()'><b>Select_Reastaurant_Merchant_Type</b><br>Test class: Testcases2.Admin_Merchants_Reastaurant_Page_Testcases</td>
<td></td>
<td>0</td>
<td>Testcases2.Admin_Merchants_Reastaurant_Page_Testcases@3e08ff24</td></tr>
<tr>
<td title='Testcases2.Admin_Merchants_Reastaurant_Page_Testcases.Select_state_option_from_dropdownlist()'><b>Select_state_option_from_dropdownlist</b><br>Test class: Testcases2.Admin_Merchants_Reastaurant_Page_Testcases</td>
<td></td>
<td>0</td>
<td>Testcases2.Admin_Merchants_Reastaurant_Page_Testcases@3e08ff24</td></tr>
<tr>
<td title='Testcases2.Admin_Merchants_Reastaurant_Page_Testcases.State_field_label_text()'><b>State_field_label_text</b><br>Test class: Testcases2.Admin_Merchants_Reastaurant_Page_Testcases</td>
<td></td>
<td>0</td>
<td>Testcases2.Admin_Merchants_Reastaurant_Page_Testcases@3e08ff24</td></tr>
<tr>
<td title='Testcases2.Admin_Merchants_Reastaurant_Page_Testcases.Status_field_label_text()'><b>Status_field_label_text</b><br>Test class: Testcases2.Admin_Merchants_Reastaurant_Page_Testcases</td>
<td></td>
<td>0</td>
<td>Testcases2.Admin_Merchants_Reastaurant_Page_Testcases@3e08ff24</td></tr>
<tr>
<td title='Testcases2.Admin_Merchants_Reastaurant_Page_Testcases.check_Merchants_page_header()'><b>check_Merchants_page_header</b><br>Test class: Testcases2.Admin_Merchants_Reastaurant_Page_Testcases</td>
<td></td>
<td>0</td>
<td>Testcases2.Admin_Merchants_Reastaurant_Page_Testcases@3e08ff24</td></tr>
<tr>
<td title='Testcases2.Admin_Merchants_Reastaurant_Page_Testcases.placeholder_text_of_City_field()'><b>placeholder_text_of_City_field</b><br>Test class: Testcases2.Admin_Merchants_Reastaurant_Page_Testcases</td>
<td></td>
<td>0</td>
<td>Testcases2.Admin_Merchants_Reastaurant_Page_Testcases@3e08ff24</td></tr>
<tr>
<td title='Testcases2.Admin_Merchants_Reastaurant_Page_Testcases.placeholder_text_of_Merchants_field()'><b>placeholder_text_of_Merchants_field</b><br>Test class: Testcases2.Admin_Merchants_Reastaurant_Page_Testcases</td>
<td></td>
<td>0</td>
<td>Testcases2.Admin_Merchants_Reastaurant_Page_Testcases@3e08ff24</td></tr>
<tr>
<td title='Testcases2.Admin_Merchants_Reastaurant_Page_Testcases.placeholder_text_of_State_field()'><b>placeholder_text_of_State_field</b><br>Test class: Testcases2.Admin_Merchants_Reastaurant_Page_Testcases</td>
<td></td>
<td>0</td>
<td>Testcases2.Admin_Merchants_Reastaurant_Page_Testcases@3e08ff24</td></tr>
<tr>
<td title='Testcases2.Admin_Merchants_Reastaurant_Page_Testcases.placeholder_text_of_Status_field()'><b>placeholder_text_of_Status_field</b><br>Test class: Testcases2.Admin_Merchants_Reastaurant_Page_Testcases</td>
<td></td>
<td>0</td>
<td>Testcases2.Admin_Merchants_Reastaurant_Page_Testcases@3e08ff24</td></tr>
</table><p>
</body>
</html>