<?xml version="1.0" encoding="UTF-8"?>
<!-- Generated by org.testng.reporters.JUnitXMLReporter -->
<testsuite hostname="DESKTOP-P4GJM8J" failures="4" tests="35" name="Admin_Merchants_Reastaurant_Page_Testcases" time="159.938" errors="0" timestamp="11 May 2022 12:16:52 GMT">
  <testcase classname="Testcases2.Admin_Merchants_Reastaurant_Page_Testcases" name="Login" time="19.699"/>
  <testcase classname="Testcases2.Admin_Merchants_Reastaurant_Page_Testcases" name="Check_Admin_menu_clickable" time="5.65"/>
  <testcase classname="Testcases2.Admin_Merchants_Reastaurant_Page_Testcases" name="Check_Merchants_menu_display" time="0.12"/>
  <testcase classname="Testcases2.Admin_Merchants_Reastaurant_Page_Testcases" name="Check_Merchants_menu_Clickable" time="5.116"/>
  <testcase classname="Testcases2.Admin_Merchants_Reastaurant_Page_Testcases" name="Check_Merchants_webpage_title" time="0.022">
    <failure type="java.lang.AssertionError" message="expected [WAIU - Merchants] but found [WAIU - Merchants (v-1.0.6)]">
      <![CDATA[java.lang.AssertionError: expected [WAIU - Merchants] but found [WAIU - Merchants (v-1.0.6)]
	at Testcases2.Admin_Merchants_Reastaurant_Page_Testcases.Check_Merchants_webpage_title(Admin_Merchants_Reastaurant_Page_Testcases.java:72)
... Removed 29 stack frames]]>
    </failure>
  </testcase> <!-- Check_Merchants_webpage_title -->
  <testcase classname="Testcases2.Admin_Merchants_Reastaurant_Page_Testcases" name="check_Merchants_page_header" time="0.069"/>
  <testcase classname="Testcases2.Admin_Merchants_Reastaurant_Page_Testcases" name="Merchants_field_label_text" time="0.052"/>
  <testcase classname="Testcases2.Admin_Merchants_Reastaurant_Page_Testcases" name="Check_Merchant_field_display" time="0.068"/>
  <testcase classname="Testcases2.Admin_Merchants_Reastaurant_Page_Testcases" name="placeholder_text_of_Merchants_field" time="0.185"/>
  <testcase classname="Testcases2.Admin_Merchants_Reastaurant_Page_Testcases" name="Select_Reastaurant_Merchant_Type" time="0.343"/>
  <testcase classname="Testcases2.Admin_Merchants_Reastaurant_Page_Testcases" name="Select_Hotel_Merchant_Type" time="0.406"/>
  <testcase classname="Testcases2.Admin_Merchants_Reastaurant_Page_Testcases" name="Status_field_label_text" time="0.047"/>
  <testcase classname="Testcases2.Admin_Merchants_Reastaurant_Page_Testcases" name="Check_Status_field_display" time="0.056"/>
  <testcase classname="Testcases2.Admin_Merchants_Reastaurant_Page_Testcases" name="placeholder_text_of_Status_field" time="0.182"/>
  <testcase classname="Testcases2.Admin_Merchants_Reastaurant_Page_Testcases" name="Select_Active_Status_Type" time="0.333"/>
  <testcase classname="Testcases2.Admin_Merchants_Reastaurant_Page_Testcases" name="Select_InActive_Status_Type" time="0.275"/>
  <testcase classname="Testcases2.Admin_Merchants_Reastaurant_Page_Testcases" name="State_field_label_text" time="0.042"/>
  <testcase classname="Testcases2.Admin_Merchants_Reastaurant_Page_Testcases" name="Check_State_field_display" time="0.048"/>
  <testcase classname="Testcases2.Admin_Merchants_Reastaurant_Page_Testcases" name="placeholder_text_of_State_field" time="0.15"/>
  <testcase classname="Testcases2.Admin_Merchants_Reastaurant_Page_Testcases" name="Select_state_option_from_dropdownlist" time="0.721"/>
  <testcase classname="Testcases2.Admin_Merchants_Reastaurant_Page_Testcases" name="City_field_label_text" time="7.087"/>
  <testcase classname="Testcases2.Admin_Merchants_Reastaurant_Page_Testcases" name="Check_City_field_display" time="0.053"/>
  <testcase classname="Testcases2.Admin_Merchants_Reastaurant_Page_Testcases" name="Check_Searh_field_display" time="7.09"/>
  <testcase classname="Testcases2.Admin_Merchants_Reastaurant_Page_Testcases" name="Check_Searh_icon_display" time="0.055"/>
  <testcase classname="Testcases2.Admin_Merchants_Reastaurant_Page_Testcases" name="placeholder_text_of_City_field" time="0.231"/>
  <testcase classname="Testcases2.Admin_Merchants_Reastaurant_Page_Testcases" name="Select_City_option_from_dropdownlist" time="6.25"/>
  <testcase classname="Testcases2.Admin_Merchants_Reastaurant_Page_Testcases" name="placeholder_text_of_Search_field" time="10.085">
    <failure type="java.lang.AssertionError" message="expected [Search Keyword] but found []">
      <![CDATA[java.lang.AssertionError: expected [Search Keyword] but found []
	at Testcases2.Admin_Merchants_Reastaurant_Page_Testcases.placeholder_text_of_Search_field(Admin_Merchants_Reastaurant_Page_Testcases.java:285)
... Removed 29 stack frames]]>
    </failure>
  </testcase> <!-- placeholder_text_of_Search_field -->
  <testcase classname="Testcases2.Admin_Merchants_Reastaurant_Page_Testcases" name="Search_functionlity" time="0.134"/>
  <testcase classname="Testcases2.Admin_Merchants_Reastaurant_Page_Testcases" name="Check_Clear_field_display" time="10.086"/>
  <testcase classname="Testcases2.Admin_Merchants_Reastaurant_Page_Testcases" name="Clear_functionlity" time="13.34">
    <failure type="java.lang.AssertionError" message="null">
      <![CDATA[java.lang.AssertionError: null
	at Testcases2.Admin_Merchants_Reastaurant_Page_Testcases.Clear_functionlity(Admin_Merchants_Reastaurant_Page_Testcases.java:316)
... Removed 27 stack frames]]>
    </failure>
  </testcase> <!-- Clear_functionlity -->
  <testcase classname="Testcases2.Admin_Merchants_Reastaurant_Page_Testcases" name="Check_Add_merchant_button_display" time="0.086"/>
  <testcase classname="Testcases2.Admin_Merchants_Reastaurant_Page_Testcases" name="Check_Add_merchant_icon_display" time="0.049"/>
  <testcase classname="Testcases2.Admin_Merchants_Reastaurant_Page_Testcases" name="Check_Add_merchant_button_clickable" time="5.272"/>
  <testcase classname="Testcases2.Admin_Merchants_Reastaurant_Page_Testcases" name="Check_Add_merchant_icon_clickable" time="10.322"/>
  <testcase classname="Testcases2.Admin_Merchants_Reastaurant_Page_Testcases" name="add_restaurant" time="48.59">
    <failure type="org.openqa.selenium.NoSuchElementException" message="Cannot locate option with text: Achalpur
For documentation on this error, please visit: https://selenium.dev/exceptions/#no_such_element
Build info: version: &amp;apos;4.0.0-alpha-4&amp;apos;, revision: &amp;apos;c2d955b49e&amp;apos;
System info: host: &amp;apos;DESKTOP-P4GJM8J&amp;apos;, ip: &amp;apos;192.168.0.161&amp;apos;, os.name: &amp;apos;Windows 10&amp;apos;, os.arch: &amp;apos;amd64&amp;apos;, os.version: &amp;apos;10.0&amp;apos;, java.version: &amp;apos;16.0.2&amp;apos;
Driver info: driver.version: unknown">
      <![CDATA[org.openqa.selenium.NoSuchElementException: Cannot locate option with text: Achalpur
For documentation on this error, please visit: https://selenium.dev/exceptions/#no_such_element
Build info: version: '4.0.0-alpha-4', revision: 'c2d955b49e'
System info: host: 'DESKTOP-P4GJM8J', ip: '192.168.0.161', os.name: 'Windows 10', os.arch: 'amd64', os.version: '10.0', java.version: '16.0.2'
Driver info: driver.version: unknown
	at org.openqa.selenium.support.ui.Select.selectByVisibleText(Select.java:148)
	at Testcases2.Admin_Merchants_Reastaurant_Page_Testcases.add_restaurant(Admin_Merchants_Reastaurant_Page_Testcases.java:382)
... Removed 24 stack frames]]>
    </failure>
  </testcase> <!-- add_restaurant -->
</testsuite> <!-- Admin_Merchants_Reastaurant_Page_Testcases -->
