<?xml version="1.0" encoding="UTF-8"?>
<!-- Generated by org.testng.reporters.JUnitXMLReporter -->
<testsuite ignored="0" hostname="DESKTOP-P4GJM8J" failures="1" tests="23" name="Admin_feedback_Testcases" time="81.415" errors="0" timestamp="2022-06-05T14:37:23 IST">
  <testcase classname="Testcases2.Admin_feedback_Testcases" name="Login" time="13.183"/>
  <testcase classname="Testcases2.Admin_feedback_Testcases" name="Check_Admin_menu_clickable" time="5.145"/>
  <testcase classname="Testcases2.Admin_feedback_Testcases" name="Check_feedback_menu_display" time="0.128"/>
  <testcase classname="Testcases2.Admin_feedback_Testcases" name="Check_feedback_menu_Clickable" time="5.096"/>
  <testcase classname="Testcases2.Admin_feedback_Testcases" name="Check_feedback_webpage_title" time="0.043"/>
  <testcase classname="Testcases2.Admin_feedback_Testcases" name="check_feedback_page_header" time="0.092"/>
  <testcase classname="Testcases2.Admin_feedback_Testcases" name="Check_default_option_for_select_status_field" time="5.283"/>
  <testcase classname="Testcases2.Admin_feedback_Testcases" name="Check_read_option_for_select_status_field" time="5.448"/>
  <testcase classname="Testcases2.Admin_feedback_Testcases" name="Check_UnRead_option_for_select_status_field" time="5.399"/>
  <testcase classname="Testcases2.Admin_feedback_Testcases" name="Check_search_field_button_display" time="0.101"/>
  <testcase classname="Testcases2.Admin_feedback_Testcases" name="Check_search_field_placeholder" time="0.137"/>
  <testcase classname="Testcases2.Admin_feedback_Testcases" name="Check_search_button_display" time="0.082"/>
  <testcase classname="Testcases2.Admin_feedback_Testcases" name="Check_search_button_text" time="0.05"/>
  <testcase classname="Testcases2.Admin_feedback_Testcases" name="clear_button_display" time="0.056"/>
  <testcase classname="Testcases2.Admin_feedback_Testcases" name="Check_clear_button_text" time="0.042"/>
  <testcase classname="Testcases2.Admin_feedback_Testcases" name="Check_search_functionality" time="5.103">
    <failure type="org.openqa.selenium.NoSuchElementException" message="no such element: Unable to locate element: {&amp;quot;method&amp;quot;:&amp;quot;xpath&amp;quot;,&amp;quot;selector&amp;quot;:&amp;quot;//tbody/tr[2]/td[3]&amp;quot;}
  (Session info: chrome=102.0.5005.63)
For documentation on this error, please visit: https://selenium.dev/exceptions/#no_such_element
Build info: version: &amp;apos;4.1.3&amp;apos;, revision: &amp;apos;7b1ebf28ef&amp;apos;
System info: host: &amp;apos;DESKTOP-P4GJM8J&amp;apos;, ip: &amp;apos;192.168.43.59&amp;apos;, os.name: &amp;apos;Windows 10&amp;apos;, os.arch: &amp;apos;amd64&amp;apos;, os.version: &amp;apos;10.0&amp;apos;, java.version: &amp;apos;16.0.2&amp;apos;
Driver info: org.openqa.selenium.chrome.ChromeDriver
Command: [156c17dbb67320b985e6cfb97e1452f9, findElement {using=xpath, value=//tbody/tr[2]/td[3]}]
Capabilities {acceptInsecureCerts: false, browserName: chrome, browserVersion: 102.0.5005.63, chrome: {chromedriverVersion: 101.0.4951.41 (93c720db8323..., userDataDir: C:\Users\Ramesh\AppData\Loc...}, goog:chromeOptions: {debuggerAddress: localhost:49779}, javascriptEnabled: true, networkConnectionEnabled: false, pageLoadStrategy: normal, platform: WINDOWS, platformName: WINDOWS, proxy: Proxy(), se:cdp: ws://localhost:49779/devtoo..., se:cdpVersion: 102.0.5005.63, setWindowRect: true, strictFileInteractability: false, timeouts: {implicit: 0, pageLoad: 300000, script: 30000}, unhandledPromptBehavior: dismiss and notify, webauthn:extension:credBlob: true, webauthn:extension:largeBlob: true, webauthn:virtualAuthenticators: true}
Session ID: 156c17dbb67320b985e6cfb97e1452f9">
      <![CDATA[org.openqa.selenium.NoSuchElementException: no such element: Unable to locate element: {"method":"xpath","selector":"//tbody/tr[2]/td[3]"}
  (Session info: chrome=102.0.5005.63)
For documentation on this error, please visit: https://selenium.dev/exceptions/#no_such_element
Build info: version: '4.1.3', revision: '7b1ebf28ef'
System info: host: 'DESKTOP-P4GJM8J', ip: '192.168.43.59', os.name: 'Windows 10', os.arch: 'amd64', os.version: '10.0', java.version: '16.0.2'
Driver info: org.openqa.selenium.chrome.ChromeDriver
Command: [156c17dbb67320b985e6cfb97e1452f9, findElement {using=xpath, value=//tbody/tr[2]/td[3]}]
Capabilities {acceptInsecureCerts: false, browserName: chrome, browserVersion: 102.0.5005.63, chrome: {chromedriverVersion: 101.0.4951.41 (93c720db8323..., userDataDir: C:\Users\Ramesh\AppData\Loc...}, goog:chromeOptions: {debuggerAddress: localhost:49779}, javascriptEnabled: true, networkConnectionEnabled: false, pageLoadStrategy: normal, platform: WINDOWS, platformName: WINDOWS, proxy: Proxy(), se:cdp: ws://localhost:49779/devtoo..., se:cdpVersion: 102.0.5005.63, setWindowRect: true, strictFileInteractability: false, timeouts: {implicit: 0, pageLoad: 300000, script: 30000}, unhandledPromptBehavior: dismiss and notify, webauthn:extension:credBlob: true, webauthn:extension:largeBlob: true, webauthn:virtualAuthenticators: true}
Session ID: 156c17dbb67320b985e6cfb97e1452f9
at org.openqa.selenium.remote.codec.w3c.W3CHttpResponseCodec.createException(W3CHttpResponseCodec.java:200)
at org.openqa.selenium.remote.codec.w3c.W3CHttpResponseCodec.decode(W3CHttpResponseCodec.java:133)
at org.openqa.selenium.remote.codec.w3c.W3CHttpResponseCodec.decode(W3CHttpResponseCodec.java:53)
at org.openqa.selenium.remote.HttpCommandExecutor.execute(HttpCommandExecutor.java:184)
at org.openqa.selenium.remote.service.DriverCommandExecutor.invokeExecute(DriverCommandExecutor.java:167)
at org.openqa.selenium.remote.service.DriverCommandExecutor.execute(DriverCommandExecutor.java:142)
at org.openqa.selenium.remote.RemoteWebDriver.execute(RemoteWebDriver.java:567)
at org.openqa.selenium.remote.ElementLocation$ElementFinder$2.findElement(ElementLocation.java:162)
at org.openqa.selenium.remote.ElementLocation.findElement(ElementLocation.java:60)
at org.openqa.selenium.remote.RemoteWebDriver.findElement(RemoteWebDriver.java:385)
at org.openqa.selenium.remote.RemoteWebDriver.findElement(RemoteWebDriver.java:377)
at Testcases2.Admin_feedback_Testcases.Check_search_functionality(Admin_feedback_Testcases.java:163)
at java.base/java.util.ArrayList.forEach(ArrayList.java:1511)
... Removed 32 stack frames]]>
    </failure>
  </testcase> <!-- Check_search_functionality -->
  <testcase classname="Testcases2.Admin_feedback_Testcases" name="clear_functionality_for_select_status_field" time="8.775"/>
  <testcase classname="Testcases2.Admin_feedback_Testcases" name="clear_functionality_for_search_field" time="3.459"/>
  <testcase classname="Testcases2.Admin_feedback_Testcases" name="clear_functionality_for_select_status_and_search_field" time="3.947"/>
  <testcase classname="Testcases2.Admin_feedback_Testcases" name="Check_reply_icon_display" time="0.058"/>
  <testcase classname="Testcases2.Admin_feedback_Testcases" name="Check_reply_icon_clickable" time="5.207"/>
  <testcase classname="Testcases2.Admin_feedback_Testcases" name="Check_clear_button_display" time="0.094"/>
  <testcase classname="Testcases2.Admin_feedback_Testcases" name="Check_clear_button_functionality" time="5.52"/>
</testsuite> <!-- Admin_feedback_Testcases -->
