<html>
<head>
<title>TestNG:  Admin_feedback_Testcases</title>
<link href="../testng.css" rel="stylesheet" type="text/css" />
<link href="../my-testng.css" rel="stylesheet" type="text/css" />

<style type="text/css">
.log { display: none;} 
.stack-trace { display: none;} 
</style>
<script type="text/javascript">
<!--
function flip(e) {
  current = e.style.display;
  if (current == 'block') {
    e.style.display = 'none';
    return 0;
  }
  else {
    e.style.display = 'block';
    return 1;
  }
}

function toggleBox(szDivId, elem, msg1, msg2)
{
  var res = -1;  if (document.getElementById) {
    res = flip(document.getElementById(szDivId));
  }
  else if (document.all) {
    // this is the way old msie versions work
    res = flip(document.all[szDivId]);
  }
  if(elem) {
    if(res == 0) elem.innerHTML = msg1; else elem.innerHTML = msg2;
  }

}

function toggleAllBoxes() {
  if (document.getElementsByTagName) {
    d = document.getElementsByTagName('div');
    for (i = 0; i < d.length; i++) {
      if (d[i].className == 'log') {
        flip(d[i]);
      }
    }
  }
}

// -->
</script>

</head>
<body>
<h2 align='center'>Admin_feedback_Testcases</h2><table border='1' align="center">
<tr>
<td>Tests passed/Failed/Skipped:</td><td>22/1/0</td>
</tr><tr>
<td>Started on:</td><td>Sun Jun 05 14:36:01 IST 2022</td>
</tr>
<tr><td>Total time:</td><td>81 seconds (81415 ms)</td>
</tr><tr>
<td>Included groups:</td><td></td>
</tr><tr>
<td>Excluded groups:</td><td></td>
</tr>
</table><p/>
<small><i>(Hover the method name to see the test class name)</i></small><p/>
<table width='100%' border='1' class='invocation-failed'>
<tr><td colspan='4' align='center'><b>FAILED TESTS</b></td></tr>
<tr><td><b>Test method</b></td>
<td width="30%"><b>Exception</b></td>
<td width="10%"><b>Time (seconds)</b></td>
<td><b>Instance</b></td>
</tr>
<tr>
<td title='Testcases2.Admin_feedback_Testcases.Check_search_functionality()'><b>Check_search_functionality</b><br>Test class: Testcases2.Admin_feedback_Testcases</td>
<td><div><pre>org.openqa.selenium.NoSuchElementException: no such element: Unable to locate element: {&quot;method&quot;:&quot;xpath&quot;,&quot;selector&quot;:&quot;//tbody/tr[2]/td[3]&quot;}
  (Session info: chrome=102.0.5005.63)
For documentation on this error, please visit: https://selenium.dev/exceptions/#no_such_element
Build info: version: &apos;4.1.3&apos;, revision: &apos;7b1ebf28ef&apos;
System info: host: &apos;DESKTOP-P4GJM8J&apos;, ip: &apos;192.168.43.59&apos;, os.name: &apos;Windows 10&apos;, os.arch: &apos;amd64&apos;, os.version: &apos;10.0&apos;, java.version: &apos;16.0.2&apos;
Driver info: org.openqa.selenium.chrome.ChromeDriver
Command: [156c17dbb67320b985e6cfb97e1452f9, findElement {using=xpath, value=//tbody/tr[2]/td[3]}]
Capabilities {acceptInsecureCerts: false, browserName: chrome, browserVersion: 102.0.5005.63, chrome: {chromedriverVersion: 101.0.4951.41 (93c720db8323..., userDataDir: C:\Users\Ramesh\AppData\Loc...}, goog:chromeOptions: {debuggerAddress: localhost:49779}, javascriptEnabled: true, networkConnectionEnabled: false, pageLoadStrategy: normal, platform: WINDOWS, platformName: WINDOWS, proxy: Proxy(), se:cdp: ws://localhost:49779/devtoo..., se:cdpVersion: 102.0.5005.63, setWindowRect: true, strictFileInteractability: false, timeouts: {implicit: 0, pageLoad: 300000, script: 30000}, unhandledPromptBehavior: dismiss and notify, webauthn:extension:credBlob: true, webauthn:extension:largeBlob: true, webauthn:virtualAuthenticators: true}
Session ID: 156c17dbb67320b985e6cfb97e1452f9
	at org.openqa.selenium.remote.codec.w3c.W3CHttpResponseCodec.createException(W3CHttpResponseCodec.java:200)
	at org.openqa.selenium.remote.codec.w3c.W3CHttpResponseCodec.decode(W3CHttpResponseCodec.java:133)
	at org.openqa.selenium.remote.codec.w3c.W3CHttpResponseCodec.decode(W3CHttpResponseCodec.java:53)
	at org.openqa.selenium.remote.HttpCommandExecutor.execute(HttpCommandExecutor.java:184)
	at org.openqa.selenium.remote.service.DriverCommandExecutor.invokeExecute(DriverCommandExecutor.java:167)
	at org.openqa.selenium.remote.service.DriverCommandExecutor.execute(DriverCommandExecutor.java:142)
	at org.openqa.selenium.remote.RemoteWebDriver.execute(RemoteWebDriver.java:567)
	at org.openqa.selenium.remote.ElementLocation$ElementFinder$2.findElement(ElementLocation.java:162)
	at org.openqa.selenium.remote.ElementLocation.findElement(ElementLocation.java:60)
	at org.openqa.selenium.remote.RemoteWebDriver.findElement(RemoteWebDriver.java:385)
	at org.openqa.selenium.remote.RemoteWebDriver.findElement(RemoteWebDriver.java:377)
	at Testcases2.Admin_feedback_Testcases.Check_search_functionality(Admin_feedback_Testcases.java:163)
	at java.base/java.util.ArrayList.forEach(ArrayList.java:1511)
... Removed 32 stack frames</pre></div><a href='#' onClick='toggleBox("stack-trace1613912455", this, "Click to show all stack frames", "Click to hide stack frames")'>Click to show all stack frames</a>
<div class='stack-trace' id='stack-trace1613912455'><pre>org.openqa.selenium.NoSuchElementException: no such element: Unable to locate element: {&quot;method&quot;:&quot;xpath&quot;,&quot;selector&quot;:&quot;//tbody/tr[2]/td[3]&quot;}
  (Session info: chrome=102.0.5005.63)
For documentation on this error, please visit: https://selenium.dev/exceptions/#no_such_element
Build info: version: &apos;4.1.3&apos;, revision: &apos;7b1ebf28ef&apos;
System info: host: &apos;DESKTOP-P4GJM8J&apos;, ip: &apos;192.168.43.59&apos;, os.name: &apos;Windows 10&apos;, os.arch: &apos;amd64&apos;, os.version: &apos;10.0&apos;, java.version: &apos;16.0.2&apos;
Driver info: org.openqa.selenium.chrome.ChromeDriver
Command: [156c17dbb67320b985e6cfb97e1452f9, findElement {using=xpath, value=//tbody/tr[2]/td[3]}]
Capabilities {acceptInsecureCerts: false, browserName: chrome, browserVersion: 102.0.5005.63, chrome: {chromedriverVersion: 101.0.4951.41 (93c720db8323..., userDataDir: C:\Users\Ramesh\AppData\Loc...}, goog:chromeOptions: {debuggerAddress: localhost:49779}, javascriptEnabled: true, networkConnectionEnabled: false, pageLoadStrategy: normal, platform: WINDOWS, platformName: WINDOWS, proxy: Proxy(), se:cdp: ws://localhost:49779/devtoo..., se:cdpVersion: 102.0.5005.63, setWindowRect: true, strictFileInteractability: false, timeouts: {implicit: 0, pageLoad: 300000, script: 30000}, unhandledPromptBehavior: dismiss and notify, webauthn:extension:credBlob: true, webauthn:extension:largeBlob: true, webauthn:virtualAuthenticators: true}
Session ID: 156c17dbb67320b985e6cfb97e1452f9
	at java.base/jdk.internal.reflect.NativeConstructorAccessorImpl.newInstance0(Native Method)
	at java.base/jdk.internal.reflect.NativeConstructorAccessorImpl.newInstance(NativeConstructorAccessorImpl.java:78)
	at java.base/jdk.internal.reflect.DelegatingConstructorAccessorImpl.newInstance(DelegatingConstructorAccessorImpl.java:45)
	at java.base/java.lang.reflect.Constructor.newInstanceWithCaller(Constructor.java:499)
	at java.base/java.lang.reflect.Constructor.newInstance(Constructor.java:480)
	at org.openqa.selenium.remote.codec.w3c.W3CHttpResponseCodec.createException(W3CHttpResponseCodec.java:200)
	at org.openqa.selenium.remote.codec.w3c.W3CHttpResponseCodec.decode(W3CHttpResponseCodec.java:133)
	at org.openqa.selenium.remote.codec.w3c.W3CHttpResponseCodec.decode(W3CHttpResponseCodec.java:53)
	at org.openqa.selenium.remote.HttpCommandExecutor.execute(HttpCommandExecutor.java:184)
	at org.openqa.selenium.remote.service.DriverCommandExecutor.invokeExecute(DriverCommandExecutor.java:167)
	at org.openqa.selenium.remote.service.DriverCommandExecutor.execute(DriverCommandExecutor.java:142)
	at org.openqa.selenium.remote.RemoteWebDriver.execute(RemoteWebDriver.java:567)
	at org.openqa.selenium.remote.ElementLocation$ElementFinder$2.findElement(ElementLocation.java:162)
	at org.openqa.selenium.remote.ElementLocation.findElement(ElementLocation.java:60)
	at org.openqa.selenium.remote.RemoteWebDriver.findElement(RemoteWebDriver.java:385)
	at org.openqa.selenium.remote.RemoteWebDriver.findElement(RemoteWebDriver.java:377)
	at Testcases2.Admin_feedback_Testcases.Check_search_functionality(Admin_feedback_Testcases.java:163)
	at java.base/jdk.internal.reflect.NativeMethodAccessorImpl.invoke0(Native Method)
	at java.base/jdk.internal.reflect.NativeMethodAccessorImpl.invoke(NativeMethodAccessorImpl.java:78)
	at java.base/jdk.internal.reflect.DelegatingMethodAccessorImpl.invoke(DelegatingMethodAccessorImpl.java:43)
	at java.base/java.lang.reflect.Method.invoke(Method.java:567)
	at org.testng.internal.MethodInvocationHelper.invokeMethod(MethodInvocationHelper.java:133)
	at org.testng.internal.TestInvoker.invokeMethod(TestInvoker.java:598)
	at org.testng.internal.TestInvoker.invokeTestMethod(TestInvoker.java:173)
	at org.testng.internal.MethodRunner.runInSequence(MethodRunner.java:46)
	at org.testng.internal.TestInvoker$MethodInvocationAgent.invoke(TestInvoker.java:824)
	at org.testng.internal.TestInvoker.invokeTestMethods(TestInvoker.java:146)
	at org.testng.internal.TestMethodWorker.invokeTestMethods(TestMethodWorker.java:146)
	at org.testng.internal.TestMethodWorker.run(TestMethodWorker.java:128)
	at java.base/java.util.ArrayList.forEach(ArrayList.java:1511)
	at org.testng.TestRunner.privateRun(TestRunner.java:794)
	at org.testng.TestRunner.run(TestRunner.java:596)
	at org.testng.SuiteRunner.runTest(SuiteRunner.java:377)
	at org.testng.SuiteRunner.runSequentially(SuiteRunner.java:371)
	at org.testng.SuiteRunner.privateRun(SuiteRunner.java:332)
	at org.testng.SuiteRunner.run(SuiteRunner.java:276)
	at org.testng.SuiteRunnerWorker.runSuite(SuiteRunnerWorker.java:53)
	at org.testng.SuiteRunnerWorker.run(SuiteRunnerWorker.java:96)
	at org.testng.TestNG.runSuitesSequentially(TestNG.java:1212)
	at org.testng.TestNG.runSuitesLocally(TestNG.java:1134)
	at org.testng.TestNG.runSuites(TestNG.java:1063)
	at org.testng.TestNG.run(TestNG.java:1031)
	at org.testng.remote.AbstractRemoteTestNG.run(AbstractRemoteTestNG.java:115)
	at org.testng.remote.RemoteTestNG.initAndRun(RemoteTestNG.java:251)
	at org.testng.remote.RemoteTestNG.main(RemoteTestNG.java:77)
</pre></div></td>
<td>5</td>
<td>Testcases2.Admin_feedback_Testcases@16d04d3d</td></tr>
</table><p>
<table width='100%' border='1' class='invocation-passed'>
<tr><td colspan='4' align='center'><b>PASSED TESTS</b></td></tr>
<tr><td><b>Test method</b></td>
<td width="30%"><b>Exception</b></td>
<td width="10%"><b>Time (seconds)</b></td>
<td><b>Instance</b></td>
</tr>
<tr>
<td title='Testcases2.Admin_feedback_Testcases.Check_default_option_for_select_status_field()'><b>Check_default_option_for_select_status_field</b><br>Test class: Testcases2.Admin_feedback_Testcases</td>
<td></td>
<td>5</td>
<td>Testcases2.Admin_feedback_Testcases@16d04d3d</td></tr>
<tr>
<td title='Testcases2.Admin_feedback_Testcases.Check_UnRead_option_for_select_status_field()'><b>Check_UnRead_option_for_select_status_field</b><br>Test class: Testcases2.Admin_feedback_Testcases</td>
<td></td>
<td>5</td>
<td>Testcases2.Admin_feedback_Testcases@16d04d3d</td></tr>
<tr>
<td title='Testcases2.Admin_feedback_Testcases.Check_search_field_button_display()'><b>Check_search_field_button_display</b><br>Test class: Testcases2.Admin_feedback_Testcases</td>
<td></td>
<td>0</td>
<td>Testcases2.Admin_feedback_Testcases@16d04d3d</td></tr>
<tr>
<td title='Testcases2.Admin_feedback_Testcases.Check_clear_button_functionality()'><b>Check_clear_button_functionality</b><br>Test class: Testcases2.Admin_feedback_Testcases</td>
<td></td>
<td>5</td>
<td>Testcases2.Admin_feedback_Testcases@16d04d3d</td></tr>
<tr>
<td title='Testcases2.Admin_feedback_Testcases.Check_Admin_menu_clickable()'><b>Check_Admin_menu_clickable</b><br>Test class: Testcases2.Admin_feedback_Testcases</td>
<td></td>
<td>5</td>
<td>Testcases2.Admin_feedback_Testcases@16d04d3d</td></tr>
<tr>
<td title='Testcases2.Admin_feedback_Testcases.clear_functionality_for_select_status_and_search_field()'><b>clear_functionality_for_select_status_and_search_field</b><br>Test class: Testcases2.Admin_feedback_Testcases</td>
<td></td>
<td>3</td>
<td>Testcases2.Admin_feedback_Testcases@16d04d3d</td></tr>
<tr>
<td title='Testcases2.Admin_feedback_Testcases.Login()'><b>Login</b><br>Test class: Testcases2.Admin_feedback_Testcases</td>
<td></td>
<td>13</td>
<td>Testcases2.Admin_feedback_Testcases@16d04d3d</td></tr>
<tr>
<td title='Testcases2.Admin_feedback_Testcases.Check_read_option_for_select_status_field()'><b>Check_read_option_for_select_status_field</b><br>Test class: Testcases2.Admin_feedback_Testcases</td>
<td></td>
<td>5</td>
<td>Testcases2.Admin_feedback_Testcases@16d04d3d</td></tr>
<tr>
<td title='Testcases2.Admin_feedback_Testcases.clear_button_display()'><b>clear_button_display</b><br>Test class: Testcases2.Admin_feedback_Testcases</td>
<td></td>
<td>0</td>
<td>Testcases2.Admin_feedback_Testcases@16d04d3d</td></tr>
<tr>
<td title='Testcases2.Admin_feedback_Testcases.clear_functionality_for_select_status_field()'><b>clear_functionality_for_select_status_field</b><br>Test class: Testcases2.Admin_feedback_Testcases</td>
<td></td>
<td>8</td>
<td>Testcases2.Admin_feedback_Testcases@16d04d3d</td></tr>
<tr>
<td title='Testcases2.Admin_feedback_Testcases.Check_clear_button_display()'><b>Check_clear_button_display</b><br>Test class: Testcases2.Admin_feedback_Testcases</td>
<td></td>
<td>0</td>
<td>Testcases2.Admin_feedback_Testcases@16d04d3d</td></tr>
<tr>
<td title='Testcases2.Admin_feedback_Testcases.check_feedback_page_header()'><b>check_feedback_page_header</b><br>Test class: Testcases2.Admin_feedback_Testcases</td>
<td></td>
<td>0</td>
<td>Testcases2.Admin_feedback_Testcases@16d04d3d</td></tr>
<tr>
<td title='Testcases2.Admin_feedback_Testcases.Check_reply_icon_display()'><b>Check_reply_icon_display</b><br>Test class: Testcases2.Admin_feedback_Testcases</td>
<td></td>
<td>0</td>
<td>Testcases2.Admin_feedback_Testcases@16d04d3d</td></tr>
<tr>
<td title='Testcases2.Admin_feedback_Testcases.Check_feedback_menu_display()'><b>Check_feedback_menu_display</b><br>Test class: Testcases2.Admin_feedback_Testcases</td>
<td></td>
<td>0</td>
<td>Testcases2.Admin_feedback_Testcases@16d04d3d</td></tr>
<tr>
<td title='Testcases2.Admin_feedback_Testcases.Check_search_button_display()'><b>Check_search_button_display</b><br>Test class: Testcases2.Admin_feedback_Testcases</td>
<td></td>
<td>0</td>
<td>Testcases2.Admin_feedback_Testcases@16d04d3d</td></tr>
<tr>
<td title='Testcases2.Admin_feedback_Testcases.clear_functionality_for_search_field()'><b>clear_functionality_for_search_field</b><br>Test class: Testcases2.Admin_feedback_Testcases</td>
<td></td>
<td>3</td>
<td>Testcases2.Admin_feedback_Testcases@16d04d3d</td></tr>
<tr>
<td title='Testcases2.Admin_feedback_Testcases.Check_reply_icon_clickable()'><b>Check_reply_icon_clickable</b><br>Test class: Testcases2.Admin_feedback_Testcases</td>
<td></td>
<td>5</td>
<td>Testcases2.Admin_feedback_Testcases@16d04d3d</td></tr>
<tr>
<td title='Testcases2.Admin_feedback_Testcases.Check_clear_button_text()'><b>Check_clear_button_text</b><br>Test class: Testcases2.Admin_feedback_Testcases</td>
<td></td>
<td>0</td>
<td>Testcases2.Admin_feedback_Testcases@16d04d3d</td></tr>
<tr>
<td title='Testcases2.Admin_feedback_Testcases.Check_search_button_text()'><b>Check_search_button_text</b><br>Test class: Testcases2.Admin_feedback_Testcases</td>
<td></td>
<td>0</td>
<td>Testcases2.Admin_feedback_Testcases@16d04d3d</td></tr>
<tr>
<td title='Testcases2.Admin_feedback_Testcases.Check_feedback_webpage_title()'><b>Check_feedback_webpage_title</b><br>Test class: Testcases2.Admin_feedback_Testcases</td>
<td></td>
<td>0</td>
<td>Testcases2.Admin_feedback_Testcases@16d04d3d</td></tr>
<tr>
<td title='Testcases2.Admin_feedback_Testcases.Check_feedback_menu_Clickable()'><b>Check_feedback_menu_Clickable</b><br>Test class: Testcases2.Admin_feedback_Testcases</td>
<td></td>
<td>5</td>
<td>Testcases2.Admin_feedback_Testcases@16d04d3d</td></tr>
<tr>
<td title='Testcases2.Admin_feedback_Testcases.Check_search_field_placeholder()'><b>Check_search_field_placeholder</b><br>Test class: Testcases2.Admin_feedback_Testcases</td>
<td></td>
<td>0</td>
<td>Testcases2.Admin_feedback_Testcases@16d04d3d</td></tr>
</table><p>
</body>
</html>