<?xml version="1.0" encoding="UTF-8"?>
<!-- Generated by org.testng.reporters.JUnitXMLReporter -->
<testsuite ignored="0" hostname="DESKTOP-P4GJM8J" failures="2" tests="38" name="Login_page_Testcases" time="208.182" errors="0" timestamp="2022-06-05T07:25:36 IST">
  <testcase classname="Testcases2.Login_page_Testcases" name="open_url" time="7.456"/>
  <testcase classname="Testcases2.Login_page_Testcases" name="check_webpage_title" time="0.063"/>
  <testcase classname="Testcases2.Login_page_Testcases" name="Check_login_page_header" time="0.069"/>
  <testcase classname="Testcases2.Login_page_Testcases" name="check_username_field_visibility" time="0.117"/>
  <testcase classname="Testcases2.Login_page_Testcases" name="check_password_field_visibility" time="0.081"/>
  <testcase classname="Testcases2.Login_page_Testcases" name="check_Login_button_visibility" time="0.074"/>
  <testcase classname="Testcases2.Login_page_Testcases" name="check_Forgot_password_link_visibility" time="0.129"/>
  <testcase classname="Testcases2.Login_page_Testcases" name="check_forgot_password_link_is_active" time="5.279"/>
  <testcase classname="Testcases2.Login_page_Testcases" name="forgot_password_page_header_visibility" time="0.049"/>
  <testcase classname="Testcases2.Login_page_Testcases" name="check_username_field_exist_on_forgotpswd_page" time="0.07"/>
  <testcase classname="Testcases2.Login_page_Testcases" name="check_username_field_placeholder_text" time="0.055"/>
  <testcase classname="Testcases2.Login_page_Testcases" name="check_username_field_contain_required_mesg_on_forgot_pswd_page" time="10.327"/>
  <testcase classname="Testcases2.Login_page_Testcases" name="check_forgot_button_Visibility" time="0.041"/>
  <testcase classname="Testcases2.Login_page_Testcases" name="check_login_link_Visibility" time="0.049"/>
  <testcase classname="Testcases2.Login_page_Testcases" name="check_login_link_clickable" time="5.499"/>
  <testcase classname="Testcases2.Login_page_Testcases" name="check_forgot_functinality_for_user_does_not_exist" time="7.598"/>
  <testcase classname="Testcases2.Login_page_Testcases" name="check_forgot_functinality" time="12.333"/>
  <testcase classname="Testcases2.Login_page_Testcases" name="check_pasword_field_Visibility" time="8.012"/>
  <testcase classname="Testcases2.Login_page_Testcases" name="check_pswd_field_placeholder_text_for_setpswd" time="0.041"/>
  <testcase classname="Testcases2.Login_page_Testcases" name="check_confirm_pasword_field_Visibility" time="0.048"/>
  <testcase classname="Testcases2.Login_page_Testcases" name="check_confirm_pswd_field_placeholder_text_for_setpswd" time="0.042"/>
  <testcase classname="Testcases2.Login_page_Testcases" name="check_login_link_Visibilityon_setpassword_page" time="0.039"/>
  <testcase classname="Testcases2.Login_page_Testcases" name="check_login_link_clickable_on_resetpassword_page" time="5.193"/>
  <testcase classname="Testcases2.Login_page_Testcases" name="check_set_password_button_visibility" time="7.667"/>
  <testcase classname="Testcases2.Login_page_Testcases" name="check_set_password_button_text" time="0.048"/>
  <testcase classname="Testcases2.Login_page_Testcases" name="check_pwd_field_contain_required_mesg_on_set_pswd_page" time="4.33"/>
  <testcase classname="Testcases2.Login_page_Testcases" name="check_cnfrm_pwd_field_contain_required_mesg_on_set_pswd_page" time="4.267"/>
  <testcase classname="Testcases2.Login_page_Testcases" name="check_pwd_field_contain_length_mesg_on_set_pswd_page" time="12.329"/>
  <testcase classname="Testcases2.Login_page_Testcases" name="check_set_password_functinality" time="10.588"/>
  <testcase classname="Testcases2.Login_page_Testcases" name="check_try_to_login_with_old_password" time="10.473"/>
  <testcase classname="Testcases2.Login_page_Testcases" name="check_login_with_new_password" time="16.663"/>
  <testcase classname="Testcases2.Login_page_Testcases" name="set_again_old_password_from_reset_page" time="13.011"/>
  <testcase classname="Testcases2.Login_page_Testcases" name="check_username_field_contain_required_mesg" time="5.26"/>
  <testcase classname="Testcases2.Login_page_Testcases" name="check_password_field_contain_required_mesg" time="5.258"/>
  <testcase classname="Testcases2.Login_page_Testcases" name="click_on_login_button_if_username_and_password_field_empty" time="9.165"/>
  <testcase classname="Testcases2.Login_page_Testcases" name="click_on_login_button_if_username_filled_and_password_field_empty" time="9.259"/>
  <testcase classname="Testcases2.Login_page_Testcases" name="click_on_login_button_if_username_empty_and_password_filled" time="21.565">
    <failure type="org.openqa.selenium.NoSuchElementException" message="no such element: Unable to locate element: {&amp;quot;method&amp;quot;:&amp;quot;xpath&amp;quot;,&amp;quot;selector&amp;quot;:&amp;quot;//h1[contains(text(),&amp;apos;Sign In&amp;apos;)]&amp;quot;}
  (Session info: chrome=102.0.5005.63)
For documentation on this error, please visit: https://selenium.dev/exceptions/#no_such_element
Build info: version: &amp;apos;4.1.3&amp;apos;, revision: &amp;apos;7b1ebf28ef&amp;apos;
System info: host: &amp;apos;DESKTOP-P4GJM8J&amp;apos;, ip: &amp;apos;192.168.43.59&amp;apos;, os.name: &amp;apos;Windows 10&amp;apos;, os.arch: &amp;apos;amd64&amp;apos;, os.version: &amp;apos;10.0&amp;apos;, java.version: &amp;apos;16.0.2&amp;apos;
Driver info: org.openqa.selenium.chrome.ChromeDriver
Command: [204f8a06b9c087727652a08f0e8625b3, findElement {using=xpath, value=//h1[contains(text(),&amp;apos;Sign In&amp;apos;)]}]
Capabilities {acceptInsecureCerts: false, browserName: chrome, browserVersion: 102.0.5005.63, chrome: {chromedriverVersion: 101.0.4951.41 (93c720db8323..., userDataDir: C:\Users\Ramesh\AppData\Loc...}, goog:chromeOptions: {debuggerAddress: localhost:56964}, javascriptEnabled: true, networkConnectionEnabled: false, pageLoadStrategy: normal, platform: WINDOWS, platformName: WINDOWS, proxy: Proxy(), se:cdp: ws://localhost:56964/devtoo..., se:cdpVersion: 102.0.5005.63, setWindowRect: true, strictFileInteractability: false, timeouts: {implicit: 0, pageLoad: 300000, script: 30000}, unhandledPromptBehavior: dismiss and notify, webauthn:extension:credBlob: true, webauthn:extension:largeBlob: true, webauthn:virtualAuthenticators: true}
Session ID: 204f8a06b9c087727652a08f0e8625b3">
      <![CDATA[org.openqa.selenium.NoSuchElementException: no such element: Unable to locate element: {"method":"xpath","selector":"//h1[contains(text(),'Sign In')]"}
  (Session info: chrome=102.0.5005.63)
For documentation on this error, please visit: https://selenium.dev/exceptions/#no_such_element
Build info: version: '4.1.3', revision: '7b1ebf28ef'
System info: host: 'DESKTOP-P4GJM8J', ip: '192.168.43.59', os.name: 'Windows 10', os.arch: 'amd64', os.version: '10.0', java.version: '16.0.2'
Driver info: org.openqa.selenium.chrome.ChromeDriver
Command: [204f8a06b9c087727652a08f0e8625b3, findElement {using=xpath, value=//h1[contains(text(),'Sign In')]}]
Capabilities {acceptInsecureCerts: false, browserName: chrome, browserVersion: 102.0.5005.63, chrome: {chromedriverVersion: 101.0.4951.41 (93c720db8323..., userDataDir: C:\Users\Ramesh\AppData\Loc...}, goog:chromeOptions: {debuggerAddress: localhost:56964}, javascriptEnabled: true, networkConnectionEnabled: false, pageLoadStrategy: normal, platform: WINDOWS, platformName: WINDOWS, proxy: Proxy(), se:cdp: ws://localhost:56964/devtoo..., se:cdpVersion: 102.0.5005.63, setWindowRect: true, strictFileInteractability: false, timeouts: {implicit: 0, pageLoad: 300000, script: 30000}, unhandledPromptBehavior: dismiss and notify, webauthn:extension:credBlob: true, webauthn:extension:largeBlob: true, webauthn:virtualAuthenticators: true}
Session ID: 204f8a06b9c087727652a08f0e8625b3
at org.openqa.selenium.remote.codec.w3c.W3CHttpResponseCodec.createException(W3CHttpResponseCodec.java:200)
at org.openqa.selenium.remote.codec.w3c.W3CHttpResponseCodec.decode(W3CHttpResponseCodec.java:133)
at org.openqa.selenium.remote.codec.w3c.W3CHttpResponseCodec.decode(W3CHttpResponseCodec.java:53)
at org.openqa.selenium.remote.HttpCommandExecutor.execute(HttpCommandExecutor.java:184)
at org.openqa.selenium.remote.service.DriverCommandExecutor.invokeExecute(DriverCommandExecutor.java:167)
at org.openqa.selenium.remote.service.DriverCommandExecutor.execute(DriverCommandExecutor.java:142)
at org.openqa.selenium.remote.RemoteWebDriver.execute(RemoteWebDriver.java:567)
at org.openqa.selenium.remote.ElementLocation$ElementFinder$2.findElement(ElementLocation.java:162)
at org.openqa.selenium.remote.ElementLocation.findElement(ElementLocation.java:60)
at org.openqa.selenium.remote.RemoteWebDriver.findElement(RemoteWebDriver.java:385)
at org.openqa.selenium.remote.RemoteWebDriver.findElement(RemoteWebDriver.java:377)
at Testcases2.Login_page_Testcases.click_on_login_button_if_username_empty_and_password_filled(Login_page_Testcases.java:429)
at java.base/java.util.ArrayList.forEach(ArrayList.java:1511)
... Removed 32 stack frames]]>
    </failure>
  </testcase> <!-- click_on_login_button_if_username_empty_and_password_filled -->
  <testcase classname="Testcases2.Login_page_Testcases" name="Login_with_valid_data" time="5.054">
    <failure type="org.openqa.selenium.NoSuchElementException" message="no such element: Unable to locate element: {&amp;quot;method&amp;quot;:&amp;quot;xpath&amp;quot;,&amp;quot;selector&amp;quot;:&amp;quot;//input[@id=&amp;apos;userName&amp;apos;]&amp;quot;}
  (Session info: chrome=102.0.5005.63)
For documentation on this error, please visit: https://selenium.dev/exceptions/#no_such_element
Build info: version: &amp;apos;4.1.3&amp;apos;, revision: &amp;apos;7b1ebf28ef&amp;apos;
System info: host: &amp;apos;DESKTOP-P4GJM8J&amp;apos;, ip: &amp;apos;192.168.43.59&amp;apos;, os.name: &amp;apos;Windows 10&amp;apos;, os.arch: &amp;apos;amd64&amp;apos;, os.version: &amp;apos;10.0&amp;apos;, java.version: &amp;apos;16.0.2&amp;apos;
Driver info: org.openqa.selenium.chrome.ChromeDriver
Command: [204f8a06b9c087727652a08f0e8625b3, findElement {using=xpath, value=//input[@id=&amp;apos;userName&amp;apos;]}]
Capabilities {acceptInsecureCerts: false, browserName: chrome, browserVersion: 102.0.5005.63, chrome: {chromedriverVersion: 101.0.4951.41 (93c720db8323..., userDataDir: C:\Users\Ramesh\AppData\Loc...}, goog:chromeOptions: {debuggerAddress: localhost:56964}, javascriptEnabled: true, networkConnectionEnabled: false, pageLoadStrategy: normal, platform: WINDOWS, platformName: WINDOWS, proxy: Proxy(), se:cdp: ws://localhost:56964/devtoo..., se:cdpVersion: 102.0.5005.63, setWindowRect: true, strictFileInteractability: false, timeouts: {implicit: 0, pageLoad: 300000, script: 30000}, unhandledPromptBehavior: dismiss and notify, webauthn:extension:credBlob: true, webauthn:extension:largeBlob: true, webauthn:virtualAuthenticators: true}
Session ID: 204f8a06b9c087727652a08f0e8625b3">
      <![CDATA[org.openqa.selenium.NoSuchElementException: no such element: Unable to locate element: {"method":"xpath","selector":"//input[@id='userName']"}
  (Session info: chrome=102.0.5005.63)
For documentation on this error, please visit: https://selenium.dev/exceptions/#no_such_element
Build info: version: '4.1.3', revision: '7b1ebf28ef'
System info: host: 'DESKTOP-P4GJM8J', ip: '192.168.43.59', os.name: 'Windows 10', os.arch: 'amd64', os.version: '10.0', java.version: '16.0.2'
Driver info: org.openqa.selenium.chrome.ChromeDriver
Command: [204f8a06b9c087727652a08f0e8625b3, findElement {using=xpath, value=//input[@id='userName']}]
Capabilities {acceptInsecureCerts: false, browserName: chrome, browserVersion: 102.0.5005.63, chrome: {chromedriverVersion: 101.0.4951.41 (93c720db8323..., userDataDir: C:\Users\Ramesh\AppData\Loc...}, goog:chromeOptions: {debuggerAddress: localhost:56964}, javascriptEnabled: true, networkConnectionEnabled: false, pageLoadStrategy: normal, platform: WINDOWS, platformName: WINDOWS, proxy: Proxy(), se:cdp: ws://localhost:56964/devtoo..., se:cdpVersion: 102.0.5005.63, setWindowRect: true, strictFileInteractability: false, timeouts: {implicit: 0, pageLoad: 300000, script: 30000}, unhandledPromptBehavior: dismiss and notify, webauthn:extension:credBlob: true, webauthn:extension:largeBlob: true, webauthn:virtualAuthenticators: true}
Session ID: 204f8a06b9c087727652a08f0e8625b3
at org.openqa.selenium.remote.codec.w3c.W3CHttpResponseCodec.createException(W3CHttpResponseCodec.java:200)
at org.openqa.selenium.remote.codec.w3c.W3CHttpResponseCodec.decode(W3CHttpResponseCodec.java:133)
at org.openqa.selenium.remote.codec.w3c.W3CHttpResponseCodec.decode(W3CHttpResponseCodec.java:53)
at org.openqa.selenium.remote.HttpCommandExecutor.execute(HttpCommandExecutor.java:184)
at org.openqa.selenium.remote.service.DriverCommandExecutor.invokeExecute(DriverCommandExecutor.java:167)
at org.openqa.selenium.remote.service.DriverCommandExecutor.execute(DriverCommandExecutor.java:142)
at org.openqa.selenium.remote.RemoteWebDriver.execute(RemoteWebDriver.java:567)
at org.openqa.selenium.remote.ElementLocation$ElementFinder$2.findElement(ElementLocation.java:162)
at org.openqa.selenium.remote.ElementLocation.findElement(ElementLocation.java:60)
at org.openqa.selenium.remote.RemoteWebDriver.findElement(RemoteWebDriver.java:385)
at org.openqa.selenium.remote.RemoteWebDriver.findElement(RemoteWebDriver.java:377)
at Testcases2.Login_page_Testcases.Login_with_valid_data(Login_page_Testcases.java:440)
at java.base/java.util.ArrayList.forEach(ArrayList.java:1511)
... Removed 32 stack frames]]>
    </failure>
  </testcase> <!-- Login_with_valid_data -->
</testsuite> <!-- Login_page_Testcases -->
