<html>
<head>
<title>TestNG:  Login_page_Testcases</title>
<link href="../testng.css" rel="stylesheet" type="text/css" />
<link href="../my-testng.css" rel="stylesheet" type="text/css" />

<style type="text/css">
.log { display: none;} 
.stack-trace { display: none;} 
</style>
<script type="text/javascript">
<!--
function flip(e) {
  current = e.style.display;
  if (current == 'block') {
    e.style.display = 'none';
    return 0;
  }
  else {
    e.style.display = 'block';
    return 1;
  }
}

function toggleBox(szDivId, elem, msg1, msg2)
{
  var res = -1;  if (document.getElementById) {
    res = flip(document.getElementById(szDivId));
  }
  else if (document.all) {
    // this is the way old msie versions work
    res = flip(document.all[szDivId]);
  }
  if(elem) {
    if(res == 0) elem.innerHTML = msg1; else elem.innerHTML = msg2;
  }

}

function toggleAllBoxes() {
  if (document.getElementsByTagName) {
    d = document.getElementsByTagName('div');
    for (i = 0; i < d.length; i++) {
      if (d[i].className == 'log') {
        flip(d[i]);
      }
    }
  }
}

// -->
</script>

</head>
<body>
<h2 align='center'>Login_page_Testcases</h2><table border='1' align="center">
<tr>
<td>Tests passed/Failed/Skipped:</td><td>36/2/0</td>
</tr><tr>
<td>Started on:</td><td>Sun Jun 05 07:22:07 IST 2022</td>
</tr>
<tr><td>Total time:</td><td>208 seconds (208182 ms)</td>
</tr><tr>
<td>Included groups:</td><td></td>
</tr><tr>
<td>Excluded groups:</td><td></td>
</tr>
</table><p/>
<small><i>(Hover the method name to see the test class name)</i></small><p/>
<table width='100%' border='1' class='invocation-failed'>
<tr><td colspan='4' align='center'><b>FAILED TESTS</b></td></tr>
<tr><td><b>Test method</b></td>
<td width="30%"><b>Exception</b></td>
<td width="10%"><b>Time (seconds)</b></td>
<td><b>Instance</b></td>
</tr>
<tr>
<td title='Testcases2.Login_page_Testcases.Login_with_valid_data()'><b>Login_with_valid_data</b><br>Test class: Testcases2.Login_page_Testcases</td>
<td><div><pre>org.openqa.selenium.NoSuchElementException: no such element: Unable to locate element: {&quot;method&quot;:&quot;xpath&quot;,&quot;selector&quot;:&quot;//input[@id=&apos;userName&apos;]&quot;}
  (Session info: chrome=102.0.5005.63)
For documentation on this error, please visit: https://selenium.dev/exceptions/#no_such_element
Build info: version: &apos;4.1.3&apos;, revision: &apos;7b1ebf28ef&apos;
System info: host: &apos;DESKTOP-P4GJM8J&apos;, ip: &apos;192.168.43.59&apos;, os.name: &apos;Windows 10&apos;, os.arch: &apos;amd64&apos;, os.version: &apos;10.0&apos;, java.version: &apos;16.0.2&apos;
Driver info: org.openqa.selenium.chrome.ChromeDriver
Command: [204f8a06b9c087727652a08f0e8625b3, findElement {using=xpath, value=//input[@id=&apos;userName&apos;]}]
Capabilities {acceptInsecureCerts: false, browserName: chrome, browserVersion: 102.0.5005.63, chrome: {chromedriverVersion: 101.0.4951.41 (93c720db8323..., userDataDir: C:\Users\Ramesh\AppData\Loc...}, goog:chromeOptions: {debuggerAddress: localhost:56964}, javascriptEnabled: true, networkConnectionEnabled: false, pageLoadStrategy: normal, platform: WINDOWS, platformName: WINDOWS, proxy: Proxy(), se:cdp: ws://localhost:56964/devtoo..., se:cdpVersion: 102.0.5005.63, setWindowRect: true, strictFileInteractability: false, timeouts: {implicit: 0, pageLoad: 300000, script: 30000}, unhandledPromptBehavior: dismiss and notify, webauthn:extension:credBlob: true, webauthn:extension:largeBlob: true, webauthn:virtualAuthenticators: true}
Session ID: 204f8a06b9c087727652a08f0e8625b3
	at org.openqa.selenium.remote.codec.w3c.W3CHttpResponseCodec.createException(W3CHttpResponseCodec.java:200)
	at org.openqa.selenium.remote.codec.w3c.W3CHttpResponseCodec.decode(W3CHttpResponseCodec.java:133)
	at org.openqa.selenium.remote.codec.w3c.W3CHttpResponseCodec.decode(W3CHttpResponseCodec.java:53)
	at org.openqa.selenium.remote.HttpCommandExecutor.execute(HttpCommandExecutor.java:184)
	at org.openqa.selenium.remote.service.DriverCommandExecutor.invokeExecute(DriverCommandExecutor.java:167)
	at org.openqa.selenium.remote.service.DriverCommandExecutor.execute(DriverCommandExecutor.java:142)
	at org.openqa.selenium.remote.RemoteWebDriver.execute(RemoteWebDriver.java:567)
	at org.openqa.selenium.remote.ElementLocation$ElementFinder$2.findElement(ElementLocation.java:162)
	at org.openqa.selenium.remote.ElementLocation.findElement(ElementLocation.java:60)
	at org.openqa.selenium.remote.RemoteWebDriver.findElement(RemoteWebDriver.java:385)
	at org.openqa.selenium.remote.RemoteWebDriver.findElement(RemoteWebDriver.java:377)
	at Testcases2.Login_page_Testcases.Login_with_valid_data(Login_page_Testcases.java:440)
	at java.base/java.util.ArrayList.forEach(ArrayList.java:1511)
... Removed 32 stack frames</pre></div><a href='#' onClick='toggleBox("stack-trace1087519874", this, "Click to show all stack frames", "Click to hide stack frames")'>Click to show all stack frames</a>
<div class='stack-trace' id='stack-trace1087519874'><pre>org.openqa.selenium.NoSuchElementException: no such element: Unable to locate element: {&quot;method&quot;:&quot;xpath&quot;,&quot;selector&quot;:&quot;//input[@id=&apos;userName&apos;]&quot;}
  (Session info: chrome=102.0.5005.63)
For documentation on this error, please visit: https://selenium.dev/exceptions/#no_such_element
Build info: version: &apos;4.1.3&apos;, revision: &apos;7b1ebf28ef&apos;
System info: host: &apos;DESKTOP-P4GJM8J&apos;, ip: &apos;192.168.43.59&apos;, os.name: &apos;Windows 10&apos;, os.arch: &apos;amd64&apos;, os.version: &apos;10.0&apos;, java.version: &apos;16.0.2&apos;
Driver info: org.openqa.selenium.chrome.ChromeDriver
Command: [204f8a06b9c087727652a08f0e8625b3, findElement {using=xpath, value=//input[@id=&apos;userName&apos;]}]
Capabilities {acceptInsecureCerts: false, browserName: chrome, browserVersion: 102.0.5005.63, chrome: {chromedriverVersion: 101.0.4951.41 (93c720db8323..., userDataDir: C:\Users\Ramesh\AppData\Loc...}, goog:chromeOptions: {debuggerAddress: localhost:56964}, javascriptEnabled: true, networkConnectionEnabled: false, pageLoadStrategy: normal, platform: WINDOWS, platformName: WINDOWS, proxy: Proxy(), se:cdp: ws://localhost:56964/devtoo..., se:cdpVersion: 102.0.5005.63, setWindowRect: true, strictFileInteractability: false, timeouts: {implicit: 0, pageLoad: 300000, script: 30000}, unhandledPromptBehavior: dismiss and notify, webauthn:extension:credBlob: true, webauthn:extension:largeBlob: true, webauthn:virtualAuthenticators: true}
Session ID: 204f8a06b9c087727652a08f0e8625b3
	at java.base/jdk.internal.reflect.NativeConstructorAccessorImpl.newInstance0(Native Method)
	at java.base/jdk.internal.reflect.NativeConstructorAccessorImpl.newInstance(NativeConstructorAccessorImpl.java:78)
	at java.base/jdk.internal.reflect.DelegatingConstructorAccessorImpl.newInstance(DelegatingConstructorAccessorImpl.java:45)
	at java.base/java.lang.reflect.Constructor.newInstanceWithCaller(Constructor.java:499)
	at java.base/java.lang.reflect.Constructor.newInstance(Constructor.java:480)
	at org.openqa.selenium.remote.codec.w3c.W3CHttpResponseCodec.createException(W3CHttpResponseCodec.java:200)
	at org.openqa.selenium.remote.codec.w3c.W3CHttpResponseCodec.decode(W3CHttpResponseCodec.java:133)
	at org.openqa.selenium.remote.codec.w3c.W3CHttpResponseCodec.decode(W3CHttpResponseCodec.java:53)
	at org.openqa.selenium.remote.HttpCommandExecutor.execute(HttpCommandExecutor.java:184)
	at org.openqa.selenium.remote.service.DriverCommandExecutor.invokeExecute(DriverCommandExecutor.java:167)
	at org.openqa.selenium.remote.service.DriverCommandExecutor.execute(DriverCommandExecutor.java:142)
	at org.openqa.selenium.remote.RemoteWebDriver.execute(RemoteWebDriver.java:567)
	at org.openqa.selenium.remote.ElementLocation$ElementFinder$2.findElement(ElementLocation.java:162)
	at org.openqa.selenium.remote.ElementLocation.findElement(ElementLocation.java:60)
	at org.openqa.selenium.remote.RemoteWebDriver.findElement(RemoteWebDriver.java:385)
	at org.openqa.selenium.remote.RemoteWebDriver.findElement(RemoteWebDriver.java:377)
	at Testcases2.Login_page_Testcases.Login_with_valid_data(Login_page_Testcases.java:440)
	at java.base/jdk.internal.reflect.NativeMethodAccessorImpl.invoke0(Native Method)
	at java.base/jdk.internal.reflect.NativeMethodAccessorImpl.invoke(NativeMethodAccessorImpl.java:78)
	at java.base/jdk.internal.reflect.DelegatingMethodAccessorImpl.invoke(DelegatingMethodAccessorImpl.java:43)
	at java.base/java.lang.reflect.Method.invoke(Method.java:567)
	at org.testng.internal.MethodInvocationHelper.invokeMethod(MethodInvocationHelper.java:133)
	at org.testng.internal.TestInvoker.invokeMethod(TestInvoker.java:598)
	at org.testng.internal.TestInvoker.invokeTestMethod(TestInvoker.java:173)
	at org.testng.internal.MethodRunner.runInSequence(MethodRunner.java:46)
	at org.testng.internal.TestInvoker$MethodInvocationAgent.invoke(TestInvoker.java:824)
	at org.testng.internal.TestInvoker.invokeTestMethods(TestInvoker.java:146)
	at org.testng.internal.TestMethodWorker.invokeTestMethods(TestMethodWorker.java:146)
	at org.testng.internal.TestMethodWorker.run(TestMethodWorker.java:128)
	at java.base/java.util.ArrayList.forEach(ArrayList.java:1511)
	at org.testng.TestRunner.privateRun(TestRunner.java:794)
	at org.testng.TestRunner.run(TestRunner.java:596)
	at org.testng.SuiteRunner.runTest(SuiteRunner.java:377)
	at org.testng.SuiteRunner.runSequentially(SuiteRunner.java:371)
	at org.testng.SuiteRunner.privateRun(SuiteRunner.java:332)
	at org.testng.SuiteRunner.run(SuiteRunner.java:276)
	at org.testng.SuiteRunnerWorker.runSuite(SuiteRunnerWorker.java:53)
	at org.testng.SuiteRunnerWorker.run(SuiteRunnerWorker.java:96)
	at org.testng.TestNG.runSuitesSequentially(TestNG.java:1212)
	at org.testng.TestNG.runSuitesLocally(TestNG.java:1134)
	at org.testng.TestNG.runSuites(TestNG.java:1063)
	at org.testng.TestNG.run(TestNG.java:1031)
	at org.testng.remote.AbstractRemoteTestNG.run(AbstractRemoteTestNG.java:115)
	at org.testng.remote.RemoteTestNG.initAndRun(RemoteTestNG.java:251)
	at org.testng.remote.RemoteTestNG.main(RemoteTestNG.java:77)
</pre></div></td>
<td>5</td>
<td>Testcases2.Login_page_Testcases@2b662a77</td></tr>
<tr>
<td title='Testcases2.Login_page_Testcases.click_on_login_button_if_username_empty_and_password_filled()'><b>click_on_login_button_if_username_empty_and_password_filled</b><br>Test class: Testcases2.Login_page_Testcases</td>
<td><div><pre>org.openqa.selenium.NoSuchElementException: no such element: Unable to locate element: {&quot;method&quot;:&quot;xpath&quot;,&quot;selector&quot;:&quot;//h1[contains(text(),&apos;Sign In&apos;)]&quot;}
  (Session info: chrome=102.0.5005.63)
For documentation on this error, please visit: https://selenium.dev/exceptions/#no_such_element
Build info: version: &apos;4.1.3&apos;, revision: &apos;7b1ebf28ef&apos;
System info: host: &apos;DESKTOP-P4GJM8J&apos;, ip: &apos;192.168.43.59&apos;, os.name: &apos;Windows 10&apos;, os.arch: &apos;amd64&apos;, os.version: &apos;10.0&apos;, java.version: &apos;16.0.2&apos;
Driver info: org.openqa.selenium.chrome.ChromeDriver
Command: [204f8a06b9c087727652a08f0e8625b3, findElement {using=xpath, value=//h1[contains(text(),&apos;Sign In&apos;)]}]
Capabilities {acceptInsecureCerts: false, browserName: chrome, browserVersion: 102.0.5005.63, chrome: {chromedriverVersion: 101.0.4951.41 (93c720db8323..., userDataDir: C:\Users\Ramesh\AppData\Loc...}, goog:chromeOptions: {debuggerAddress: localhost:56964}, javascriptEnabled: true, networkConnectionEnabled: false, pageLoadStrategy: normal, platform: WINDOWS, platformName: WINDOWS, proxy: Proxy(), se:cdp: ws://localhost:56964/devtoo..., se:cdpVersion: 102.0.5005.63, setWindowRect: true, strictFileInteractability: false, timeouts: {implicit: 0, pageLoad: 300000, script: 30000}, unhandledPromptBehavior: dismiss and notify, webauthn:extension:credBlob: true, webauthn:extension:largeBlob: true, webauthn:virtualAuthenticators: true}
Session ID: 204f8a06b9c087727652a08f0e8625b3
	at org.openqa.selenium.remote.codec.w3c.W3CHttpResponseCodec.createException(W3CHttpResponseCodec.java:200)
	at org.openqa.selenium.remote.codec.w3c.W3CHttpResponseCodec.decode(W3CHttpResponseCodec.java:133)
	at org.openqa.selenium.remote.codec.w3c.W3CHttpResponseCodec.decode(W3CHttpResponseCodec.java:53)
	at org.openqa.selenium.remote.HttpCommandExecutor.execute(HttpCommandExecutor.java:184)
	at org.openqa.selenium.remote.service.DriverCommandExecutor.invokeExecute(DriverCommandExecutor.java:167)
	at org.openqa.selenium.remote.service.DriverCommandExecutor.execute(DriverCommandExecutor.java:142)
	at org.openqa.selenium.remote.RemoteWebDriver.execute(RemoteWebDriver.java:567)
	at org.openqa.selenium.remote.ElementLocation$ElementFinder$2.findElement(ElementLocation.java:162)
	at org.openqa.selenium.remote.ElementLocation.findElement(ElementLocation.java:60)
	at org.openqa.selenium.remote.RemoteWebDriver.findElement(RemoteWebDriver.java:385)
	at org.openqa.selenium.remote.RemoteWebDriver.findElement(RemoteWebDriver.java:377)
	at Testcases2.Login_page_Testcases.click_on_login_button_if_username_empty_and_password_filled(Login_page_Testcases.java:429)
	at java.base/java.util.ArrayList.forEach(ArrayList.java:1511)
... Removed 32 stack frames</pre></div><a href='#' onClick='toggleBox("stack-trace1045336031", this, "Click to show all stack frames", "Click to hide stack frames")'>Click to show all stack frames</a>
<div class='stack-trace' id='stack-trace1045336031'><pre>org.openqa.selenium.NoSuchElementException: no such element: Unable to locate element: {&quot;method&quot;:&quot;xpath&quot;,&quot;selector&quot;:&quot;//h1[contains(text(),&apos;Sign In&apos;)]&quot;}
  (Session info: chrome=102.0.5005.63)
For documentation on this error, please visit: https://selenium.dev/exceptions/#no_such_element
Build info: version: &apos;4.1.3&apos;, revision: &apos;7b1ebf28ef&apos;
System info: host: &apos;DESKTOP-P4GJM8J&apos;, ip: &apos;192.168.43.59&apos;, os.name: &apos;Windows 10&apos;, os.arch: &apos;amd64&apos;, os.version: &apos;10.0&apos;, java.version: &apos;16.0.2&apos;
Driver info: org.openqa.selenium.chrome.ChromeDriver
Command: [204f8a06b9c087727652a08f0e8625b3, findElement {using=xpath, value=//h1[contains(text(),&apos;Sign In&apos;)]}]
Capabilities {acceptInsecureCerts: false, browserName: chrome, browserVersion: 102.0.5005.63, chrome: {chromedriverVersion: 101.0.4951.41 (93c720db8323..., userDataDir: C:\Users\Ramesh\AppData\Loc...}, goog:chromeOptions: {debuggerAddress: localhost:56964}, javascriptEnabled: true, networkConnectionEnabled: false, pageLoadStrategy: normal, platform: WINDOWS, platformName: WINDOWS, proxy: Proxy(), se:cdp: ws://localhost:56964/devtoo..., se:cdpVersion: 102.0.5005.63, setWindowRect: true, strictFileInteractability: false, timeouts: {implicit: 0, pageLoad: 300000, script: 30000}, unhandledPromptBehavior: dismiss and notify, webauthn:extension:credBlob: true, webauthn:extension:largeBlob: true, webauthn:virtualAuthenticators: true}
Session ID: 204f8a06b9c087727652a08f0e8625b3
	at java.base/jdk.internal.reflect.NativeConstructorAccessorImpl.newInstance0(Native Method)
	at java.base/jdk.internal.reflect.NativeConstructorAccessorImpl.newInstance(NativeConstructorAccessorImpl.java:78)
	at java.base/jdk.internal.reflect.DelegatingConstructorAccessorImpl.newInstance(DelegatingConstructorAccessorImpl.java:45)
	at java.base/java.lang.reflect.Constructor.newInstanceWithCaller(Constructor.java:499)
	at java.base/java.lang.reflect.Constructor.newInstance(Constructor.java:480)
	at org.openqa.selenium.remote.codec.w3c.W3CHttpResponseCodec.createException(W3CHttpResponseCodec.java:200)
	at org.openqa.selenium.remote.codec.w3c.W3CHttpResponseCodec.decode(W3CHttpResponseCodec.java:133)
	at org.openqa.selenium.remote.codec.w3c.W3CHttpResponseCodec.decode(W3CHttpResponseCodec.java:53)
	at org.openqa.selenium.remote.HttpCommandExecutor.execute(HttpCommandExecutor.java:184)
	at org.openqa.selenium.remote.service.DriverCommandExecutor.invokeExecute(DriverCommandExecutor.java:167)
	at org.openqa.selenium.remote.service.DriverCommandExecutor.execute(DriverCommandExecutor.java:142)
	at org.openqa.selenium.remote.RemoteWebDriver.execute(RemoteWebDriver.java:567)
	at org.openqa.selenium.remote.ElementLocation$ElementFinder$2.findElement(ElementLocation.java:162)
	at org.openqa.selenium.remote.ElementLocation.findElement(ElementLocation.java:60)
	at org.openqa.selenium.remote.RemoteWebDriver.findElement(RemoteWebDriver.java:385)
	at org.openqa.selenium.remote.RemoteWebDriver.findElement(RemoteWebDriver.java:377)
	at Testcases2.Login_page_Testcases.click_on_login_button_if_username_empty_and_password_filled(Login_page_Testcases.java:429)
	at java.base/jdk.internal.reflect.NativeMethodAccessorImpl.invoke0(Native Method)
	at java.base/jdk.internal.reflect.NativeMethodAccessorImpl.invoke(NativeMethodAccessorImpl.java:78)
	at java.base/jdk.internal.reflect.DelegatingMethodAccessorImpl.invoke(DelegatingMethodAccessorImpl.java:43)
	at java.base/java.lang.reflect.Method.invoke(Method.java:567)
	at org.testng.internal.MethodInvocationHelper.invokeMethod(MethodInvocationHelper.java:133)
	at org.testng.internal.TestInvoker.invokeMethod(TestInvoker.java:598)
	at org.testng.internal.TestInvoker.invokeTestMethod(TestInvoker.java:173)
	at org.testng.internal.MethodRunner.runInSequence(MethodRunner.java:46)
	at org.testng.internal.TestInvoker$MethodInvocationAgent.invoke(TestInvoker.java:824)
	at org.testng.internal.TestInvoker.invokeTestMethods(TestInvoker.java:146)
	at org.testng.internal.TestMethodWorker.invokeTestMethods(TestMethodWorker.java:146)
	at org.testng.internal.TestMethodWorker.run(TestMethodWorker.java:128)
	at java.base/java.util.ArrayList.forEach(ArrayList.java:1511)
	at org.testng.TestRunner.privateRun(TestRunner.java:794)
	at org.testng.TestRunner.run(TestRunner.java:596)
	at org.testng.SuiteRunner.runTest(SuiteRunner.java:377)
	at org.testng.SuiteRunner.runSequentially(SuiteRunner.java:371)
	at org.testng.SuiteRunner.privateRun(SuiteRunner.java:332)
	at org.testng.SuiteRunner.run(SuiteRunner.java:276)
	at org.testng.SuiteRunnerWorker.runSuite(SuiteRunnerWorker.java:53)
	at org.testng.SuiteRunnerWorker.run(SuiteRunnerWorker.java:96)
	at org.testng.TestNG.runSuitesSequentially(TestNG.java:1212)
	at org.testng.TestNG.runSuitesLocally(TestNG.java:1134)
	at org.testng.TestNG.runSuites(TestNG.java:1063)
	at org.testng.TestNG.run(TestNG.java:1031)
	at org.testng.remote.AbstractRemoteTestNG.run(AbstractRemoteTestNG.java:115)
	at org.testng.remote.RemoteTestNG.initAndRun(RemoteTestNG.java:251)
	at org.testng.remote.RemoteTestNG.main(RemoteTestNG.java:77)
</pre></div></td>
<td>21</td>
<td>Testcases2.Login_page_Testcases@2b662a77</td></tr>
</table><p>
<table width='100%' border='1' class='invocation-passed'>
<tr><td colspan='4' align='center'><b>PASSED TESTS</b></td></tr>
<tr><td><b>Test method</b></td>
<td width="30%"><b>Exception</b></td>
<td width="10%"><b>Time (seconds)</b></td>
<td><b>Instance</b></td>
</tr>
<tr>
<td title='Testcases2.Login_page_Testcases.check_username_field_visibility()'><b>check_username_field_visibility</b><br>Test class: Testcases2.Login_page_Testcases</td>
<td></td>
<td>0</td>
<td>Testcases2.Login_page_Testcases@2b662a77</td></tr>
<tr>
<td title='Testcases2.Login_page_Testcases.check_try_to_login_with_old_password()'><b>check_try_to_login_with_old_password</b><br>Test class: Testcases2.Login_page_Testcases</td>
<td></td>
<td>10</td>
<td>Testcases2.Login_page_Testcases@2b662a77</td></tr>
<tr>
<td title='Testcases2.Login_page_Testcases.forgot_password_page_header_visibility()'><b>forgot_password_page_header_visibility</b><br>Test class: Testcases2.Login_page_Testcases</td>
<td></td>
<td>0</td>
<td>Testcases2.Login_page_Testcases@2b662a77</td></tr>
<tr>
<td title='Testcases2.Login_page_Testcases.check_login_with_new_password()'><b>check_login_with_new_password</b><br>Test class: Testcases2.Login_page_Testcases</td>
<td></td>
<td>16</td>
<td>Testcases2.Login_page_Testcases@2b662a77</td></tr>
<tr>
<td title='Testcases2.Login_page_Testcases.check_username_field_exist_on_forgotpswd_page()'><b>check_username_field_exist_on_forgotpswd_page</b><br>Test class: Testcases2.Login_page_Testcases</td>
<td></td>
<td>0</td>
<td>Testcases2.Login_page_Testcases@2b662a77</td></tr>
<tr>
<td title='Testcases2.Login_page_Testcases.check_forgot_button_Visibility()'><b>check_forgot_button_Visibility</b><br>Test class: Testcases2.Login_page_Testcases</td>
<td></td>
<td>0</td>
<td>Testcases2.Login_page_Testcases@2b662a77</td></tr>
<tr>
<td title='Testcases2.Login_page_Testcases.check_set_password_button_text()'><b>check_set_password_button_text</b><br>Test class: Testcases2.Login_page_Testcases</td>
<td></td>
<td>0</td>
<td>Testcases2.Login_page_Testcases@2b662a77</td></tr>
<tr>
<td title='Testcases2.Login_page_Testcases.open_url()'><b>open_url</b><br>Test class: Testcases2.Login_page_Testcases</td>
<td></td>
<td>7</td>
<td>Testcases2.Login_page_Testcases@2b662a77</td></tr>
<tr>
<td title='Testcases2.Login_page_Testcases.check_username_field_contain_required_mesg()'><b>check_username_field_contain_required_mesg</b><br>Test class: Testcases2.Login_page_Testcases</td>
<td></td>
<td>5</td>
<td>Testcases2.Login_page_Testcases@2b662a77</td></tr>
<tr>
<td title='Testcases2.Login_page_Testcases.check_Login_button_visibility()'><b>check_Login_button_visibility</b><br>Test class: Testcases2.Login_page_Testcases</td>
<td></td>
<td>0</td>
<td>Testcases2.Login_page_Testcases@2b662a77</td></tr>
<tr>
<td title='Testcases2.Login_page_Testcases.check_confirm_pswd_field_placeholder_text_for_setpswd()'><b>check_confirm_pswd_field_placeholder_text_for_setpswd</b><br>Test class: Testcases2.Login_page_Testcases</td>
<td></td>
<td>0</td>
<td>Testcases2.Login_page_Testcases@2b662a77</td></tr>
<tr>
<td title='Testcases2.Login_page_Testcases.check_pswd_field_placeholder_text_for_setpswd()'><b>check_pswd_field_placeholder_text_for_setpswd</b><br>Test class: Testcases2.Login_page_Testcases</td>
<td></td>
<td>0</td>
<td>Testcases2.Login_page_Testcases@2b662a77</td></tr>
<tr>
<td title='Testcases2.Login_page_Testcases.Check_login_page_header()'><b>Check_login_page_header</b><br>Test class: Testcases2.Login_page_Testcases</td>
<td></td>
<td>0</td>
<td>Testcases2.Login_page_Testcases@2b662a77</td></tr>
<tr>
<td title='Testcases2.Login_page_Testcases.check_password_field_contain_required_mesg()'><b>check_password_field_contain_required_mesg</b><br>Test class: Testcases2.Login_page_Testcases</td>
<td></td>
<td>5</td>
<td>Testcases2.Login_page_Testcases@2b662a77</td></tr>
<tr>
<td title='Testcases2.Login_page_Testcases.check_username_field_contain_required_mesg_on_forgot_pswd_page()'><b>check_username_field_contain_required_mesg_on_forgot_pswd_page</b><br>Test class: Testcases2.Login_page_Testcases</td>
<td></td>
<td>10</td>
<td>Testcases2.Login_page_Testcases@2b662a77</td></tr>
<tr>
<td title='Testcases2.Login_page_Testcases.check_login_link_Visibility()'><b>check_login_link_Visibility</b><br>Test class: Testcases2.Login_page_Testcases</td>
<td></td>
<td>0</td>
<td>Testcases2.Login_page_Testcases@2b662a77</td></tr>
<tr>
<td title='Testcases2.Login_page_Testcases.check_pwd_field_contain_required_mesg_on_set_pswd_page()'><b>check_pwd_field_contain_required_mesg_on_set_pswd_page</b><br>Test class: Testcases2.Login_page_Testcases</td>
<td></td>
<td>4</td>
<td>Testcases2.Login_page_Testcases@2b662a77</td></tr>
<tr>
<td title='Testcases2.Login_page_Testcases.check_password_field_visibility()'><b>check_password_field_visibility</b><br>Test class: Testcases2.Login_page_Testcases</td>
<td></td>
<td>0</td>
<td>Testcases2.Login_page_Testcases@2b662a77</td></tr>
<tr>
<td title='Testcases2.Login_page_Testcases.set_again_old_password_from_reset_page()'><b>set_again_old_password_from_reset_page</b><br>Test class: Testcases2.Login_page_Testcases</td>
<td></td>
<td>13</td>
<td>Testcases2.Login_page_Testcases@2b662a77</td></tr>
<tr>
<td title='Testcases2.Login_page_Testcases.check_cnfrm_pwd_field_contain_required_mesg_on_set_pswd_page()'><b>check_cnfrm_pwd_field_contain_required_mesg_on_set_pswd_page</b><br>Test class: Testcases2.Login_page_Testcases</td>
<td></td>
<td>4</td>
<td>Testcases2.Login_page_Testcases@2b662a77</td></tr>
<tr>
<td title='Testcases2.Login_page_Testcases.check_Forgot_password_link_visibility()'><b>check_Forgot_password_link_visibility</b><br>Test class: Testcases2.Login_page_Testcases</td>
<td></td>
<td>0</td>
<td>Testcases2.Login_page_Testcases@2b662a77</td></tr>
<tr>
<td title='Testcases2.Login_page_Testcases.check_login_link_Visibilityon_setpassword_page()'><b>check_login_link_Visibilityon_setpassword_page</b><br>Test class: Testcases2.Login_page_Testcases</td>
<td></td>
<td>0</td>
<td>Testcases2.Login_page_Testcases@2b662a77</td></tr>
<tr>
<td title='Testcases2.Login_page_Testcases.check_confirm_pasword_field_Visibility()'><b>check_confirm_pasword_field_Visibility</b><br>Test class: Testcases2.Login_page_Testcases</td>
<td></td>
<td>0</td>
<td>Testcases2.Login_page_Testcases@2b662a77</td></tr>
<tr>
<td title='Testcases2.Login_page_Testcases.click_on_login_button_if_username_and_password_field_empty()'><b>click_on_login_button_if_username_and_password_field_empty</b><br>Test class: Testcases2.Login_page_Testcases</td>
<td></td>
<td>9</td>
<td>Testcases2.Login_page_Testcases@2b662a77</td></tr>
<tr>
<td title='Testcases2.Login_page_Testcases.check_forgot_functinality()'><b>check_forgot_functinality</b><br>Test class: Testcases2.Login_page_Testcases</td>
<td></td>
<td>12</td>
<td>Testcases2.Login_page_Testcases@2b662a77</td></tr>
<tr>
<td title='Testcases2.Login_page_Testcases.check_username_field_placeholder_text()'><b>check_username_field_placeholder_text</b><br>Test class: Testcases2.Login_page_Testcases</td>
<td></td>
<td>0</td>
<td>Testcases2.Login_page_Testcases@2b662a77</td></tr>
<tr>
<td title='Testcases2.Login_page_Testcases.check_login_link_clickable_on_resetpassword_page()'><b>check_login_link_clickable_on_resetpassword_page</b><br>Test class: Testcases2.Login_page_Testcases</td>
<td></td>
<td>5</td>
<td>Testcases2.Login_page_Testcases@2b662a77</td></tr>
<tr>
<td title='Testcases2.Login_page_Testcases.check_webpage_title()'><b>check_webpage_title</b><br>Test class: Testcases2.Login_page_Testcases</td>
<td></td>
<td>0</td>
<td>Testcases2.Login_page_Testcases@2b662a77</td></tr>
<tr>
<td title='Testcases2.Login_page_Testcases.check_login_link_clickable()'><b>check_login_link_clickable</b><br>Test class: Testcases2.Login_page_Testcases</td>
<td></td>
<td>5</td>
<td>Testcases2.Login_page_Testcases@2b662a77</td></tr>
<tr>
<td title='Testcases2.Login_page_Testcases.check_forgot_password_link_is_active()'><b>check_forgot_password_link_is_active</b><br>Test class: Testcases2.Login_page_Testcases</td>
<td></td>
<td>5</td>
<td>Testcases2.Login_page_Testcases@2b662a77</td></tr>
<tr>
<td title='Testcases2.Login_page_Testcases.check_set_password_functinality()'><b>check_set_password_functinality</b><br>Test class: Testcases2.Login_page_Testcases</td>
<td></td>
<td>10</td>
<td>Testcases2.Login_page_Testcases@2b662a77</td></tr>
<tr>
<td title='Testcases2.Login_page_Testcases.check_pwd_field_contain_length_mesg_on_set_pswd_page()'><b>check_pwd_field_contain_length_mesg_on_set_pswd_page</b><br>Test class: Testcases2.Login_page_Testcases</td>
<td></td>
<td>12</td>
<td>Testcases2.Login_page_Testcases@2b662a77</td></tr>
<tr>
<td title='Testcases2.Login_page_Testcases.click_on_login_button_if_username_filled_and_password_field_empty()'><b>click_on_login_button_if_username_filled_and_password_field_empty</b><br>Test class: Testcases2.Login_page_Testcases</td>
<td></td>
<td>9</td>
<td>Testcases2.Login_page_Testcases@2b662a77</td></tr>
<tr>
<td title='Testcases2.Login_page_Testcases.check_forgot_functinality_for_user_does_not_exist()'><b>check_forgot_functinality_for_user_does_not_exist</b><br>Test class: Testcases2.Login_page_Testcases</td>
<td></td>
<td>7</td>
<td>Testcases2.Login_page_Testcases@2b662a77</td></tr>
<tr>
<td title='Testcases2.Login_page_Testcases.check_pasword_field_Visibility()'><b>check_pasword_field_Visibility</b><br>Test class: Testcases2.Login_page_Testcases</td>
<td></td>
<td>8</td>
<td>Testcases2.Login_page_Testcases@2b662a77</td></tr>
<tr>
<td title='Testcases2.Login_page_Testcases.check_set_password_button_visibility()'><b>check_set_password_button_visibility</b><br>Test class: Testcases2.Login_page_Testcases</td>
<td></td>
<td>7</td>
<td>Testcases2.Login_page_Testcases@2b662a77</td></tr>
</table><p>
</body>
</html>