<?xml version="1.0" encoding="UTF-8"?>
<!-- Generated by org.testng.reporters.JUnitXMLReporter -->
<testsuite hostname="DESKTOP-P4GJM8J" failures="1" tests="16" name="MerchantMenu_Staff_Testcases" time="97.35" errors="0" timestamp="11 May 2022 12:04:37 GMT">
  <testcase classname="Testcases2.MerchantMenu_Staff_Testcases" name="Login" time="13.268"/>
  <testcase classname="Testcases2.MerchantMenu_Staff_Testcases" name="Check_Merchant_menu_display" time="0.122"/>
  <testcase classname="Testcases2.MerchantMenu_Staff_Testcases" name="Check_Merchant_menu_clickable" time="10.13"/>
  <testcase classname="Testcases2.MerchantMenu_Staff_Testcases" name="Check_Staff_menu_display" time="0.083"/>
  <testcase classname="Testcases2.MerchantMenu_Staff_Testcases" name="Check_Staff_menu_Clickable" time="5.089"/>
  <testcase classname="Testcases2.MerchantMenu_Staff_Testcases" name="Check_Staff_webpage_title" time="0.039"/>
  <testcase classname="Testcases2.MerchantMenu_Staff_Testcases" name="check_Merchant_Staff_page_header" time="0.051"/>
  <testcase classname="Testcases2.MerchantMenu_Staff_Testcases" name="Restaurant_List_field_label_txt" time="0.042"/>
  <testcase classname="Testcases2.MerchantMenu_Staff_Testcases" name="Check_Restaurant_List_field_displayed" time="0.05"/>
  <testcase classname="Testcases2.MerchantMenu_Staff_Testcases" name="Check_State_field_clickable_and_select_option" time="10.375"/>
  <testcase classname="Testcases2.MerchantMenu_Staff_Testcases" name="Edit_staff_icon_display" time="5.1"/>
  <testcase classname="Testcases2.MerchantMenu_Staff_Testcases" name="Edit_staff_icon_clickable" time="10.218"/>
  <testcase classname="Testcases2.MerchantMenu_Staff_Testcases" name="Update_staff_webpage_tile" time="0.053"/>
  <testcase classname="Testcases2.MerchantMenu_Staff_Testcases" name="back_to_list_button_display" time="0.051"/>
  <testcase classname="Testcases2.MerchantMenu_Staff_Testcases" name="Update_button_display" time="10.359"/>
  <testcase classname="Testcases2.MerchantMenu_Staff_Testcases" name="Edit_staff_functinality" time="25.729">
    <failure type="java.lang.AssertionError" message="expected [Staff Members] but found [Staff Member Details]">
      <![CDATA[java.lang.AssertionError: expected [Staff Members] but found [Staff Member Details]
	at Testcases2.MerchantMenu_Staff_Testcases.Edit_staff_functinality(MerchantMenu_Staff_Testcases.java:175)
... Removed 29 stack frames]]>
    </failure>
  </testcase> <!-- Edit_staff_functinality -->
</testsuite> <!-- MerchantMenu_Staff_Testcases -->
