<?xml version="1.0" encoding="UTF-8"?>
<!-- Generated by org.testng.reporters.JUnitXMLReporter -->
<testsuite ignored="0" hostname="DESKTOP-P4GJM8J" failures="1" tests="18" name="Profile_Page_Testcases" time="110.323" errors="0" timestamp="2022-06-05T14:02:14 IST">
  <testcase classname="Testcases2.Profile_Page_Testcases" name="Login" time="13.206"/>
  <testcase classname="Testcases2.Profile_Page_Testcases" name="Right_top_corner_profile_visibility" time="0.143"/>
  <testcase classname="Testcases2.Profile_Page_Testcases" name="Check_Right_top_corner_profile_name_clickable" time="11.447"/>
  <testcase classname="Testcases2.Profile_Page_Testcases" name="Check_Profile_icon_visibility" time="0.101"/>
  <testcase classname="Testcases2.Profile_Page_Testcases" name="Check_Profile_icon_Clickable" time="16.172"/>
  <testcase classname="Testcases2.Profile_Page_Testcases" name="Check_profile_webpage_title" time="0.034"/>
  <testcase classname="Testcases2.Profile_Page_Testcases" name="check_profile_page_header" time="0.061"/>
  <testcase classname="Testcases2.Profile_Page_Testcases" name="Check_profile_form_title_display" time="0.088"/>
  <testcase classname="Testcases2.Profile_Page_Testcases" name="Check_profile_form_title_text" time="0.04"/>
  <testcase classname="Testcases2.Profile_Page_Testcases" name="Check_update_button_visibility" time="0.048"/>
  <testcase classname="Testcases2.Profile_Page_Testcases" name="Check_update_button_text" time="0.041"/>
  <testcase classname="Testcases2.Profile_Page_Testcases" name="update_functinality_without_change" time="5.219"/>
  <testcase classname="Testcases2.Profile_Page_Testcases" name="update_functinality" time="14.08"/>
  <testcase classname="Testcases2.Profile_Page_Testcases" name="Check_username_email_phonenumber_role_field_disabled" time="0.837"/>
  <testcase classname="Testcases2.Profile_Page_Testcases" name="check_on_add_partner_page_mandatory_field_contain_mandatory_message" time="9.305">
    <failure type="org.openqa.selenium.NoSuchElementException" message="no such element: Unable to locate element: {&amp;quot;method&amp;quot;:&amp;quot;xpath&amp;quot;,&amp;quot;selector&amp;quot;:&amp;quot;//small[contains(text(),&amp;apos;First Name is required.&amp;apos;)]&amp;quot;}
  (Session info: chrome=102.0.5005.63)
For documentation on this error, please visit: https://selenium.dev/exceptions/#no_such_element
Build info: version: &amp;apos;4.1.3&amp;apos;, revision: &amp;apos;7b1ebf28ef&amp;apos;
System info: host: &amp;apos;DESKTOP-P4GJM8J&amp;apos;, ip: &amp;apos;192.168.43.59&amp;apos;, os.name: &amp;apos;Windows 10&amp;apos;, os.arch: &amp;apos;amd64&amp;apos;, os.version: &amp;apos;10.0&amp;apos;, java.version: &amp;apos;16.0.2&amp;apos;
Driver info: org.openqa.selenium.chrome.ChromeDriver
Command: [57338cfa468941e368d607bc255b6117, findElement {using=xpath, value=//small[contains(text(),&amp;apos;First Name is required.&amp;apos;)]}]
Capabilities {acceptInsecureCerts: false, browserName: chrome, browserVersion: 102.0.5005.63, chrome: {chromedriverVersion: 101.0.4951.41 (93c720db8323..., userDataDir: C:\Users\Ramesh\AppData\Loc...}, goog:chromeOptions: {debuggerAddress: localhost:49189}, javascriptEnabled: true, networkConnectionEnabled: false, pageLoadStrategy: normal, platform: WINDOWS, platformName: WINDOWS, proxy: Proxy(), se:cdp: ws://localhost:49189/devtoo..., se:cdpVersion: 102.0.5005.63, setWindowRect: true, strictFileInteractability: false, timeouts: {implicit: 0, pageLoad: 300000, script: 30000}, unhandledPromptBehavior: dismiss and notify, webauthn:extension:credBlob: true, webauthn:extension:largeBlob: true, webauthn:virtualAuthenticators: true}
Session ID: 57338cfa468941e368d607bc255b6117">
      <![CDATA[org.openqa.selenium.NoSuchElementException: no such element: Unable to locate element: {"method":"xpath","selector":"//small[contains(text(),'First Name is required.')]"}
  (Session info: chrome=102.0.5005.63)
For documentation on this error, please visit: https://selenium.dev/exceptions/#no_such_element
Build info: version: '4.1.3', revision: '7b1ebf28ef'
System info: host: 'DESKTOP-P4GJM8J', ip: '192.168.43.59', os.name: 'Windows 10', os.arch: 'amd64', os.version: '10.0', java.version: '16.0.2'
Driver info: org.openqa.selenium.chrome.ChromeDriver
Command: [57338cfa468941e368d607bc255b6117, findElement {using=xpath, value=//small[contains(text(),'First Name is required.')]}]
Capabilities {acceptInsecureCerts: false, browserName: chrome, browserVersion: 102.0.5005.63, chrome: {chromedriverVersion: 101.0.4951.41 (93c720db8323..., userDataDir: C:\Users\Ramesh\AppData\Loc...}, goog:chromeOptions: {debuggerAddress: localhost:49189}, javascriptEnabled: true, networkConnectionEnabled: false, pageLoadStrategy: normal, platform: WINDOWS, platformName: WINDOWS, proxy: Proxy(), se:cdp: ws://localhost:49189/devtoo..., se:cdpVersion: 102.0.5005.63, setWindowRect: true, strictFileInteractability: false, timeouts: {implicit: 0, pageLoad: 300000, script: 30000}, unhandledPromptBehavior: dismiss and notify, webauthn:extension:credBlob: true, webauthn:extension:largeBlob: true, webauthn:virtualAuthenticators: true}
Session ID: 57338cfa468941e368d607bc255b6117
at org.openqa.selenium.remote.codec.w3c.W3CHttpResponseCodec.createException(W3CHttpResponseCodec.java:200)
at org.openqa.selenium.remote.codec.w3c.W3CHttpResponseCodec.decode(W3CHttpResponseCodec.java:133)
at org.openqa.selenium.remote.codec.w3c.W3CHttpResponseCodec.decode(W3CHttpResponseCodec.java:53)
at org.openqa.selenium.remote.HttpCommandExecutor.execute(HttpCommandExecutor.java:184)
at org.openqa.selenium.remote.service.DriverCommandExecutor.invokeExecute(DriverCommandExecutor.java:167)
at org.openqa.selenium.remote.service.DriverCommandExecutor.execute(DriverCommandExecutor.java:142)
at org.openqa.selenium.remote.RemoteWebDriver.execute(RemoteWebDriver.java:567)
at org.openqa.selenium.remote.ElementLocation$ElementFinder$2.findElement(ElementLocation.java:162)
at org.openqa.selenium.remote.ElementLocation.findElement(ElementLocation.java:60)
at org.openqa.selenium.remote.RemoteWebDriver.findElement(RemoteWebDriver.java:385)
at org.openqa.selenium.remote.RemoteWebDriver.findElement(RemoteWebDriver.java:377)
at Testcases2.Profile_Page_Testcases.check_on_add_partner_page_mandatory_field_contain_mandatory_message(Profile_Page_Testcases.java:215)
at java.base/java.util.ArrayList.forEach(ArrayList.java:1511)
... Removed 32 stack frames]]>
    </failure>
  </testcase> <!-- check_on_add_partner_page_mandatory_field_contain_mandatory_message -->
  <testcase classname="Testcases2.Profile_Page_Testcases" name="Check_Web_Application_menu_visibility" time="6.149"/>
  <testcase classname="Testcases2.Profile_Page_Testcases" name="Check_Web_Application_profile_menu_visibility" time="0.055"/>
  <testcase classname="Testcases2.Profile_Page_Testcases" name="navigate_to_profile_page_using_menu" time="22.998"/>
</testsuite> <!-- Profile_Page_Testcases -->
