<?xml version="1.0" encoding="UTF-8"?>
<!-- Generated by org.testng.reporters.JUnitXMLReporter -->
<testsuite ignored="0" hostname="DESKTOP-P4GJM8J" failures="2" tests="51" name="Users_Page_Testcases" time="351.374" errors="0" timestamp="2022-06-03T18:59:32 IST">
  <testcase classname="Testcases2.Users_Page_Testcases" name="login" time="11.585"/>
  <testcase classname="Testcases2.Users_Page_Testcases" name="Check_Admin_menu_clickable" time="5.177"/>
  <testcase classname="Testcases2.Users_Page_Testcases" name="Check_users_menu_display" time="0.108"/>
  <testcase classname="Testcases2.Users_Page_Testcases" name="Check_users_menu_Clickable" time="5.126"/>
  <testcase classname="Testcases2.Users_Page_Testcases" name="Check_user_webpage_title" time="0.031"/>
  <testcase classname="Testcases2.Users_Page_Testcases" name="check_Users_page_header" time="0.051"/>
  <testcase classname="Testcases2.Users_Page_Testcases" name="Roles_field_label_text" time="0.044"/>
  <testcase classname="Testcases2.Users_Page_Testcases" name="Check_Roles_field_display" time="0.054"/>
  <testcase classname="Testcases2.Users_Page_Testcases" name="Check_select_column_name_field_visibility" time="5.119"/>
  <testcase classname="Testcases2.Users_Page_Testcases" name="placeholder_text_of_select_column_name_field" time="5.151"/>
  <testcase classname="Testcases2.Users_Page_Testcases" name="Check_search_functionality_for_User_Name_option" time="16.021"/>
  <testcase classname="Testcases2.Users_Page_Testcases" name="Check_search_functionality_for_firstName_option" time="15.717"/>
  <testcase classname="Testcases2.Users_Page_Testcases" name="Check_search_functionality_for_Last_Name_option" time="15.65"/>
  <testcase classname="Testcases2.Users_Page_Testcases" name="Check_search_functionality_for_Mobile_No_option" time="15.659"/>
  <testcase classname="Testcases2.Users_Page_Testcases" name="Check_search_functionality_for_email_option" time="15.686"/>
  <testcase classname="Testcases2.Users_Page_Testcases" name="Search_field_Display" time="5.151"/>
  <testcase classname="Testcases2.Users_Page_Testcases" name="Search_field_Placeholder" time="7.169"/>
  <testcase classname="Testcases2.Users_Page_Testcases" name="Search_field_editable" time="10.238"/>
  <testcase classname="Testcases2.Users_Page_Testcases" name="Search_functinality_record_which_does_not_exist" time="15.482"/>
  <testcase classname="Testcases2.Users_Page_Testcases" name="check_search_button_visibility" time="0.054"/>
  <testcase classname="Testcases2.Users_Page_Testcases" name="Clear_functinality_for_roles_field" time="10.452"/>
  <testcase classname="Testcases2.Users_Page_Testcases" name="Check_Roles_dropdown_clickable_and_select_value_from_dropdown" time="0.108"/>
  <testcase classname="Testcases2.Users_Page_Testcases" name="Clear_functinality_for_Search_field" time="20.36"/>
  <testcase classname="Testcases2.Users_Page_Testcases" name="Clear_functinality_for_roles_and_Search_field" time="10.96"/>
  <testcase classname="Testcases2.Users_Page_Testcases" name="Select_SuperAdmin_Option" time="0.177"/>
  <testcase classname="Testcases2.Users_Page_Testcases" name="Select_Admin_Option" time="0.244"/>
  <testcase classname="Testcases2.Users_Page_Testcases" name="Check_filter_for_Admin_Option" time="0.163">
    <failure type="org.openqa.selenium.NoSuchElementException" message="no such element: Unable to locate element: {&amp;quot;method&amp;quot;:&amp;quot;xpath&amp;quot;,&amp;quot;selector&amp;quot;:&amp;quot;//tbody/tr[1]/td[7]&amp;quot;}
  (Session info: chrome=102.0.5005.63)
For documentation on this error, please visit: https://selenium.dev/exceptions/#no_such_element
Build info: version: &amp;apos;4.1.3&amp;apos;, revision: &amp;apos;7b1ebf28ef&amp;apos;
System info: host: &amp;apos;DESKTOP-P4GJM8J&amp;apos;, ip: &amp;apos;192.168.0.182&amp;apos;, os.name: &amp;apos;Windows 10&amp;apos;, os.arch: &amp;apos;amd64&amp;apos;, os.version: &amp;apos;10.0&amp;apos;, java.version: &amp;apos;16.0.2&amp;apos;
Driver info: org.openqa.selenium.chrome.ChromeDriver
Command: [cab2d1b56b31112c601d4b8a1afb19e8, findElement {using=xpath, value=//tbody/tr[1]/td[7]}]
Capabilities {acceptInsecureCerts: false, browserName: chrome, browserVersion: 102.0.5005.63, chrome: {chromedriverVersion: 101.0.4951.41 (93c720db8323..., userDataDir: C:\Users\Ramesh\AppData\Loc...}, goog:chromeOptions: {debuggerAddress: localhost:60738}, javascriptEnabled: true, networkConnectionEnabled: false, pageLoadStrategy: normal, platform: WINDOWS, platformName: WINDOWS, proxy: Proxy(), se:cdp: ws://localhost:60738/devtoo..., se:cdpVersion: 102.0.5005.63, setWindowRect: true, strictFileInteractability: false, timeouts: {implicit: 0, pageLoad: 300000, script: 30000}, unhandledPromptBehavior: dismiss and notify, webauthn:extension:credBlob: true, webauthn:extension:largeBlob: true, webauthn:virtualAuthenticators: true}
Session ID: cab2d1b56b31112c601d4b8a1afb19e8">
      <![CDATA[org.openqa.selenium.NoSuchElementException: no such element: Unable to locate element: {"method":"xpath","selector":"//tbody/tr[1]/td[7]"}
  (Session info: chrome=102.0.5005.63)
For documentation on this error, please visit: https://selenium.dev/exceptions/#no_such_element
Build info: version: '4.1.3', revision: '7b1ebf28ef'
System info: host: 'DESKTOP-P4GJM8J', ip: '192.168.0.182', os.name: 'Windows 10', os.arch: 'amd64', os.version: '10.0', java.version: '16.0.2'
Driver info: org.openqa.selenium.chrome.ChromeDriver
Command: [cab2d1b56b31112c601d4b8a1afb19e8, findElement {using=xpath, value=//tbody/tr[1]/td[7]}]
Capabilities {acceptInsecureCerts: false, browserName: chrome, browserVersion: 102.0.5005.63, chrome: {chromedriverVersion: 101.0.4951.41 (93c720db8323..., userDataDir: C:\Users\Ramesh\AppData\Loc...}, goog:chromeOptions: {debuggerAddress: localhost:60738}, javascriptEnabled: true, networkConnectionEnabled: false, pageLoadStrategy: normal, platform: WINDOWS, platformName: WINDOWS, proxy: Proxy(), se:cdp: ws://localhost:60738/devtoo..., se:cdpVersion: 102.0.5005.63, setWindowRect: true, strictFileInteractability: false, timeouts: {implicit: 0, pageLoad: 300000, script: 30000}, unhandledPromptBehavior: dismiss and notify, webauthn:extension:credBlob: true, webauthn:extension:largeBlob: true, webauthn:virtualAuthenticators: true}
Session ID: cab2d1b56b31112c601d4b8a1afb19e8
at org.openqa.selenium.remote.codec.w3c.W3CHttpResponseCodec.createException(W3CHttpResponseCodec.java:200)
at org.openqa.selenium.remote.codec.w3c.W3CHttpResponseCodec.decode(W3CHttpResponseCodec.java:133)
at org.openqa.selenium.remote.codec.w3c.W3CHttpResponseCodec.decode(W3CHttpResponseCodec.java:53)
at org.openqa.selenium.remote.HttpCommandExecutor.execute(HttpCommandExecutor.java:184)
at org.openqa.selenium.remote.service.DriverCommandExecutor.invokeExecute(DriverCommandExecutor.java:167)
at org.openqa.selenium.remote.service.DriverCommandExecutor.execute(DriverCommandExecutor.java:142)
at org.openqa.selenium.remote.RemoteWebDriver.execute(RemoteWebDriver.java:567)
at org.openqa.selenium.remote.ElementLocation$ElementFinder$2.findElement(ElementLocation.java:162)
at org.openqa.selenium.remote.ElementLocation.findElement(ElementLocation.java:60)
at org.openqa.selenium.remote.RemoteWebDriver.findElement(RemoteWebDriver.java:385)
at org.openqa.selenium.remote.RemoteWebDriver.findElement(RemoteWebDriver.java:377)
at Testcases2.Users_Page_Testcases.Check_filter_for_Admin_Option(Users_Page_Testcases.java:383)
at java.base/java.util.ArrayList.forEach(ArrayList.java:1511)
... Removed 32 stack frames]]>
    </failure>
  </testcase> <!-- Check_filter_for_Admin_Option -->
  <testcase classname="Testcases2.Users_Page_Testcases" name="Select_Back_Office_Option" time="0.228"/>
  <testcase classname="Testcases2.Users_Page_Testcases" name="Select_Support_Option" time="0.182"/>
  <testcase classname="Testcases2.Users_Page_Testcases" name="Check_filter_for_support_Option" time="0.273"/>
  <testcase classname="Testcases2.Users_Page_Testcases" name="Select_staff_Option" time="0.196"/>
  <testcase classname="Testcases2.Users_Page_Testcases" name="Check_filter_for_staff_Option" time="0.201"/>
  <testcase classname="Testcases2.Users_Page_Testcases" name="Select_Customer_Option" time="0.205"/>
  <testcase classname="Testcases2.Users_Page_Testcases" name="Check_filter_for_Customer_Option" time="0.213"/>
  <testcase classname="Testcases2.Users_Page_Testcases" name="Add_Users_button_display" time="0.044"/>
  <testcase classname="Testcases2.Users_Page_Testcases" name="Add_Users_icon_display" time="0.042"/>
  <testcase classname="Testcases2.Users_Page_Testcases" name="Check_Add_Users_button_Functionality" time="5.324"/>
  <testcase classname="Testcases2.Users_Page_Testcases" name="Check_Add_Users_icon_Functionality" time="10.332"/>
  <testcase classname="Testcases2.Users_Page_Testcases" name="Back_to_list_button_display" time="10.256"/>
  <testcase classname="Testcases2.Users_Page_Testcases" name="Back_to_list_button_clickable" time="5.199"/>
  <testcase classname="Testcases2.Users_Page_Testcases" name="edit_User_icon_display" time="0.057"/>
  <testcase classname="Testcases2.Users_Page_Testcases" name="edit_user_icon_functionality" time="5.203"/>
  <testcase classname="Testcases2.Users_Page_Testcases" name="Back_to_list_button_on_User_Profile_Page" time="0.033"/>
  <testcase classname="Testcases2.Users_Page_Testcases" name="Check_Back_to_list_button_Functinality_on_User_Profile_Page" time="5.21"/>
  <testcase classname="Testcases2.Users_Page_Testcases" name="Update_button_functionality_on_User_Profile_page" time="23.851"/>
  <testcase classname="Testcases2.Users_Page_Testcases" name="updated_data_succssfully_save_and_reflected_on_users_home_page" time="23.667">
    <failure type="java.lang.AssertionError" message="expected [AdityaAmitAmit] but found [Amit]">
      <![CDATA[java.lang.AssertionError: expected [AdityaAmitAmit] but found [Amit]
at java.base/java.util.ArrayList.forEach(ArrayList.java:1511)
... Removed 34 stack frames]]>
    </failure>
  </testcase> <!-- updated_data_succssfully_save_and_reflected_on_users_home_page -->
  <testcase classname="Testcases2.Users_Page_Testcases" name="Add_user_page_mandatory_field_contain_mandatory_error_message" time="16.391"/>
  <testcase classname="Testcases2.Users_Page_Testcases" name="check_error_message_for_invalid_email" time="6.522"/>
  <testcase classname="Testcases2.Users_Page_Testcases" name="check_error_message_for_lessthan_ninedigit_phone_number" time="6.17"/>
  <testcase classname="Testcases2.Users_Page_Testcases" name="check_error_message_for_lessthan_sixdigit_zipcode" time="6.138"/>
  <testcase classname="Testcases2.Users_Page_Testcases" name="Add_new_user" time="22.967"/>
</testsuite> <!-- Users_Page_Testcases -->
