<?xml version="1.0" encoding="UTF-8"?>
<!-- Generated by org.testng.reporters.JUnitReportReporter -->
<testsuite hostname="DESKTOP-P4GJM8J" failures="0" tests="23" name="Testcases2.Admin_feedback_Testcases" time="72.448" errors="1" timestamp="2022-06-05T14:37:23 IST" skipped="0">
  <testcase classname="Testcases2.Admin_feedback_Testcases" name="Login" time="13.183"/>
  <system-out/>
  <testcase classname="Testcases2.Admin_feedback_Testcases" name="Check_Admin_menu_clickable" time="5.145"/>
  <system-out/>
  <testcase classname="Testcases2.Admin_feedback_Testcases" name="Check_feedback_menu_display" time="0.128"/>
  <system-out/>
  <testcase classname="Testcases2.Admin_feedback_Testcases" name="Check_feedback_menu_Clickable" time="5.096"/>
  <system-out/>
  <testcase classname="Testcases2.Admin_feedback_Testcases" name="Check_feedback_webpage_title" time="0.043"/>
  <system-out/>
  <testcase classname="Testcases2.Admin_feedback_Testcases" name="check_feedback_page_header" time="0.092"/>
  <system-out/>
  <testcase classname="Testcases2.Admin_feedback_Testcases" name="Check_default_option_for_select_status_field" time="5.283"/>
  <system-out/>
  <testcase classname="Testcases2.Admin_feedback_Testcases" name="Check_read_option_for_select_status_field" time="5.448"/>
  <system-out/>
  <testcase classname="Testcases2.Admin_feedback_Testcases" name="Check_UnRead_option_for_select_status_field" time="5.399"/>
  <system-out/>
  <testcase classname="Testcases2.Admin_feedback_Testcases" name="Check_search_field_button_display" time="0.101"/>
  <system-out/>
  <testcase classname="Testcases2.Admin_feedback_Testcases" name="Check_search_field_placeholder" time="0.137"/>
  <system-out/>
  <testcase classname="Testcases2.Admin_feedback_Testcases" name="Check_search_button_display" time="0.082"/>
  <system-out/>
  <testcase classname="Testcases2.Admin_feedback_Testcases" name="Check_search_button_text" time="0.050"/>
  <system-out/>
  <testcase classname="Testcases2.Admin_feedback_Testcases" name="clear_button_display" time="0.056"/>
  <system-out/>
  <testcase classname="Testcases2.Admin_feedback_Testcases" name="Check_clear_button_text" time="0.042"/>
  <system-out/>
  <testcase classname="Testcases2.Admin_feedback_Testcases" name="Check_search_functionality" time="5.103">
    <error message="no such element: Unable to locate element: {&quot;method&quot;:&quot;xpath&quot;,&quot;selector&quot;:&quot;//tbody/tr[2]/td[3]&quot;}
  (Session info: chrome=102.0.5005.63)
For documentation on this error, please visit: https://selenium.dev/exceptions/#no_such_element
Build info: version: &#039;4.1.3&#039;, revision: &#039;7b1ebf28ef&#039;
System info: host: &#039;DESKTOP-P4GJM8J&#039;, ip: &#039;192.168.43.59&#039;, os.name: &#039;Windows 10&#039;, os.arch: &#039;amd64&#039;, os.version: &#039;10.0&#039;, java.version: &#039;16.0.2&#039;
Driver info: org.openqa.selenium.chrome.ChromeDriver
Command: [156c17dbb67320b985e6cfb97e1452f9, findElement {using=xpath, value=//tbody/tr[2]/td[3]}]
Capabilities {acceptInsecureCerts: false, browserName: chrome, browserVersion: 102.0.5005.63, chrome: {chromedriverVersion: 101.0.4951.41 (93c720db8323..., userDataDir: C:\Users\Ramesh\AppData\Loc...}, goog:chromeOptions: {debuggerAddress: localhost:49779}, javascriptEnabled: true, networkConnectionEnabled: false, pageLoadStrategy: normal, platform: WINDOWS, platformName: WINDOWS, proxy: Proxy(), se:cdp: ws://localhost:49779/devtoo..., se:cdpVersion: 102.0.5005.63, setWindowRect: true, strictFileInteractability: false, timeouts: {implicit: 0, pageLoad: 300000, script: 30000}, unhandledPromptBehavior: dismiss and notify, webauthn:extension:credBlob: true, webauthn:extension:largeBlob: true, webauthn:virtualAuthenticators: true}
Session ID: 156c17dbb67320b985e6cfb97e1452f9" type="org.openqa.selenium.NoSuchElementException">
      <![CDATA[org.openqa.selenium.NoSuchElementException: no such element: Unable to locate element: {"method":"xpath","selector":"//tbody/tr[2]/td[3]"}
  (Session info: chrome=102.0.5005.63)
For documentation on this error, please visit: https://selenium.dev/exceptions/#no_such_element
Build info: version: '4.1.3', revision: '7b1ebf28ef'
System info: host: 'DESKTOP-P4GJM8J', ip: '192.168.43.59', os.name: 'Windows 10', os.arch: 'amd64', os.version: '10.0', java.version: '16.0.2'
Driver info: org.openqa.selenium.chrome.ChromeDriver
Command: [156c17dbb67320b985e6cfb97e1452f9, findElement {using=xpath, value=//tbody/tr[2]/td[3]}]
Capabilities {acceptInsecureCerts: false, browserName: chrome, browserVersion: 102.0.5005.63, chrome: {chromedriverVersion: 101.0.4951.41 (93c720db8323..., userDataDir: C:\Users\Ramesh\AppData\Loc...}, goog:chromeOptions: {debuggerAddress: localhost:49779}, javascriptEnabled: true, networkConnectionEnabled: false, pageLoadStrategy: normal, platform: WINDOWS, platformName: WINDOWS, proxy: Proxy(), se:cdp: ws://localhost:49779/devtoo..., se:cdpVersion: 102.0.5005.63, setWindowRect: true, strictFileInteractability: false, timeouts: {implicit: 0, pageLoad: 300000, script: 30000}, unhandledPromptBehavior: dismiss and notify, webauthn:extension:credBlob: true, webauthn:extension:largeBlob: true, webauthn:virtualAuthenticators: true}
Session ID: 156c17dbb67320b985e6cfb97e1452f9
at java.base/jdk.internal.reflect.NativeConstructorAccessorImpl.newInstance0(Native Method)
at java.base/jdk.internal.reflect.NativeConstructorAccessorImpl.newInstance(NativeConstructorAccessorImpl.java:78)
at java.base/jdk.internal.reflect.DelegatingConstructorAccessorImpl.newInstance(DelegatingConstructorAccessorImpl.java:45)
at java.base/java.lang.reflect.Constructor.newInstanceWithCaller(Constructor.java:499)
at java.base/java.lang.reflect.Constructor.newInstance(Constructor.java:480)
at org.openqa.selenium.remote.codec.w3c.W3CHttpResponseCodec.createException(W3CHttpResponseCodec.java:200)
at org.openqa.selenium.remote.codec.w3c.W3CHttpResponseCodec.decode(W3CHttpResponseCodec.java:133)
at org.openqa.selenium.remote.codec.w3c.W3CHttpResponseCodec.decode(W3CHttpResponseCodec.java:53)
at org.openqa.selenium.remote.HttpCommandExecutor.execute(HttpCommandExecutor.java:184)
at org.openqa.selenium.remote.service.DriverCommandExecutor.invokeExecute(DriverCommandExecutor.java:167)
at org.openqa.selenium.remote.service.DriverCommandExecutor.execute(DriverCommandExecutor.java:142)
at org.openqa.selenium.remote.RemoteWebDriver.execute(RemoteWebDriver.java:567)
at org.openqa.selenium.remote.ElementLocation$ElementFinder$2.findElement(ElementLocation.java:162)
at org.openqa.selenium.remote.ElementLocation.findElement(ElementLocation.java:60)
at org.openqa.selenium.remote.RemoteWebDriver.findElement(RemoteWebDriver.java:385)
at org.openqa.selenium.remote.RemoteWebDriver.findElement(RemoteWebDriver.java:377)
at Testcases2.Admin_feedback_Testcases.Check_search_functionality(Admin_feedback_Testcases.java:163)
at java.base/jdk.internal.reflect.NativeMethodAccessorImpl.invoke0(Native Method)
at java.base/jdk.internal.reflect.NativeMethodAccessorImpl.invoke(NativeMethodAccessorImpl.java:78)
at java.base/jdk.internal.reflect.DelegatingMethodAccessorImpl.invoke(DelegatingMethodAccessorImpl.java:43)
at java.base/java.lang.reflect.Method.invoke(Method.java:567)
at org.testng.internal.MethodInvocationHelper.invokeMethod(MethodInvocationHelper.java:133)
at org.testng.internal.TestInvoker.invokeMethod(TestInvoker.java:598)
at org.testng.internal.TestInvoker.invokeTestMethod(TestInvoker.java:173)
at org.testng.internal.MethodRunner.runInSequence(MethodRunner.java:46)
at org.testng.internal.TestInvoker$MethodInvocationAgent.invoke(TestInvoker.java:824)
at org.testng.internal.TestInvoker.invokeTestMethods(TestInvoker.java:146)
at org.testng.internal.TestMethodWorker.invokeTestMethods(TestMethodWorker.java:146)
at org.testng.internal.TestMethodWorker.run(TestMethodWorker.java:128)
at java.base/java.util.ArrayList.forEach(ArrayList.java:1511)
at org.testng.TestRunner.privateRun(TestRunner.java:794)
at org.testng.TestRunner.run(TestRunner.java:596)
at org.testng.SuiteRunner.runTest(SuiteRunner.java:377)
at org.testng.SuiteRunner.runSequentially(SuiteRunner.java:371)
at org.testng.SuiteRunner.privateRun(SuiteRunner.java:332)
at org.testng.SuiteRunner.run(SuiteRunner.java:276)
at org.testng.SuiteRunnerWorker.runSuite(SuiteRunnerWorker.java:53)
at org.testng.SuiteRunnerWorker.run(SuiteRunnerWorker.java:96)
at org.testng.TestNG.runSuitesSequentially(TestNG.java:1212)
at org.testng.TestNG.runSuitesLocally(TestNG.java:1134)
at org.testng.TestNG.runSuites(TestNG.java:1063)
at org.testng.TestNG.run(TestNG.java:1031)
at org.testng.remote.AbstractRemoteTestNG.run(AbstractRemoteTestNG.java:115)
at org.testng.remote.RemoteTestNG.initAndRun(RemoteTestNG.java:251)
at org.testng.remote.RemoteTestNG.main(RemoteTestNG.java:77)
]]>
    </error>
  </testcase> <!-- Check_search_functionality -->
  <system-out/>
  <testcase classname="Testcases2.Admin_feedback_Testcases" name="clear_functionality_for_select_status_field" time="8.775"/>
  <system-out/>
  <testcase classname="Testcases2.Admin_feedback_Testcases" name="clear_functionality_for_search_field" time="3.459"/>
  <system-out/>
  <testcase classname="Testcases2.Admin_feedback_Testcases" name="clear_functionality_for_select_status_and_search_field" time="3.947"/>
  <system-out/>
  <testcase classname="Testcases2.Admin_feedback_Testcases" name="Check_reply_icon_display" time="0.058"/>
  <system-out/>
  <testcase classname="Testcases2.Admin_feedback_Testcases" name="Check_reply_icon_clickable" time="5.207"/>
  <system-out/>
  <testcase classname="Testcases2.Admin_feedback_Testcases" name="Check_clear_button_display" time="0.094"/>
  <system-out/>
  <testcase classname="Testcases2.Admin_feedback_Testcases" name="Check_clear_button_functionality" time="5.520"/>
  <system-out/>
</testsuite> <!-- Testcases2.Admin_feedback_Testcases -->
