<?xml version="1.0" encoding="UTF-8"?>
<!-- Generated by org.testng.reporters.JUnitReportReporter -->
<testsuite hostname="DESKTOP-P4GJM8J" failures="0" tests="16" name="Testcases2.MerchantMenu_Staff_Testcases" time="90.759" errors="1" timestamp="11 May 2022 12:04:37 GMT">
  <testcase classname="Testcases2.MerchantMenu_Staff_Testcases" name="Check_State_field_clickable_and_select_option" time="10.375"/>
  <testcase classname="Testcases2.MerchantMenu_Staff_Testcases" name="Check_Merchant_menu_display" time="0.122"/>
  <testcase classname="Testcases2.MerchantMenu_Staff_Testcases" name="Update_staff_webpage_tile" time="0.053"/>
  <testcase classname="Testcases2.MerchantMenu_Staff_Testcases" name="check_Merchant_Staff_page_header" time="0.051"/>
  <testcase classname="Testcases2.MerchantMenu_Staff_Testcases" name="back_to_list_button_display" time="0.051"/>
  <testcase classname="Testcases2.MerchantMenu_Staff_Testcases" name="Check_Staff_menu_display" time="0.083"/>
  <testcase classname="Testcases2.MerchantMenu_Staff_Testcases" name="Check_Staff_webpage_title" time="0.039"/>
  <testcase classname="Testcases2.MerchantMenu_Staff_Testcases" name="Update_button_display" time="10.359"/>
  <testcase classname="Testcases2.MerchantMenu_Staff_Testcases" name="Restaurant_List_field_label_txt" time="0.042"/>
  <testcase classname="Testcases2.MerchantMenu_Staff_Testcases" name="Check_Restaurant_List_field_displayed" time="0.050"/>
  <testcase classname="Testcases2.MerchantMenu_Staff_Testcases" name="Edit_staff_icon_clickable" time="10.218"/>
  <testcase classname="Testcases2.MerchantMenu_Staff_Testcases" name="Check_Merchant_menu_clickable" time="10.130"/>
  <testcase classname="Testcases2.MerchantMenu_Staff_Testcases" name="Edit_staff_icon_display" time="5.100"/>
  <testcase classname="Testcases2.MerchantMenu_Staff_Testcases" name="Check_Staff_menu_Clickable" time="5.089"/>
  <testcase classname="Testcases2.MerchantMenu_Staff_Testcases" name="Login" time="13.268"/>
  <testcase classname="Testcases2.MerchantMenu_Staff_Testcases" name="Edit_staff_functinality" time="25.729">
    <error message="expected [Staff Members] but found [Staff Member Details]" type="java.lang.AssertionError">
      <![CDATA[java.lang.AssertionError: expected [Staff Members] but found [Staff Member Details]
	at org.testng.Assert.fail(Assert.java:94)
	at org.testng.Assert.failNotEquals(Assert.java:494)
	at org.testng.Assert.assertEquals(Assert.java:123)
	at org.testng.Assert.assertEquals(Assert.java:176)
	at org.testng.Assert.assertEquals(Assert.java:186)
	at Testcases2.MerchantMenu_Staff_Testcases.Edit_staff_functinality(MerchantMenu_Staff_Testcases.java:175)
	at java.base/jdk.internal.reflect.NativeMethodAccessorImpl.invoke0(Native Method)
	at java.base/jdk.internal.reflect.NativeMethodAccessorImpl.invoke(NativeMethodAccessorImpl.java:78)
	at java.base/jdk.internal.reflect.DelegatingMethodAccessorImpl.invoke(DelegatingMethodAccessorImpl.java:43)
	at java.base/java.lang.reflect.Method.invoke(Method.java:567)
	at org.testng.internal.MethodInvocationHelper.invokeMethod(MethodInvocationHelper.java:80)
	at org.testng.internal.Invoker.invokeMethod(Invoker.java:714)
	at org.testng.internal.Invoker.invokeTestMethod(Invoker.java:901)
	at org.testng.internal.Invoker.invokeTestMethods(Invoker.java:1231)
	at org.testng.internal.TestMethodWorker.invokeTestMethods(TestMethodWorker.java:127)
	at org.testng.internal.TestMethodWorker.run(TestMethodWorker.java:111)
	at org.testng.TestRunner.privateRun(TestRunner.java:767)
	at org.testng.TestRunner.run(TestRunner.java:617)
	at org.testng.SuiteRunner.runTest(SuiteRunner.java:334)
	at org.testng.SuiteRunner.runSequentially(SuiteRunner.java:329)
	at org.testng.SuiteRunner.privateRun(SuiteRunner.java:291)
	at org.testng.SuiteRunner.run(SuiteRunner.java:240)
	at org.testng.SuiteRunnerWorker.runSuite(SuiteRunnerWorker.java:52)
	at org.testng.SuiteRunnerWorker.run(SuiteRunnerWorker.java:86)
	at org.testng.TestNG.runSuitesSequentially(TestNG.java:1198)
	at org.testng.TestNG.runSuitesLocally(TestNG.java:1123)
	at org.testng.TestNG.run(TestNG.java:1031)
	at org.testng.remote.AbstractRemoteTestNG.run(AbstractRemoteTestNG.java:115)
	at org.testng.remote.RemoteTestNG.initAndRun(RemoteTestNG.java:251)
	at org.testng.remote.RemoteTestNG.main(RemoteTestNG.java:77)
]]>
    </error>
  </testcase> <!-- Edit_staff_functinality -->
</testsuite> <!-- Testcases2.MerchantMenu_Staff_Testcases -->
