<?xml version="1.0" encoding="UTF-8"?>
<!-- Generated by org.testng.reporters.JUnitReportReporter -->
<testsuite hostname="DESKTOP-P4GJM8J" failures="1" tests="36" name="Testcases2.Admin_Partners_Testcases" time="285.470" errors="0" timestamp="2022-06-06T11:52:48 IST" skipped="0">
  <testcase classname="Testcases2.Admin_Partners_Testcases" name="Login" time="15.866"/>
  <system-out/>
  <testcase classname="Testcases2.Admin_Partners_Testcases" name="Check_Admin_menu_clickable" time="5.583"/>
  <system-out/>
  <testcase classname="Testcases2.Admin_Partners_Testcases" name="Check_Partners_menu_display" time="0.362"/>
  <system-out/>
  <testcase classname="Testcases2.Admin_Partners_Testcases" name="Check_Partners_menu_Clickable" time="5.434"/>
  <system-out/>
  <testcase classname="Testcases2.Admin_Partners_Testcases" name="Check_Partners_webpage_title" time="0.063"/>
  <system-out/>
  <testcase classname="Testcases2.Admin_Partners_Testcases" name="check_Partners_page_header" time="0.228"/>
  <system-out/>
  <testcase classname="Testcases2.Admin_Partners_Testcases" name="Check_Add_partner_button_display" time="0.297"/>
  <system-out/>
  <testcase classname="Testcases2.Admin_Partners_Testcases" name="Check_Add_partner_icon_display" time="0.269"/>
  <system-out/>
  <testcase classname="Testcases2.Admin_Partners_Testcases" name="text_of_Add_partner_button" time="0.166"/>
  <system-out/>
  <testcase classname="Testcases2.Admin_Partners_Testcases" name="view_partner_icon_display" time="0.217"/>
  <system-out/>
  <testcase classname="Testcases2.Admin_Partners_Testcases" name="view_partner_icon_clickable" time="10.061"/>
  <system-out/>
  <testcase classname="Testcases2.Admin_Partners_Testcases" name="check_Back_to_list_button_display" time="0.284"/>
  <system-out/>
  <testcase classname="Testcases2.Admin_Partners_Testcases" name="check_Back_to_list_button_clickable" time="4.946"/>
  <system-out/>
  <testcase classname="Testcases2.Admin_Partners_Testcases" name="check_edit_partner_icon_display" time="7.772"/>
  <system-out/>
  <testcase classname="Testcases2.Admin_Partners_Testcases" name="check_edit_partner_icon_clickable" time="11.711"/>
  <system-out/>
  <testcase classname="Testcases2.Admin_Partners_Testcases" name="check_Cancel_button_display" time="8.174"/>
  <system-out/>
  <testcase classname="Testcases2.Admin_Partners_Testcases" name="check_cancel_button_clickable" time="7.598"/>
  <system-out/>
  <testcase classname="Testcases2.Admin_Partners_Testcases" name="check_Update_button_display" time="10.615"/>
  <system-out/>
  <testcase classname="Testcases2.Admin_Partners_Testcases" name="check_Update_button_clickable" time="7.335"/>
  <system-out/>
  <testcase classname="Testcases2.Admin_Partners_Testcases" name="check_Add_Partner_icon_display" time="5.133"/>
  <system-out/>
  <testcase classname="Testcases2.Admin_Partners_Testcases" name="check_Add_partner_icon_clickable" time="7.948"/>
  <system-out/>
  <testcase classname="Testcases2.Admin_Partners_Testcases" name="check_Add_Partner_button_display" time="5.129"/>
  <system-out/>
  <testcase classname="Testcases2.Admin_Partners_Testcases" name="check_Add_partner_button_clickable" time="7.408"/>
  <system-out/>
  <testcase classname="Testcases2.Admin_Partners_Testcases" name="check_cancel_button_display" time="5.197"/>
  <system-out/>
  <testcase classname="Testcases2.Admin_Partners_Testcases" name="check_cancel_button_clickable_on_add_partner_page" time="7.415"/>
  <system-out/>
  <testcase classname="Testcases2.Admin_Partners_Testcases" name="check_search_field_visibility" time="0.122"/>
  <system-out/>
  <testcase classname="Testcases2.Admin_Partners_Testcases" name="check_search_field_placeholder" time="0.121"/>
  <system-out/>
  <testcase classname="Testcases2.Admin_Partners_Testcases" name="check_clear_button_visibility" time="0.112"/>
  <system-out/>
  <testcase classname="Testcases2.Admin_Partners_Testcases" name="clear_button_text" time="0.096"/>
  <system-out/>
  <testcase classname="Testcases2.Admin_Partners_Testcases" name="search_functionality" time="5.833"/>
  <system-out/>
  <testcase classname="Testcases2.Admin_Partners_Testcases" name="check_clear_functionality" time="20.298"/>
  <system-out/>
  <testcase classname="Testcases2.Admin_Partners_Testcases" name="check_on_add_partner_page_mandatory_field_contain_mandatory_message" time="20.715"/>
  <system-out/>
  <testcase classname="Testcases2.Admin_Partners_Testcases" name="check_Add_partner_functionality_for_invalid_input" time="42.715"/>
  <system-out/>
  <testcase classname="Testcases2.Admin_Partners_Testcases" name="check_logo_file_size_message" time="17.788"/>
  <system-out/>
  <testcase classname="Testcases2.Admin_Partners_Testcases" name="check_save_and_proceed_button_display" time="6.960"/>
  <system-out/>
  <testcase classname="Testcases2.Admin_Partners_Testcases" name="check_Add_partner_functionality_for_valid_input" time="35.499">
    <failure message="expected [Partners List] but found [Add Partner]" type="java.lang.AssertionError">
      <![CDATA[java.lang.AssertionError: expected [Partners List] but found [Add Partner]
at org.testng.Assert.fail(Assert.java:99)
at org.testng.Assert.failNotEquals(Assert.java:1037)
at org.testng.Assert.assertEqualsImpl(Assert.java:140)
at org.testng.Assert.assertEquals(Assert.java:122)
at org.testng.Assert.assertEquals(Assert.java:629)
at org.testng.Assert.assertEquals(Assert.java:639)
at Testcases2.Admin_Partners_Testcases.check_Add_partner_functionality_for_valid_input(Admin_Partners_Testcases.java:544)
at java.base/jdk.internal.reflect.NativeMethodAccessorImpl.invoke0(Native Method)
at java.base/jdk.internal.reflect.NativeMethodAccessorImpl.invoke(NativeMethodAccessorImpl.java:78)
at java.base/jdk.internal.reflect.DelegatingMethodAccessorImpl.invoke(DelegatingMethodAccessorImpl.java:43)
at java.base/java.lang.reflect.Method.invoke(Method.java:567)
at org.testng.internal.MethodInvocationHelper.invokeMethod(MethodInvocationHelper.java:133)
at org.testng.internal.TestInvoker.invokeMethod(TestInvoker.java:598)
at org.testng.internal.TestInvoker.invokeTestMethod(TestInvoker.java:173)
at org.testng.internal.MethodRunner.runInSequence(MethodRunner.java:46)
at org.testng.internal.TestInvoker$MethodInvocationAgent.invoke(TestInvoker.java:824)
at org.testng.internal.TestInvoker.invokeTestMethods(TestInvoker.java:146)
at org.testng.internal.TestMethodWorker.invokeTestMethods(TestMethodWorker.java:146)
at org.testng.internal.TestMethodWorker.run(TestMethodWorker.java:128)
at java.base/java.util.ArrayList.forEach(ArrayList.java:1511)
at org.testng.TestRunner.privateRun(TestRunner.java:794)
at org.testng.TestRunner.run(TestRunner.java:596)
at org.testng.SuiteRunner.runTest(SuiteRunner.java:377)
at org.testng.SuiteRunner.runSequentially(SuiteRunner.java:371)
at org.testng.SuiteRunner.privateRun(SuiteRunner.java:332)
at org.testng.SuiteRunner.run(SuiteRunner.java:276)
at org.testng.SuiteRunnerWorker.runSuite(SuiteRunnerWorker.java:53)
at org.testng.SuiteRunnerWorker.run(SuiteRunnerWorker.java:96)
at org.testng.TestNG.runSuitesSequentially(TestNG.java:1212)
at org.testng.TestNG.runSuitesLocally(TestNG.java:1134)
at org.testng.TestNG.runSuites(TestNG.java:1063)
at org.testng.TestNG.run(TestNG.java:1031)
at org.testng.remote.AbstractRemoteTestNG.run(AbstractRemoteTestNG.java:115)
at org.testng.remote.RemoteTestNG.initAndRun(RemoteTestNG.java:251)
at org.testng.remote.RemoteTestNG.main(RemoteTestNG.java:77)
]]>
    </failure>
  </testcase> <!-- check_Add_partner_functionality_for_valid_input -->
  <system-out/>
</testsuite> <!-- Testcases2.Admin_Partners_Testcases -->
