<?xml version="1.0" encoding="UTF-8"?>
<!-- Generated by org.testng.reporters.JUnitReportReporter -->
<testsuite hostname="DESKTOP-P4GJM8J" failures="1" tests="38" name="Testcases2.Users_Page_Testcases" time="222.970" errors="1" timestamp="10 May 2022 10:27:32 GMT">
  <testcase classname="Testcases2.Users_Page_Testcases" name="Check_Add_Users_icon_Functionality" time="10.416"/>
  <testcase classname="Testcases2.Users_Page_Testcases" name="Update_button_functionality_on_User_Profile_page" time="38.829"/>
  <testcase classname="Testcases2.Users_Page_Testcases" name="Check_Back_to_list_button_Functinality_on_User_Profile_Page" time="5.204"/>
  <testcase classname="Testcases2.Users_Page_Testcases" name="check_Users_page_header" time="0.048"/>
  <testcase classname="Testcases2.Users_Page_Testcases" name="Add_Users_icon_display" time="0.050"/>
  <testcase classname="Testcases2.Users_Page_Testcases" name="edit_user_icon_functionality" time="5.192"/>
  <testcase classname="Testcases2.Users_Page_Testcases" name="Add_new_user" time="22.747"/>
  <testcase classname="Testcases2.Users_Page_Testcases" name="Check_users_menu_display" time="0.365"/>
  <testcase classname="Testcases2.Users_Page_Testcases" name="Check_records_displayed" time="10.071">
    <failure message="no such element: Unable to locate element: {&quot;method&quot;:&quot;xpath&quot;,&quot;selector&quot;:&quot;//body/app-root[1]/app-layout[1]/section[1]/div[1]/app-admin[1]/app-user[1]/div[2]/div[1]/app-grid[1]/div[1]/p-table[1]/div[1]/p-paginator[1]/div[1]/p-dropdown[1]&quot;}
  (Session info: chrome=100.0.4896.127)
For documentation on this error, please visit: https://selenium.dev/exceptions/#no_such_element
Build info: version: &#039;4.0.0-alpha-4&#039;, revision: &#039;c2d955b49e&#039;
System info: host: &#039;DESKTOP-P4GJM8J&#039;, ip: &#039;192.168.0.161&#039;, os.name: &#039;Windows 10&#039;, os.arch: &#039;amd64&#039;, os.version: &#039;10.0&#039;, java.version: &#039;16.0.2&#039;
Driver info: org.openqa.selenium.chrome.ChromeDriver
Capabilities {acceptInsecureCerts: false, browserName: chrome, browserVersion: 100.0.4896.127, chrome: {chromedriverVersion: 100.0.4896.60 (6a5d10861ce8..., userDataDir: C:\Users\Ramesh\AppData\Loc...}, goog:chromeOptions: {debuggerAddress: localhost:59992}, javascriptEnabled: true, networkConnectionEnabled: false, pageLoadStrategy: normal, platform: WINDOWS, platformName: WINDOWS, proxy: Proxy(), setWindowRect: true, strictFileInteractability: false, timeouts: {implicit: 0, pageLoad: 300000, script: 30000}, unhandledPromptBehavior: dismiss and notify, webauthn:extension:credBlob: true, webauthn:extension:largeBlob: true, webauthn:virtualAuthenticators: true}
Session ID: 3bc28957be56169003e667694ed34a15
*** Element info: {Using=xpath, value=//body/app-root[1]/app-layout[1]/section[1]/div[1]/app-admin[1]/app-user[1]/div[2]/div[1]/app-grid[1]/div[1]/p-table[1]/div[1]/p-paginator[1]/div[1]/p-dropdown[1]}" type="org.openqa.selenium.NoSuchElementException">
      <![CDATA[org.openqa.selenium.NoSuchElementException: no such element: Unable to locate element: {"method":"xpath","selector":"//body/app-root[1]/app-layout[1]/section[1]/div[1]/app-admin[1]/app-user[1]/div[2]/div[1]/app-grid[1]/div[1]/p-table[1]/div[1]/p-paginator[1]/div[1]/p-dropdown[1]"}
  (Session info: chrome=100.0.4896.127)
For documentation on this error, please visit: https://selenium.dev/exceptions/#no_such_element
Build info: version: '4.0.0-alpha-4', revision: 'c2d955b49e'
System info: host: 'DESKTOP-P4GJM8J', ip: '192.168.0.161', os.name: 'Windows 10', os.arch: 'amd64', os.version: '10.0', java.version: '16.0.2'
Driver info: org.openqa.selenium.chrome.ChromeDriver
Capabilities {acceptInsecureCerts: false, browserName: chrome, browserVersion: 100.0.4896.127, chrome: {chromedriverVersion: 100.0.4896.60 (6a5d10861ce8..., userDataDir: C:\Users\Ramesh\AppData\Loc...}, goog:chromeOptions: {debuggerAddress: localhost:59992}, javascriptEnabled: true, networkConnectionEnabled: false, pageLoadStrategy: normal, platform: WINDOWS, platformName: WINDOWS, proxy: Proxy(), setWindowRect: true, strictFileInteractability: false, timeouts: {implicit: 0, pageLoad: 300000, script: 30000}, unhandledPromptBehavior: dismiss and notify, webauthn:extension:credBlob: true, webauthn:extension:largeBlob: true, webauthn:virtualAuthenticators: true}
Session ID: 3bc28957be56169003e667694ed34a15
*** Element info: {Using=xpath, value=//body/app-root[1]/app-layout[1]/section[1]/div[1]/app-admin[1]/app-user[1]/div[2]/div[1]/app-grid[1]/div[1]/p-table[1]/div[1]/p-paginator[1]/div[1]/p-dropdown[1]}
	at java.base/jdk.internal.reflect.NativeConstructorAccessorImpl.newInstance0(Native Method)
	at java.base/jdk.internal.reflect.NativeConstructorAccessorImpl.newInstance(NativeConstructorAccessorImpl.java:78)
	at java.base/jdk.internal.reflect.DelegatingConstructorAccessorImpl.newInstance(DelegatingConstructorAccessorImpl.java:45)
	at java.base/java.lang.reflect.Constructor.newInstanceWithCaller(Constructor.java:499)
	at java.base/java.lang.reflect.Constructor.newInstance(Constructor.java:480)
	at org.openqa.selenium.remote.codec.w3c.W3CHttpResponseCodec.createException(W3CHttpResponseCodec.java:196)
	at org.openqa.selenium.remote.codec.w3c.W3CHttpResponseCodec.decode(W3CHttpResponseCodec.java:129)
	at org.openqa.selenium.remote.codec.w3c.W3CHttpResponseCodec.decode(W3CHttpResponseCodec.java:53)
	at org.openqa.selenium.remote.HttpCommandExecutor.execute(HttpCommandExecutor.java:161)
	at org.openqa.selenium.remote.service.DriverCommandExecutor.execute(DriverCommandExecutor.java:83)
	at org.openqa.selenium.remote.RemoteWebDriver.execute(RemoteWebDriver.java:582)
	at org.openqa.selenium.remote.RemoteWebDriver.findElement(RemoteWebDriver.java:333)
	at org.openqa.selenium.remote.RemoteWebDriver.findElementByXPath(RemoteWebDriver.java:451)
	at org.openqa.selenium.By$ByXPath.findElement(By.java:394)
	at org.openqa.selenium.remote.RemoteWebDriver.findElement(RemoteWebDriver.java:325)
	at Testcases2.Users_Page_Testcases.Check_records_displayed(Users_Page_Testcases.java:314)
	at java.base/jdk.internal.reflect.NativeMethodAccessorImpl.invoke0(Native Method)
	at java.base/jdk.internal.reflect.NativeMethodAccessorImpl.invoke(NativeMethodAccessorImpl.java:78)
	at java.base/jdk.internal.reflect.DelegatingMethodAccessorImpl.invoke(DelegatingMethodAccessorImpl.java:43)
	at java.base/java.lang.reflect.Method.invoke(Method.java:567)
	at org.testng.internal.MethodInvocationHelper.invokeMethod(MethodInvocationHelper.java:80)
	at org.testng.internal.Invoker.invokeMethod(Invoker.java:714)
	at org.testng.internal.Invoker.invokeTestMethod(Invoker.java:901)
	at org.testng.internal.Invoker.invokeTestMethods(Invoker.java:1231)
	at org.testng.internal.TestMethodWorker.invokeTestMethods(TestMethodWorker.java:127)
	at org.testng.internal.TestMethodWorker.run(TestMethodWorker.java:111)
	at org.testng.TestRunner.privateRun(TestRunner.java:767)
	at org.testng.TestRunner.run(TestRunner.java:617)
	at org.testng.SuiteRunner.runTest(SuiteRunner.java:334)
	at org.testng.SuiteRunner.runSequentially(SuiteRunner.java:329)
	at org.testng.SuiteRunner.privateRun(SuiteRunner.java:291)
	at org.testng.SuiteRunner.run(SuiteRunner.java:240)
	at org.testng.SuiteRunnerWorker.runSuite(SuiteRunnerWorker.java:52)
	at org.testng.SuiteRunnerWorker.run(SuiteRunnerWorker.java:86)
	at org.testng.TestNG.runSuitesSequentially(TestNG.java:1198)
	at org.testng.TestNG.runSuitesLocally(TestNG.java:1123)
	at org.testng.TestNG.run(TestNG.java:1031)
	at org.testng.remote.AbstractRemoteTestNG.run(AbstractRemoteTestNG.java:115)
	at org.testng.remote.RemoteTestNG.initAndRun(RemoteTestNG.java:251)
	at org.testng.remote.RemoteTestNG.main(RemoteTestNG.java:77)
]]>
    </failure>
  </testcase> <!-- Check_records_displayed -->
  <testcase classname="Testcases2.Users_Page_Testcases" name="Check_user_webpage_title" time="0.046"/>
  <testcase classname="Testcases2.Users_Page_Testcases" name="Check_Add_Users_button_Functionality" time="5.293"/>
  <testcase classname="Testcases2.Users_Page_Testcases" name="Search_field_Placeholder" time="17.205"/>
  <testcase classname="Testcases2.Users_Page_Testcases" name="Select_Back_Office_Option" time="0.273"/>
  <testcase classname="Testcases2.Users_Page_Testcases" name="Roles_field_label_text" time="0.042"/>
  <testcase classname="Testcases2.Users_Page_Testcases" name="Select_Staff_Option" time="0.306"/>
  <testcase classname="Testcases2.Users_Page_Testcases" name="Select_SuperAdmin_Option" time="0.183"/>
  <testcase classname="Testcases2.Users_Page_Testcases" name="Back_to_list_button_clickable" time="5.148"/>
  <testcase classname="Testcases2.Users_Page_Testcases" name="Search_field_Display" time="0.056"/>
  <testcase classname="Testcases2.Users_Page_Testcases" name="Check_Roles_field_display" time="0.075"/>
  <testcase classname="Testcases2.Users_Page_Testcases" name="Check_Roles_dropdown_clickable_and_select_value_from_dropdown" time="0.115"/>
  <testcase classname="Testcases2.Users_Page_Testcases" name="Add_Users_button_display" time="0.059"/>
  <testcase classname="Testcases2.Users_Page_Testcases" name="Clear_functinality_for_Search_field" time="25.347">
    <error message="null" type="java.lang.AssertionError">
      <![CDATA[java.lang.AssertionError: null
	at org.testng.Assert.fail(Assert.java:94)
	at org.testng.Assert.assertNotEquals(Assert.java:758)
	at org.testng.Assert.assertNotEquals(Assert.java:763)
	at Testcases2.Users_Page_Testcases.Clear_functinality_for_Search_field(Users_Page_Testcases.java:167)
	at java.base/jdk.internal.reflect.NativeMethodAccessorImpl.invoke0(Native Method)
	at java.base/jdk.internal.reflect.NativeMethodAccessorImpl.invoke(NativeMethodAccessorImpl.java:78)
	at java.base/jdk.internal.reflect.DelegatingMethodAccessorImpl.invoke(DelegatingMethodAccessorImpl.java:43)
	at java.base/java.lang.reflect.Method.invoke(Method.java:567)
	at org.testng.internal.MethodInvocationHelper.invokeMethod(MethodInvocationHelper.java:80)
	at org.testng.internal.Invoker.invokeMethod(Invoker.java:714)
	at org.testng.internal.Invoker.invokeTestMethod(Invoker.java:901)
	at org.testng.internal.Invoker.invokeTestMethods(Invoker.java:1231)
	at org.testng.internal.TestMethodWorker.invokeTestMethods(TestMethodWorker.java:127)
	at org.testng.internal.TestMethodWorker.run(TestMethodWorker.java:111)
	at org.testng.TestRunner.privateRun(TestRunner.java:767)
	at org.testng.TestRunner.run(TestRunner.java:617)
	at org.testng.SuiteRunner.runTest(SuiteRunner.java:334)
	at org.testng.SuiteRunner.runSequentially(SuiteRunner.java:329)
	at org.testng.SuiteRunner.privateRun(SuiteRunner.java:291)
	at org.testng.SuiteRunner.run(SuiteRunner.java:240)
	at org.testng.SuiteRunnerWorker.runSuite(SuiteRunnerWorker.java:52)
	at org.testng.SuiteRunnerWorker.run(SuiteRunnerWorker.java:86)
	at org.testng.TestNG.runSuitesSequentially(TestNG.java:1198)
	at org.testng.TestNG.runSuitesLocally(TestNG.java:1123)
	at org.testng.TestNG.run(TestNG.java:1031)
	at org.testng.remote.AbstractRemoteTestNG.run(AbstractRemoteTestNG.java:115)
	at org.testng.remote.RemoteTestNG.initAndRun(RemoteTestNG.java:251)
	at org.testng.remote.RemoteTestNG.main(RemoteTestNG.java:77)
]]>
    </error>
  </testcase> <!-- Clear_functinality_for_Search_field -->
  <testcase classname="Testcases2.Users_Page_Testcases" name="Check_Admin_menu_clickable" time="5.110"/>
  <testcase classname="Testcases2.Users_Page_Testcases" name="Check_users_menu_Clickable" time="5.110"/>
  <testcase classname="Testcases2.Users_Page_Testcases" name="Select_Customer_Option" time="0.327"/>
  <testcase classname="Testcases2.Users_Page_Testcases" name="search_functionality" time="7.368"/>
  <testcase classname="Testcases2.Users_Page_Testcases" name="Select_Support_Option" time="0.210"/>
  <testcase classname="Testcases2.Users_Page_Testcases" name="Select_Merchant_Option" time="0.211"/>
  <testcase classname="Testcases2.Users_Page_Testcases" name="login" time="11.366"/>
  <testcase classname="Testcases2.Users_Page_Testcases" name="Back_to_list_button_on_User_Profile_Page" time="0.047"/>
  <testcase classname="Testcases2.Users_Page_Testcases" name="Select_Partner_Option" time="0.332"/>
  <testcase classname="Testcases2.Users_Page_Testcases" name="Search_button_display" time="0.057"/>
  <testcase classname="Testcases2.Users_Page_Testcases" name="edit_User_icon_display" time="0.045"/>
  <testcase classname="Testcases2.Users_Page_Testcases" name="Search_field_editable" time="14.120"/>
  <testcase classname="Testcases2.Users_Page_Testcases" name="Select_Admin_Option" time="0.234"/>
  <testcase classname="Testcases2.Users_Page_Testcases" name="Back_to_list_button_display" time="10.272"/>
  <testcase classname="Testcases2.Users_Page_Testcases" name="Clear_functinality_for_roles_field" time="10.458"/>
  <testcase classname="Testcases2.Users_Page_Testcases" name="Clear_functinality_for_roles_and_Search_field" time="10.633"/>
</testsuite> <!-- Testcases2.Users_Page_Testcases -->
