<?xml version="1.0" encoding="UTF-8"?>
<!-- Generated by org.testng.reporters.JUnitReportReporter -->
<testsuite hostname="DESKTOP-P4GJM8J" failures="0" tests="18" name="Testcases2.Profile_Page_Testcases" time="100.024" errors="1" timestamp="2022-06-05T14:02:14 IST" skipped="0">
  <testcase classname="Testcases2.Profile_Page_Testcases" name="Login" time="13.206"/>
  <system-out/>
  <testcase classname="Testcases2.Profile_Page_Testcases" name="Right_top_corner_profile_visibility" time="0.143"/>
  <system-out/>
  <testcase classname="Testcases2.Profile_Page_Testcases" name="Check_Right_top_corner_profile_name_clickable" time="11.447"/>
  <system-out/>
  <testcase classname="Testcases2.Profile_Page_Testcases" name="Check_Profile_icon_visibility" time="0.101"/>
  <system-out/>
  <testcase classname="Testcases2.Profile_Page_Testcases" name="Check_Profile_icon_Clickable" time="16.172"/>
  <system-out/>
  <testcase classname="Testcases2.Profile_Page_Testcases" name="Check_profile_webpage_title" time="0.034"/>
  <system-out/>
  <testcase classname="Testcases2.Profile_Page_Testcases" name="check_profile_page_header" time="0.061"/>
  <system-out/>
  <testcase classname="Testcases2.Profile_Page_Testcases" name="Check_profile_form_title_display" time="0.088"/>
  <system-out/>
  <testcase classname="Testcases2.Profile_Page_Testcases" name="Check_profile_form_title_text" time="0.040"/>
  <system-out/>
  <testcase classname="Testcases2.Profile_Page_Testcases" name="Check_update_button_visibility" time="0.048"/>
  <system-out/>
  <testcase classname="Testcases2.Profile_Page_Testcases" name="Check_update_button_text" time="0.041"/>
  <system-out/>
  <testcase classname="Testcases2.Profile_Page_Testcases" name="update_functinality_without_change" time="5.219"/>
  <system-out/>
  <testcase classname="Testcases2.Profile_Page_Testcases" name="update_functinality" time="14.080"/>
  <system-out/>
  <testcase classname="Testcases2.Profile_Page_Testcases" name="Check_username_email_phonenumber_role_field_disabled" time="0.837"/>
  <system-out/>
  <testcase classname="Testcases2.Profile_Page_Testcases" name="check_on_add_partner_page_mandatory_field_contain_mandatory_message" time="9.305">
    <error message="no such element: Unable to locate element: {&quot;method&quot;:&quot;xpath&quot;,&quot;selector&quot;:&quot;//small[contains(text(),&#039;First Name is required.&#039;)]&quot;}
  (Session info: chrome=102.0.5005.63)
For documentation on this error, please visit: https://selenium.dev/exceptions/#no_such_element
Build info: version: &#039;4.1.3&#039;, revision: &#039;7b1ebf28ef&#039;
System info: host: &#039;DESKTOP-P4GJM8J&#039;, ip: &#039;192.168.43.59&#039;, os.name: &#039;Windows 10&#039;, os.arch: &#039;amd64&#039;, os.version: &#039;10.0&#039;, java.version: &#039;16.0.2&#039;
Driver info: org.openqa.selenium.chrome.ChromeDriver
Command: [57338cfa468941e368d607bc255b6117, findElement {using=xpath, value=//small[contains(text(),&#039;First Name is required.&#039;)]}]
Capabilities {acceptInsecureCerts: false, browserName: chrome, browserVersion: 102.0.5005.63, chrome: {chromedriverVersion: 101.0.4951.41 (93c720db8323..., userDataDir: C:\Users\Ramesh\AppData\Loc...}, goog:chromeOptions: {debuggerAddress: localhost:49189}, javascriptEnabled: true, networkConnectionEnabled: false, pageLoadStrategy: normal, platform: WINDOWS, platformName: WINDOWS, proxy: Proxy(), se:cdp: ws://localhost:49189/devtoo..., se:cdpVersion: 102.0.5005.63, setWindowRect: true, strictFileInteractability: false, timeouts: {implicit: 0, pageLoad: 300000, script: 30000}, unhandledPromptBehavior: dismiss and notify, webauthn:extension:credBlob: true, webauthn:extension:largeBlob: true, webauthn:virtualAuthenticators: true}
Session ID: 57338cfa468941e368d607bc255b6117" type="org.openqa.selenium.NoSuchElementException">
      <![CDATA[org.openqa.selenium.NoSuchElementException: no such element: Unable to locate element: {"method":"xpath","selector":"//small[contains(text(),'First Name is required.')]"}
  (Session info: chrome=102.0.5005.63)
For documentation on this error, please visit: https://selenium.dev/exceptions/#no_such_element
Build info: version: '4.1.3', revision: '7b1ebf28ef'
System info: host: 'DESKTOP-P4GJM8J', ip: '192.168.43.59', os.name: 'Windows 10', os.arch: 'amd64', os.version: '10.0', java.version: '16.0.2'
Driver info: org.openqa.selenium.chrome.ChromeDriver
Command: [57338cfa468941e368d607bc255b6117, findElement {using=xpath, value=//small[contains(text(),'First Name is required.')]}]
Capabilities {acceptInsecureCerts: false, browserName: chrome, browserVersion: 102.0.5005.63, chrome: {chromedriverVersion: 101.0.4951.41 (93c720db8323..., userDataDir: C:\Users\Ramesh\AppData\Loc...}, goog:chromeOptions: {debuggerAddress: localhost:49189}, javascriptEnabled: true, networkConnectionEnabled: false, pageLoadStrategy: normal, platform: WINDOWS, platformName: WINDOWS, proxy: Proxy(), se:cdp: ws://localhost:49189/devtoo..., se:cdpVersion: 102.0.5005.63, setWindowRect: true, strictFileInteractability: false, timeouts: {implicit: 0, pageLoad: 300000, script: 30000}, unhandledPromptBehavior: dismiss and notify, webauthn:extension:credBlob: true, webauthn:extension:largeBlob: true, webauthn:virtualAuthenticators: true}
Session ID: 57338cfa468941e368d607bc255b6117
at java.base/jdk.internal.reflect.NativeConstructorAccessorImpl.newInstance0(Native Method)
at java.base/jdk.internal.reflect.NativeConstructorAccessorImpl.newInstance(NativeConstructorAccessorImpl.java:78)
at java.base/jdk.internal.reflect.DelegatingConstructorAccessorImpl.newInstance(DelegatingConstructorAccessorImpl.java:45)
at java.base/java.lang.reflect.Constructor.newInstanceWithCaller(Constructor.java:499)
at java.base/java.lang.reflect.Constructor.newInstance(Constructor.java:480)
at org.openqa.selenium.remote.codec.w3c.W3CHttpResponseCodec.createException(W3CHttpResponseCodec.java:200)
at org.openqa.selenium.remote.codec.w3c.W3CHttpResponseCodec.decode(W3CHttpResponseCodec.java:133)
at org.openqa.selenium.remote.codec.w3c.W3CHttpResponseCodec.decode(W3CHttpResponseCodec.java:53)
at org.openqa.selenium.remote.HttpCommandExecutor.execute(HttpCommandExecutor.java:184)
at org.openqa.selenium.remote.service.DriverCommandExecutor.invokeExecute(DriverCommandExecutor.java:167)
at org.openqa.selenium.remote.service.DriverCommandExecutor.execute(DriverCommandExecutor.java:142)
at org.openqa.selenium.remote.RemoteWebDriver.execute(RemoteWebDriver.java:567)
at org.openqa.selenium.remote.ElementLocation$ElementFinder$2.findElement(ElementLocation.java:162)
at org.openqa.selenium.remote.ElementLocation.findElement(ElementLocation.java:60)
at org.openqa.selenium.remote.RemoteWebDriver.findElement(RemoteWebDriver.java:385)
at org.openqa.selenium.remote.RemoteWebDriver.findElement(RemoteWebDriver.java:377)
at Testcases2.Profile_Page_Testcases.check_on_add_partner_page_mandatory_field_contain_mandatory_message(Profile_Page_Testcases.java:215)
at java.base/jdk.internal.reflect.NativeMethodAccessorImpl.invoke0(Native Method)
at java.base/jdk.internal.reflect.NativeMethodAccessorImpl.invoke(NativeMethodAccessorImpl.java:78)
at java.base/jdk.internal.reflect.DelegatingMethodAccessorImpl.invoke(DelegatingMethodAccessorImpl.java:43)
at java.base/java.lang.reflect.Method.invoke(Method.java:567)
at org.testng.internal.MethodInvocationHelper.invokeMethod(MethodInvocationHelper.java:133)
at org.testng.internal.TestInvoker.invokeMethod(TestInvoker.java:598)
at org.testng.internal.TestInvoker.invokeTestMethod(TestInvoker.java:173)
at org.testng.internal.MethodRunner.runInSequence(MethodRunner.java:46)
at org.testng.internal.TestInvoker$MethodInvocationAgent.invoke(TestInvoker.java:824)
at org.testng.internal.TestInvoker.invokeTestMethods(TestInvoker.java:146)
at org.testng.internal.TestMethodWorker.invokeTestMethods(TestMethodWorker.java:146)
at org.testng.internal.TestMethodWorker.run(TestMethodWorker.java:128)
at java.base/java.util.ArrayList.forEach(ArrayList.java:1511)
at org.testng.TestRunner.privateRun(TestRunner.java:794)
at org.testng.TestRunner.run(TestRunner.java:596)
at org.testng.SuiteRunner.runTest(SuiteRunner.java:377)
at org.testng.SuiteRunner.runSequentially(SuiteRunner.java:371)
at org.testng.SuiteRunner.privateRun(SuiteRunner.java:332)
at org.testng.SuiteRunner.run(SuiteRunner.java:276)
at org.testng.SuiteRunnerWorker.runSuite(SuiteRunnerWorker.java:53)
at org.testng.SuiteRunnerWorker.run(SuiteRunnerWorker.java:96)
at org.testng.TestNG.runSuitesSequentially(TestNG.java:1212)
at org.testng.TestNG.runSuitesLocally(TestNG.java:1134)
at org.testng.TestNG.runSuites(TestNG.java:1063)
at org.testng.TestNG.run(TestNG.java:1031)
at org.testng.remote.AbstractRemoteTestNG.run(AbstractRemoteTestNG.java:115)
at org.testng.remote.RemoteTestNG.initAndRun(RemoteTestNG.java:251)
at org.testng.remote.RemoteTestNG.main(RemoteTestNG.java:77)
]]>
    </error>
  </testcase> <!-- check_on_add_partner_page_mandatory_field_contain_mandatory_message -->
  <system-out/>
  <testcase classname="Testcases2.Profile_Page_Testcases" name="Check_Web_Application_menu_visibility" time="6.149"/>
  <system-out/>
  <testcase classname="Testcases2.Profile_Page_Testcases" name="Check_Web_Application_profile_menu_visibility" time="0.055"/>
  <system-out/>
  <testcase classname="Testcases2.Profile_Page_Testcases" name="navigate_to_profile_page_using_menu" time="22.998"/>
  <system-out/>
</testsuite> <!-- Testcases2.Profile_Page_Testcases -->
