<?xml version="1.0" encoding="UTF-8"?>
<!-- Generated by org.testng.reporters.JUnitReportReporter -->
<testsuite hostname="DESKTOP-P4GJM8J" failures="1" tests="35" name="Testcases2.Admin_Merchants_Reastaurant_Page_Testcases" time="152.314" errors="3" timestamp="11 May 2022 12:16:52 GMT">
  <testcase classname="Testcases2.Admin_Merchants_Reastaurant_Page_Testcases" name="Select_state_option_from_dropdownlist" time="0.721"/>
  <testcase classname="Testcases2.Admin_Merchants_Reastaurant_Page_Testcases" name="City_field_label_text" time="7.087"/>
  <testcase classname="Testcases2.Admin_Merchants_Reastaurant_Page_Testcases" name="add_restaurant" time="48.590">
    <failure message="Cannot locate option with text: Achalpur
For documentation on this error, please visit: https://selenium.dev/exceptions/#no_such_element
Build info: version: &#039;4.0.0-alpha-4&#039;, revision: &#039;c2d955b49e&#039;
System info: host: &#039;DESKTOP-P4GJM8J&#039;, ip: &#039;192.168.0.161&#039;, os.name: &#039;Windows 10&#039;, os.arch: &#039;amd64&#039;, os.version: &#039;10.0&#039;, java.version: &#039;16.0.2&#039;
Driver info: driver.version: unknown" type="org.openqa.selenium.NoSuchElementException">
      <![CDATA[org.openqa.selenium.NoSuchElementException: Cannot locate option with text: Achalpur
For documentation on this error, please visit: https://selenium.dev/exceptions/#no_such_element
Build info: version: '4.0.0-alpha-4', revision: 'c2d955b49e'
System info: host: 'DESKTOP-P4GJM8J', ip: '192.168.0.161', os.name: 'Windows 10', os.arch: 'amd64', os.version: '10.0', java.version: '16.0.2'
Driver info: driver.version: unknown
	at org.openqa.selenium.support.ui.Select.selectByVisibleText(Select.java:148)
	at Testcases2.Admin_Merchants_Reastaurant_Page_Testcases.add_restaurant(Admin_Merchants_Reastaurant_Page_Testcases.java:382)
	at java.base/jdk.internal.reflect.NativeMethodAccessorImpl.invoke0(Native Method)
	at java.base/jdk.internal.reflect.NativeMethodAccessorImpl.invoke(NativeMethodAccessorImpl.java:78)
	at java.base/jdk.internal.reflect.DelegatingMethodAccessorImpl.invoke(DelegatingMethodAccessorImpl.java:43)
	at java.base/java.lang.reflect.Method.invoke(Method.java:567)
	at org.testng.internal.MethodInvocationHelper.invokeMethod(MethodInvocationHelper.java:80)
	at org.testng.internal.Invoker.invokeMethod(Invoker.java:714)
	at org.testng.internal.Invoker.invokeTestMethod(Invoker.java:901)
	at org.testng.internal.Invoker.invokeTestMethods(Invoker.java:1231)
	at org.testng.internal.TestMethodWorker.invokeTestMethods(TestMethodWorker.java:127)
	at org.testng.internal.TestMethodWorker.run(TestMethodWorker.java:111)
	at org.testng.TestRunner.privateRun(TestRunner.java:767)
	at org.testng.TestRunner.run(TestRunner.java:617)
	at org.testng.SuiteRunner.runTest(SuiteRunner.java:334)
	at org.testng.SuiteRunner.runSequentially(SuiteRunner.java:329)
	at org.testng.SuiteRunner.privateRun(SuiteRunner.java:291)
	at org.testng.SuiteRunner.run(SuiteRunner.java:240)
	at org.testng.SuiteRunnerWorker.runSuite(SuiteRunnerWorker.java:52)
	at org.testng.SuiteRunnerWorker.run(SuiteRunnerWorker.java:86)
	at org.testng.TestNG.runSuitesSequentially(TestNG.java:1198)
	at org.testng.TestNG.runSuitesLocally(TestNG.java:1123)
	at org.testng.TestNG.run(TestNG.java:1031)
	at org.testng.remote.AbstractRemoteTestNG.run(AbstractRemoteTestNG.java:115)
	at org.testng.remote.RemoteTestNG.initAndRun(RemoteTestNG.java:251)
	at org.testng.remote.RemoteTestNG.main(RemoteTestNG.java:77)
]]>
    </failure>
  </testcase> <!-- add_restaurant -->
  <testcase classname="Testcases2.Admin_Merchants_Reastaurant_Page_Testcases" name="check_Merchants_page_header" time="0.069"/>
  <testcase classname="Testcases2.Admin_Merchants_Reastaurant_Page_Testcases" name="placeholder_text_of_State_field" time="0.150"/>
  <testcase classname="Testcases2.Admin_Merchants_Reastaurant_Page_Testcases" name="Select_InActive_Status_Type" time="0.275"/>
  <testcase classname="Testcases2.Admin_Merchants_Reastaurant_Page_Testcases" name="Login" time="19.699"/>
  <testcase classname="Testcases2.Admin_Merchants_Reastaurant_Page_Testcases" name="Merchants_field_label_text" time="0.052"/>
  <testcase classname="Testcases2.Admin_Merchants_Reastaurant_Page_Testcases" name="Check_Merchant_field_display" time="0.068"/>
  <testcase classname="Testcases2.Admin_Merchants_Reastaurant_Page_Testcases" name="Select_Reastaurant_Merchant_Type" time="0.343"/>
  <testcase classname="Testcases2.Admin_Merchants_Reastaurant_Page_Testcases" name="Search_functionlity" time="0.134"/>
  <testcase classname="Testcases2.Admin_Merchants_Reastaurant_Page_Testcases" name="Check_Status_field_display" time="0.056"/>
  <testcase classname="Testcases2.Admin_Merchants_Reastaurant_Page_Testcases" name="placeholder_text_of_Status_field" time="0.182"/>
  <testcase classname="Testcases2.Admin_Merchants_Reastaurant_Page_Testcases" name="Check_State_field_display" time="0.048"/>
  <testcase classname="Testcases2.Admin_Merchants_Reastaurant_Page_Testcases" name="Select_Hotel_Merchant_Type" time="0.406"/>
  <testcase classname="Testcases2.Admin_Merchants_Reastaurant_Page_Testcases" name="Status_field_label_text" time="0.047"/>
  <testcase classname="Testcases2.Admin_Merchants_Reastaurant_Page_Testcases" name="placeholder_text_of_Merchants_field" time="0.185"/>
  <testcase classname="Testcases2.Admin_Merchants_Reastaurant_Page_Testcases" name="Select_Active_Status_Type" time="0.333"/>
  <testcase classname="Testcases2.Admin_Merchants_Reastaurant_Page_Testcases" name="Check_Merchants_menu_Clickable" time="5.116"/>
  <testcase classname="Testcases2.Admin_Merchants_Reastaurant_Page_Testcases" name="State_field_label_text" time="0.042"/>
  <testcase classname="Testcases2.Admin_Merchants_Reastaurant_Page_Testcases" name="Check_City_field_display" time="0.053"/>
  <testcase classname="Testcases2.Admin_Merchants_Reastaurant_Page_Testcases" name="Check_Add_merchant_icon_display" time="0.049"/>
  <testcase classname="Testcases2.Admin_Merchants_Reastaurant_Page_Testcases" name="Check_Searh_icon_display" time="0.055"/>
  <testcase classname="Testcases2.Admin_Merchants_Reastaurant_Page_Testcases" name="Check_Searh_field_display" time="7.090"/>
  <testcase classname="Testcases2.Admin_Merchants_Reastaurant_Page_Testcases" name="Check_Clear_field_display" time="10.086"/>
  <testcase classname="Testcases2.Admin_Merchants_Reastaurant_Page_Testcases" name="Check_Add_merchant_icon_clickable" time="10.322"/>
  <testcase classname="Testcases2.Admin_Merchants_Reastaurant_Page_Testcases" name="Clear_functionlity" time="13.340">
    <error message="null" type="java.lang.AssertionError">
      <![CDATA[java.lang.AssertionError: null
	at org.testng.Assert.fail(Assert.java:94)
	at org.testng.Assert.assertNotEquals(Assert.java:758)
	at org.testng.Assert.assertNotEquals(Assert.java:763)
	at Testcases2.Admin_Merchants_Reastaurant_Page_Testcases.Clear_functionlity(Admin_Merchants_Reastaurant_Page_Testcases.java:316)
	at java.base/jdk.internal.reflect.NativeMethodAccessorImpl.invoke0(Native Method)
	at java.base/jdk.internal.reflect.NativeMethodAccessorImpl.invoke(NativeMethodAccessorImpl.java:78)
	at java.base/jdk.internal.reflect.DelegatingMethodAccessorImpl.invoke(DelegatingMethodAccessorImpl.java:43)
	at java.base/java.lang.reflect.Method.invoke(Method.java:567)
	at org.testng.internal.MethodInvocationHelper.invokeMethod(MethodInvocationHelper.java:80)
	at org.testng.internal.Invoker.invokeMethod(Invoker.java:714)
	at org.testng.internal.Invoker.invokeTestMethod(Invoker.java:901)
	at org.testng.internal.Invoker.invokeTestMethods(Invoker.java:1231)
	at org.testng.internal.TestMethodWorker.invokeTestMethods(TestMethodWorker.java:127)
	at org.testng.internal.TestMethodWorker.run(TestMethodWorker.java:111)
	at org.testng.TestRunner.privateRun(TestRunner.java:767)
	at org.testng.TestRunner.run(TestRunner.java:617)
	at org.testng.SuiteRunner.runTest(SuiteRunner.java:334)
	at org.testng.SuiteRunner.runSequentially(SuiteRunner.java:329)
	at org.testng.SuiteRunner.privateRun(SuiteRunner.java:291)
	at org.testng.SuiteRunner.run(SuiteRunner.java:240)
	at org.testng.SuiteRunnerWorker.runSuite(SuiteRunnerWorker.java:52)
	at org.testng.SuiteRunnerWorker.run(SuiteRunnerWorker.java:86)
	at org.testng.TestNG.runSuitesSequentially(TestNG.java:1198)
	at org.testng.TestNG.runSuitesLocally(TestNG.java:1123)
	at org.testng.TestNG.run(TestNG.java:1031)
	at org.testng.remote.AbstractRemoteTestNG.run(AbstractRemoteTestNG.java:115)
	at org.testng.remote.RemoteTestNG.initAndRun(RemoteTestNG.java:251)
	at org.testng.remote.RemoteTestNG.main(RemoteTestNG.java:77)
]]>
    </error>
  </testcase> <!-- Clear_functionlity -->
  <testcase classname="Testcases2.Admin_Merchants_Reastaurant_Page_Testcases" name="Check_Merchants_menu_display" time="0.120"/>
  <testcase classname="Testcases2.Admin_Merchants_Reastaurant_Page_Testcases" name="placeholder_text_of_City_field" time="0.231"/>
  <testcase classname="Testcases2.Admin_Merchants_Reastaurant_Page_Testcases" name="Check_Add_merchant_button_clickable" time="5.272"/>
  <testcase classname="Testcases2.Admin_Merchants_Reastaurant_Page_Testcases" name="Check_Add_merchant_button_display" time="0.086"/>
  <testcase classname="Testcases2.Admin_Merchants_Reastaurant_Page_Testcases" name="Check_Admin_menu_clickable" time="5.650"/>
  <testcase classname="Testcases2.Admin_Merchants_Reastaurant_Page_Testcases" name="Check_Merchants_webpage_title" time="0.022">
    <error message="expected [WAIU - Merchants] but found [WAIU - Merchants (v-1.0.6)]" type="java.lang.AssertionError">
      <![CDATA[java.lang.AssertionError: expected [WAIU - Merchants] but found [WAIU - Merchants (v-1.0.6)]
	at org.testng.Assert.fail(Assert.java:94)
	at org.testng.Assert.failNotEquals(Assert.java:494)
	at org.testng.Assert.assertEquals(Assert.java:123)
	at org.testng.Assert.assertEquals(Assert.java:176)
	at org.testng.Assert.assertEquals(Assert.java:186)
	at Testcases2.Admin_Merchants_Reastaurant_Page_Testcases.Check_Merchants_webpage_title(Admin_Merchants_Reastaurant_Page_Testcases.java:72)
	at java.base/jdk.internal.reflect.NativeMethodAccessorImpl.invoke0(Native Method)
	at java.base/jdk.internal.reflect.NativeMethodAccessorImpl.invoke(NativeMethodAccessorImpl.java:78)
	at java.base/jdk.internal.reflect.DelegatingMethodAccessorImpl.invoke(DelegatingMethodAccessorImpl.java:43)
	at java.base/java.lang.reflect.Method.invoke(Method.java:567)
	at org.testng.internal.MethodInvocationHelper.invokeMethod(MethodInvocationHelper.java:80)
	at org.testng.internal.Invoker.invokeMethod(Invoker.java:714)
	at org.testng.internal.Invoker.invokeTestMethod(Invoker.java:901)
	at org.testng.internal.Invoker.invokeTestMethods(Invoker.java:1231)
	at org.testng.internal.TestMethodWorker.invokeTestMethods(TestMethodWorker.java:127)
	at org.testng.internal.TestMethodWorker.run(TestMethodWorker.java:111)
	at org.testng.TestRunner.privateRun(TestRunner.java:767)
	at org.testng.TestRunner.run(TestRunner.java:617)
	at org.testng.SuiteRunner.runTest(SuiteRunner.java:334)
	at org.testng.SuiteRunner.runSequentially(SuiteRunner.java:329)
	at org.testng.SuiteRunner.privateRun(SuiteRunner.java:291)
	at org.testng.SuiteRunner.run(SuiteRunner.java:240)
	at org.testng.SuiteRunnerWorker.runSuite(SuiteRunnerWorker.java:52)
	at org.testng.SuiteRunnerWorker.run(SuiteRunnerWorker.java:86)
	at org.testng.TestNG.runSuitesSequentially(TestNG.java:1198)
	at org.testng.TestNG.runSuitesLocally(TestNG.java:1123)
	at org.testng.TestNG.run(TestNG.java:1031)
	at org.testng.remote.AbstractRemoteTestNG.run(AbstractRemoteTestNG.java:115)
	at org.testng.remote.RemoteTestNG.initAndRun(RemoteTestNG.java:251)
	at org.testng.remote.RemoteTestNG.main(RemoteTestNG.java:77)
]]>
    </error>
  </testcase> <!-- Check_Merchants_webpage_title -->
  <testcase classname="Testcases2.Admin_Merchants_Reastaurant_Page_Testcases" name="placeholder_text_of_Search_field" time="10.085">
    <error message="expected [Search Keyword] but found []" type="java.lang.AssertionError">
      <![CDATA[java.lang.AssertionError: expected [Search Keyword] but found []
	at org.testng.Assert.fail(Assert.java:94)
	at org.testng.Assert.failNotEquals(Assert.java:494)
	at org.testng.Assert.assertEquals(Assert.java:123)
	at org.testng.Assert.assertEquals(Assert.java:176)
	at org.testng.Assert.assertEquals(Assert.java:186)
	at Testcases2.Admin_Merchants_Reastaurant_Page_Testcases.placeholder_text_of_Search_field(Admin_Merchants_Reastaurant_Page_Testcases.java:285)
	at java.base/jdk.internal.reflect.NativeMethodAccessorImpl.invoke0(Native Method)
	at java.base/jdk.internal.reflect.NativeMethodAccessorImpl.invoke(NativeMethodAccessorImpl.java:78)
	at java.base/jdk.internal.reflect.DelegatingMethodAccessorImpl.invoke(DelegatingMethodAccessorImpl.java:43)
	at java.base/java.lang.reflect.Method.invoke(Method.java:567)
	at org.testng.internal.MethodInvocationHelper.invokeMethod(MethodInvocationHelper.java:80)
	at org.testng.internal.Invoker.invokeMethod(Invoker.java:714)
	at org.testng.internal.Invoker.invokeTestMethod(Invoker.java:901)
	at org.testng.internal.Invoker.invokeTestMethods(Invoker.java:1231)
	at org.testng.internal.TestMethodWorker.invokeTestMethods(TestMethodWorker.java:127)
	at org.testng.internal.TestMethodWorker.run(TestMethodWorker.java:111)
	at org.testng.TestRunner.privateRun(TestRunner.java:767)
	at org.testng.TestRunner.run(TestRunner.java:617)
	at org.testng.SuiteRunner.runTest(SuiteRunner.java:334)
	at org.testng.SuiteRunner.runSequentially(SuiteRunner.java:329)
	at org.testng.SuiteRunner.privateRun(SuiteRunner.java:291)
	at org.testng.SuiteRunner.run(SuiteRunner.java:240)
	at org.testng.SuiteRunnerWorker.runSuite(SuiteRunnerWorker.java:52)
	at org.testng.SuiteRunnerWorker.run(SuiteRunnerWorker.java:86)
	at org.testng.TestNG.runSuitesSequentially(TestNG.java:1198)
	at org.testng.TestNG.runSuitesLocally(TestNG.java:1123)
	at org.testng.TestNG.run(TestNG.java:1031)
	at org.testng.remote.AbstractRemoteTestNG.run(AbstractRemoteTestNG.java:115)
	at org.testng.remote.RemoteTestNG.initAndRun(RemoteTestNG.java:251)
	at org.testng.remote.RemoteTestNG.main(RemoteTestNG.java:77)
]]>
    </error>
  </testcase> <!-- placeholder_text_of_Search_field -->
  <testcase classname="Testcases2.Admin_Merchants_Reastaurant_Page_Testcases" name="Select_City_option_from_dropdownlist" time="6.250"/>
</testsuite> <!-- Testcases2.Admin_Merchants_Reastaurant_Page_Testcases -->
